[2022-11-05 14:16:06,093] {scheduler_job.py:182} INFO - Started process (PID=73) to work on /opt/airflow/dags/texas_dags.py
[2022-11-05 14:16:06,099] {scheduler_job.py:629} INFO - Processing file /opt/airflow/dags/texas_dags.py for tasks to queue
[2022-11-05 14:16:06,115] {logging_mixin.py:104} INFO - [2022-11-05 14:16:06,114] {dagbag.py:448} INFO - Filling up the DagBag from /opt/airflow/dags/texas_dags.py
[2022-11-05 14:16:06,202] {scheduler_job.py:639} INFO - DAG(s) dict_keys(['get_tax_receipts']) retrieved from /opt/airflow/dags/texas_dags.py
[2022-11-05 14:16:06,265] {logging_mixin.py:104} INFO - [2022-11-05 14:16:06,264] {dag.py:1818} INFO - Sync 1 DAGs
[2022-11-05 14:16:06,303] {logging_mixin.py:104} INFO - [2022-11-05 14:16:06,302] {dag.py:1837} INFO - Creating ORM DAG for get_tax_receipts
[2022-11-05 14:16:06,324] {logging_mixin.py:104} INFO - [2022-11-05 14:16:06,323] {dag.py:2273} INFO - Setting next_dagrun for get_tax_receipts to 2022-11-04T14:16:06.162513+00:00
[2022-11-05 14:16:06,370] {scheduler_job.py:190} INFO - Processing /opt/airflow/dags/texas_dags.py took 0.286 seconds
[2022-11-05 14:16:37,050] {scheduler_job.py:182} INFO - Started process (PID=125) to work on /opt/airflow/dags/texas_dags.py
[2022-11-05 14:16:37,060] {scheduler_job.py:629} INFO - Processing file /opt/airflow/dags/texas_dags.py for tasks to queue
[2022-11-05 14:16:37,068] {logging_mixin.py:104} INFO - [2022-11-05 14:16:37,067] {dagbag.py:448} INFO - Filling up the DagBag from /opt/airflow/dags/texas_dags.py
[2022-11-05 14:16:37,162] {scheduler_job.py:639} INFO - DAG(s) dict_keys(['get_tax_receipts']) retrieved from /opt/airflow/dags/texas_dags.py
[2022-11-05 14:16:37,390] {logging_mixin.py:104} INFO - [2022-11-05 14:16:37,389] {dag.py:1818} INFO - Sync 1 DAGs
[2022-11-05 14:16:37,504] {logging_mixin.py:104} INFO - [2022-11-05 14:16:37,504] {dag.py:2273} INFO - Setting next_dagrun for get_tax_receipts to 2022-11-04T14:16:37.097526+00:00
[2022-11-05 14:16:37,565] {scheduler_job.py:190} INFO - Processing /opt/airflow/dags/texas_dags.py took 0.534 seconds
[2022-11-05 14:17:08,932] {scheduler_job.py:182} INFO - Started process (PID=177) to work on /opt/airflow/dags/texas_dags.py
[2022-11-05 14:17:08,937] {scheduler_job.py:629} INFO - Processing file /opt/airflow/dags/texas_dags.py for tasks to queue
[2022-11-05 14:17:08,948] {logging_mixin.py:104} INFO - [2022-11-05 14:17:08,948] {dagbag.py:448} INFO - Filling up the DagBag from /opt/airflow/dags/texas_dags.py
[2022-11-05 14:17:09,014] {scheduler_job.py:639} INFO - DAG(s) dict_keys(['get_tax_receipts']) retrieved from /opt/airflow/dags/texas_dags.py
[2022-11-05 14:17:09,167] {logging_mixin.py:104} INFO - [2022-11-05 14:17:09,166] {dag.py:1818} INFO - Sync 1 DAGs
[2022-11-05 14:17:09,313] {logging_mixin.py:104} INFO - [2022-11-05 14:17:09,312] {dag.py:2273} INFO - Setting next_dagrun for get_tax_receipts to 2022-11-04T14:17:08.965022+00:00
[2022-11-05 14:17:09,376] {scheduler_job.py:190} INFO - Processing /opt/airflow/dags/texas_dags.py took 0.459 seconds
[2022-11-05 14:17:40,048] {scheduler_job.py:182} INFO - Started process (PID=231) to work on /opt/airflow/dags/texas_dags.py
[2022-11-05 14:17:40,056] {scheduler_job.py:629} INFO - Processing file /opt/airflow/dags/texas_dags.py for tasks to queue
[2022-11-05 14:17:40,070] {logging_mixin.py:104} INFO - [2022-11-05 14:17:40,066] {dagbag.py:448} INFO - Filling up the DagBag from /opt/airflow/dags/texas_dags.py
[2022-11-05 14:17:40,186] {scheduler_job.py:639} INFO - DAG(s) dict_keys(['get_tax_receipts']) retrieved from /opt/airflow/dags/texas_dags.py
[2022-11-05 14:17:40,382] {logging_mixin.py:104} INFO - [2022-11-05 14:17:40,381] {dag.py:1818} INFO - Sync 1 DAGs
[2022-11-05 14:17:40,619] {logging_mixin.py:104} INFO - [2022-11-05 14:17:40,618] {dag.py:2273} INFO - Setting next_dagrun for get_tax_receipts to 2022-11-04T14:17:40.096670+00:00
[2022-11-05 14:17:40,757] {scheduler_job.py:190} INFO - Processing /opt/airflow/dags/texas_dags.py took 0.729 seconds
[2022-11-05 14:18:11,676] {scheduler_job.py:182} INFO - Started process (PID=287) to work on /opt/airflow/dags/texas_dags.py
[2022-11-05 14:18:11,684] {scheduler_job.py:629} INFO - Processing file /opt/airflow/dags/texas_dags.py for tasks to queue
[2022-11-05 14:18:11,689] {logging_mixin.py:104} INFO - [2022-11-05 14:18:11,688] {dagbag.py:448} INFO - Filling up the DagBag from /opt/airflow/dags/texas_dags.py
[2022-11-05 14:18:11,742] {scheduler_job.py:639} INFO - DAG(s) dict_keys(['get_tax_receipts']) retrieved from /opt/airflow/dags/texas_dags.py
[2022-11-05 14:18:11,894] {logging_mixin.py:104} INFO - [2022-11-05 14:18:11,893] {dag.py:1818} INFO - Sync 1 DAGs
[2022-11-05 14:18:11,989] {logging_mixin.py:104} INFO - [2022-11-05 14:18:11,989] {dag.py:2273} INFO - Setting next_dagrun for get_tax_receipts to 2022-11-04T14:18:11.705646+00:00
[2022-11-05 14:18:12,029] {scheduler_job.py:190} INFO - Processing /opt/airflow/dags/texas_dags.py took 0.367 seconds
[2022-11-05 14:18:42,277] {scheduler_job.py:182} INFO - Started process (PID=341) to work on /opt/airflow/dags/texas_dags.py
[2022-11-05 14:18:42,284] {scheduler_job.py:629} INFO - Processing file /opt/airflow/dags/texas_dags.py for tasks to queue
[2022-11-05 14:18:42,287] {logging_mixin.py:104} INFO - [2022-11-05 14:18:42,287] {dagbag.py:448} INFO - Filling up the DagBag from /opt/airflow/dags/texas_dags.py
[2022-11-05 14:18:42,320] {scheduler_job.py:639} INFO - DAG(s) dict_keys(['get_tax_receipts']) retrieved from /opt/airflow/dags/texas_dags.py
[2022-11-05 14:18:42,394] {logging_mixin.py:104} INFO - [2022-11-05 14:18:42,394] {dag.py:1818} INFO - Sync 1 DAGs
[2022-11-05 14:18:42,458] {logging_mixin.py:104} INFO - [2022-11-05 14:18:42,458] {dag.py:2273} INFO - Setting next_dagrun for get_tax_receipts to 2022-11-04T14:18:42.297999+00:00
[2022-11-05 14:18:42,495] {scheduler_job.py:190} INFO - Processing /opt/airflow/dags/texas_dags.py took 0.233 seconds
[2022-11-05 14:19:12,717] {scheduler_job.py:182} INFO - Started process (PID=395) to work on /opt/airflow/dags/texas_dags.py
[2022-11-05 14:19:12,721] {scheduler_job.py:629} INFO - Processing file /opt/airflow/dags/texas_dags.py for tasks to queue
[2022-11-05 14:19:12,725] {logging_mixin.py:104} INFO - [2022-11-05 14:19:12,724] {dagbag.py:448} INFO - Filling up the DagBag from /opt/airflow/dags/texas_dags.py
[2022-11-05 14:19:12,756] {scheduler_job.py:639} INFO - DAG(s) dict_keys(['get_tax_receipts']) retrieved from /opt/airflow/dags/texas_dags.py
[2022-11-05 14:19:12,831] {logging_mixin.py:104} INFO - [2022-11-05 14:19:12,831] {dag.py:1818} INFO - Sync 1 DAGs
[2022-11-05 14:19:12,891] {logging_mixin.py:104} INFO - [2022-11-05 14:19:12,890] {dag.py:2273} INFO - Setting next_dagrun for get_tax_receipts to 2022-11-04T14:19:12.735726+00:00
[2022-11-05 14:19:12,920] {scheduler_job.py:190} INFO - Processing /opt/airflow/dags/texas_dags.py took 0.212 seconds
[2022-11-05 14:19:43,409] {scheduler_job.py:182} INFO - Started process (PID=449) to work on /opt/airflow/dags/texas_dags.py
[2022-11-05 14:19:43,414] {scheduler_job.py:629} INFO - Processing file /opt/airflow/dags/texas_dags.py for tasks to queue
[2022-11-05 14:19:43,424] {logging_mixin.py:104} INFO - [2022-11-05 14:19:43,423] {dagbag.py:448} INFO - Filling up the DagBag from /opt/airflow/dags/texas_dags.py
[2022-11-05 14:19:43,458] {scheduler_job.py:639} INFO - DAG(s) dict_keys(['get_tax_receipts']) retrieved from /opt/airflow/dags/texas_dags.py
[2022-11-05 14:19:43,522] {logging_mixin.py:104} INFO - [2022-11-05 14:19:43,521] {dag.py:1818} INFO - Sync 1 DAGs
[2022-11-05 14:19:43,574] {logging_mixin.py:104} INFO - [2022-11-05 14:19:43,573] {dag.py:2273} INFO - Setting next_dagrun for get_tax_receipts to 2022-11-04T14:19:43.435089+00:00
[2022-11-05 14:19:43,603] {scheduler_job.py:190} INFO - Processing /opt/airflow/dags/texas_dags.py took 0.204 seconds
[2022-11-05 14:23:54,583] {scheduler_job.py:182} INFO - Started process (PID=47) to work on /opt/airflow/dags/texas_dags.py
[2022-11-05 14:23:54,597] {scheduler_job.py:629} INFO - Processing file /opt/airflow/dags/texas_dags.py for tasks to queue
[2022-11-05 14:23:54,602] {logging_mixin.py:104} INFO - [2022-11-05 14:23:54,602] {dagbag.py:448} INFO - Filling up the DagBag from /opt/airflow/dags/texas_dags.py
[2022-11-05 14:23:54,838] {scheduler_job.py:639} INFO - DAG(s) dict_keys(['get_tax_receipts']) retrieved from /opt/airflow/dags/texas_dags.py
[2022-11-05 14:23:54,982] {logging_mixin.py:104} INFO - [2022-11-05 14:23:54,981] {dag.py:1818} INFO - Sync 1 DAGs
[2022-11-05 14:23:55,110] {logging_mixin.py:104} INFO - [2022-11-05 14:23:55,109] {dag.py:2273} INFO - Setting next_dagrun for get_tax_receipts to 2022-11-04T14:23:54.632938+00:00
[2022-11-05 14:23:55,181] {scheduler_job.py:190} INFO - Processing /opt/airflow/dags/texas_dags.py took 0.644 seconds
[2022-11-05 14:24:25,385] {scheduler_job.py:182} INFO - Started process (PID=49) to work on /opt/airflow/dags/texas_dags.py
[2022-11-05 14:24:25,391] {scheduler_job.py:629} INFO - Processing file /opt/airflow/dags/texas_dags.py for tasks to queue
[2022-11-05 14:24:25,395] {logging_mixin.py:104} INFO - [2022-11-05 14:24:25,395] {dagbag.py:448} INFO - Filling up the DagBag from /opt/airflow/dags/texas_dags.py
[2022-11-05 14:24:25,438] {scheduler_job.py:639} INFO - DAG(s) dict_keys(['get_tax_receipts']) retrieved from /opt/airflow/dags/texas_dags.py
[2022-11-05 14:24:25,527] {logging_mixin.py:104} INFO - [2022-11-05 14:24:25,527] {dag.py:1818} INFO - Sync 1 DAGs
[2022-11-05 14:24:25,589] {logging_mixin.py:104} INFO - [2022-11-05 14:24:25,589] {dag.py:2273} INFO - Setting next_dagrun for get_tax_receipts to 2022-11-04T14:24:25.409403+00:00
[2022-11-05 14:24:25,640] {scheduler_job.py:190} INFO - Processing /opt/airflow/dags/texas_dags.py took 0.265 seconds
[2022-11-05 14:24:55,896] {scheduler_job.py:182} INFO - Started process (PID=51) to work on /opt/airflow/dags/texas_dags.py
[2022-11-05 14:24:55,903] {scheduler_job.py:629} INFO - Processing file /opt/airflow/dags/texas_dags.py for tasks to queue
[2022-11-05 14:24:55,912] {logging_mixin.py:104} INFO - [2022-11-05 14:24:55,911] {dagbag.py:448} INFO - Filling up the DagBag from /opt/airflow/dags/texas_dags.py
[2022-11-05 14:24:55,974] {scheduler_job.py:639} INFO - DAG(s) dict_keys(['get_tax_receipts']) retrieved from /opt/airflow/dags/texas_dags.py
[2022-11-05 14:24:56,098] {logging_mixin.py:104} INFO - [2022-11-05 14:24:56,097] {dag.py:1818} INFO - Sync 1 DAGs
[2022-11-05 14:24:56,172] {logging_mixin.py:104} INFO - [2022-11-05 14:24:56,171] {dag.py:2273} INFO - Setting next_dagrun for get_tax_receipts to 2022-11-04T14:24:55.929421+00:00
[2022-11-05 14:24:56,212] {scheduler_job.py:190} INFO - Processing /opt/airflow/dags/texas_dags.py took 0.332 seconds
[2022-11-05 14:25:26,490] {scheduler_job.py:182} INFO - Started process (PID=53) to work on /opt/airflow/dags/texas_dags.py
[2022-11-05 14:25:26,510] {scheduler_job.py:629} INFO - Processing file /opt/airflow/dags/texas_dags.py for tasks to queue
[2022-11-05 14:25:26,524] {logging_mixin.py:104} INFO - [2022-11-05 14:25:26,523] {dagbag.py:448} INFO - Filling up the DagBag from /opt/airflow/dags/texas_dags.py
[2022-11-05 14:25:26,635] {scheduler_job.py:639} INFO - DAG(s) dict_keys(['get_tax_receipts']) retrieved from /opt/airflow/dags/texas_dags.py
[2022-11-05 14:25:26,780] {logging_mixin.py:104} INFO - [2022-11-05 14:25:26,779] {dag.py:1818} INFO - Sync 1 DAGs
[2022-11-05 14:25:26,935] {logging_mixin.py:104} INFO - [2022-11-05 14:25:26,934] {dag.py:2273} INFO - Setting next_dagrun for get_tax_receipts to 2022-11-04T14:25:26.569652+00:00
[2022-11-05 14:25:27,041] {scheduler_job.py:190} INFO - Processing /opt/airflow/dags/texas_dags.py took 0.577 seconds
[2022-11-05 14:25:57,408] {scheduler_job.py:182} INFO - Started process (PID=55) to work on /opt/airflow/dags/texas_dags.py
[2022-11-05 14:25:57,415] {scheduler_job.py:629} INFO - Processing file /opt/airflow/dags/texas_dags.py for tasks to queue
[2022-11-05 14:25:57,419] {logging_mixin.py:104} INFO - [2022-11-05 14:25:57,418] {dagbag.py:448} INFO - Filling up the DagBag from /opt/airflow/dags/texas_dags.py
[2022-11-05 14:25:57,485] {scheduler_job.py:639} INFO - DAG(s) dict_keys(['get_tax_receipts']) retrieved from /opt/airflow/dags/texas_dags.py
[2022-11-05 14:25:57,552] {logging_mixin.py:104} INFO - [2022-11-05 14:25:57,551] {dag.py:1818} INFO - Sync 1 DAGs
[2022-11-05 14:25:57,604] {logging_mixin.py:104} INFO - [2022-11-05 14:25:57,604] {dag.py:2273} INFO - Setting next_dagrun for get_tax_receipts to 2022-11-04T14:25:57.442497+00:00
[2022-11-05 14:25:57,628] {scheduler_job.py:190} INFO - Processing /opt/airflow/dags/texas_dags.py took 0.230 seconds
[2022-11-05 14:26:27,996] {scheduler_job.py:182} INFO - Started process (PID=57) to work on /opt/airflow/dags/texas_dags.py
[2022-11-05 14:26:28,006] {scheduler_job.py:629} INFO - Processing file /opt/airflow/dags/texas_dags.py for tasks to queue
[2022-11-05 14:26:28,011] {logging_mixin.py:104} INFO - [2022-11-05 14:26:28,010] {dagbag.py:448} INFO - Filling up the DagBag from /opt/airflow/dags/texas_dags.py
[2022-11-05 14:26:28,058] {scheduler_job.py:639} INFO - DAG(s) dict_keys(['get_tax_receipts']) retrieved from /opt/airflow/dags/texas_dags.py
[2022-11-05 14:26:28,148] {logging_mixin.py:104} INFO - [2022-11-05 14:26:28,147] {dag.py:1818} INFO - Sync 1 DAGs
[2022-11-05 14:26:28,206] {logging_mixin.py:104} INFO - [2022-11-05 14:26:28,205] {dag.py:2273} INFO - Setting next_dagrun for get_tax_receipts to 2022-11-04T14:26:28.025024+00:00
[2022-11-05 14:26:28,235] {scheduler_job.py:190} INFO - Processing /opt/airflow/dags/texas_dags.py took 0.258 seconds
[2022-11-05 14:26:58,695] {scheduler_job.py:182} INFO - Started process (PID=59) to work on /opt/airflow/dags/texas_dags.py
[2022-11-05 14:26:58,702] {scheduler_job.py:629} INFO - Processing file /opt/airflow/dags/texas_dags.py for tasks to queue
[2022-11-05 14:26:58,706] {logging_mixin.py:104} INFO - [2022-11-05 14:26:58,705] {dagbag.py:448} INFO - Filling up the DagBag from /opt/airflow/dags/texas_dags.py
[2022-11-05 14:26:58,750] {scheduler_job.py:639} INFO - DAG(s) dict_keys(['get_tax_receipts']) retrieved from /opt/airflow/dags/texas_dags.py
[2022-11-05 14:26:58,825] {logging_mixin.py:104} INFO - [2022-11-05 14:26:58,825] {dag.py:1818} INFO - Sync 1 DAGs
[2022-11-05 14:26:58,879] {logging_mixin.py:104} INFO - [2022-11-05 14:26:58,878] {dag.py:2273} INFO - Setting next_dagrun for get_tax_receipts to 2022-11-04T14:26:58.721467+00:00
[2022-11-05 14:26:58,904] {scheduler_job.py:190} INFO - Processing /opt/airflow/dags/texas_dags.py took 0.222 seconds
[2022-11-05 14:27:29,334] {scheduler_job.py:182} INFO - Started process (PID=61) to work on /opt/airflow/dags/texas_dags.py
[2022-11-05 14:27:29,349] {scheduler_job.py:629} INFO - Processing file /opt/airflow/dags/texas_dags.py for tasks to queue
[2022-11-05 14:27:29,358] {logging_mixin.py:104} INFO - [2022-11-05 14:27:29,356] {dagbag.py:448} INFO - Filling up the DagBag from /opt/airflow/dags/texas_dags.py
[2022-11-05 14:27:29,423] {scheduler_job.py:639} INFO - DAG(s) dict_keys(['get_tax_receipts']) retrieved from /opt/airflow/dags/texas_dags.py
[2022-11-05 14:27:29,527] {logging_mixin.py:104} INFO - [2022-11-05 14:27:29,526] {dag.py:1818} INFO - Sync 1 DAGs
[2022-11-05 14:27:29,591] {logging_mixin.py:104} INFO - [2022-11-05 14:27:29,590] {dag.py:2273} INFO - Setting next_dagrun for get_tax_receipts to 2022-11-04T14:27:29.396065+00:00
[2022-11-05 14:27:29,627] {scheduler_job.py:190} INFO - Processing /opt/airflow/dags/texas_dags.py took 0.306 seconds
[2022-11-05 14:28:00,028] {scheduler_job.py:182} INFO - Started process (PID=63) to work on /opt/airflow/dags/texas_dags.py
[2022-11-05 14:28:00,038] {scheduler_job.py:629} INFO - Processing file /opt/airflow/dags/texas_dags.py for tasks to queue
[2022-11-05 14:28:00,042] {logging_mixin.py:104} INFO - [2022-11-05 14:28:00,041] {dagbag.py:448} INFO - Filling up the DagBag from /opt/airflow/dags/texas_dags.py
[2022-11-05 14:28:00,126] {scheduler_job.py:639} INFO - DAG(s) dict_keys(['get_tax_receipts']) retrieved from /opt/airflow/dags/texas_dags.py
[2022-11-05 14:28:00,273] {logging_mixin.py:104} INFO - [2022-11-05 14:28:00,273] {dag.py:1818} INFO - Sync 1 DAGs
[2022-11-05 14:28:00,351] {logging_mixin.py:104} INFO - [2022-11-05 14:28:00,350] {dag.py:2273} INFO - Setting next_dagrun for get_tax_receipts to 2022-11-04T14:28:00.069913+00:00
[2022-11-05 14:28:00,386] {scheduler_job.py:190} INFO - Processing /opt/airflow/dags/texas_dags.py took 0.375 seconds
[2022-11-05 14:28:30,562] {scheduler_job.py:182} INFO - Started process (PID=65) to work on /opt/airflow/dags/texas_dags.py
[2022-11-05 14:28:30,568] {scheduler_job.py:629} INFO - Processing file /opt/airflow/dags/texas_dags.py for tasks to queue
[2022-11-05 14:28:30,576] {logging_mixin.py:104} INFO - [2022-11-05 14:28:30,575] {dagbag.py:448} INFO - Filling up the DagBag from /opt/airflow/dags/texas_dags.py
[2022-11-05 14:28:30,619] {scheduler_job.py:639} INFO - DAG(s) dict_keys(['get_tax_receipts']) retrieved from /opt/airflow/dags/texas_dags.py
[2022-11-05 14:28:30,699] {logging_mixin.py:104} INFO - [2022-11-05 14:28:30,699] {dag.py:1818} INFO - Sync 1 DAGs
[2022-11-05 14:28:30,753] {logging_mixin.py:104} INFO - [2022-11-05 14:28:30,752] {dag.py:2273} INFO - Setting next_dagrun for get_tax_receipts to 2022-11-04T14:28:30.589704+00:00
[2022-11-05 14:28:30,779] {scheduler_job.py:190} INFO - Processing /opt/airflow/dags/texas_dags.py took 0.229 seconds
[2022-11-05 14:29:01,235] {scheduler_job.py:182} INFO - Started process (PID=67) to work on /opt/airflow/dags/texas_dags.py
[2022-11-05 14:29:01,242] {scheduler_job.py:629} INFO - Processing file /opt/airflow/dags/texas_dags.py for tasks to queue
[2022-11-05 14:29:01,246] {logging_mixin.py:104} INFO - [2022-11-05 14:29:01,246] {dagbag.py:448} INFO - Filling up the DagBag from /opt/airflow/dags/texas_dags.py
[2022-11-05 14:29:01,288] {scheduler_job.py:639} INFO - DAG(s) dict_keys(['get_tax_receipts']) retrieved from /opt/airflow/dags/texas_dags.py
[2022-11-05 14:29:01,370] {logging_mixin.py:104} INFO - [2022-11-05 14:29:01,370] {dag.py:1818} INFO - Sync 1 DAGs
[2022-11-05 14:29:01,425] {logging_mixin.py:104} INFO - [2022-11-05 14:29:01,424] {dag.py:2273} INFO - Setting next_dagrun for get_tax_receipts to 2022-11-04T14:29:01.259286+00:00
[2022-11-05 14:29:01,453] {scheduler_job.py:190} INFO - Processing /opt/airflow/dags/texas_dags.py took 0.229 seconds
[2022-11-05 14:29:31,878] {scheduler_job.py:182} INFO - Started process (PID=69) to work on /opt/airflow/dags/texas_dags.py
[2022-11-05 14:29:31,889] {scheduler_job.py:629} INFO - Processing file /opt/airflow/dags/texas_dags.py for tasks to queue
[2022-11-05 14:29:31,893] {logging_mixin.py:104} INFO - [2022-11-05 14:29:31,893] {dagbag.py:448} INFO - Filling up the DagBag from /opt/airflow/dags/texas_dags.py
[2022-11-05 14:29:31,950] {scheduler_job.py:639} INFO - DAG(s) dict_keys(['get_tax_receipts']) retrieved from /opt/airflow/dags/texas_dags.py
[2022-11-05 14:29:32,043] {logging_mixin.py:104} INFO - [2022-11-05 14:29:32,043] {dag.py:1818} INFO - Sync 1 DAGs
[2022-11-05 14:29:32,099] {logging_mixin.py:104} INFO - [2022-11-05 14:29:32,098] {dag.py:2273} INFO - Setting next_dagrun for get_tax_receipts to 2022-11-04T14:29:31.914654+00:00
[2022-11-05 14:29:32,124] {scheduler_job.py:190} INFO - Processing /opt/airflow/dags/texas_dags.py took 0.260 seconds
[2022-11-05 14:30:02,658] {scheduler_job.py:182} INFO - Started process (PID=71) to work on /opt/airflow/dags/texas_dags.py
[2022-11-05 14:30:02,663] {scheduler_job.py:629} INFO - Processing file /opt/airflow/dags/texas_dags.py for tasks to queue
[2022-11-05 14:30:02,666] {logging_mixin.py:104} INFO - [2022-11-05 14:30:02,665] {dagbag.py:448} INFO - Filling up the DagBag from /opt/airflow/dags/texas_dags.py
[2022-11-05 14:30:02,724] {scheduler_job.py:639} INFO - DAG(s) dict_keys(['get_tax_receipts']) retrieved from /opt/airflow/dags/texas_dags.py
[2022-11-05 14:30:02,826] {logging_mixin.py:104} INFO - [2022-11-05 14:30:02,825] {dag.py:1818} INFO - Sync 1 DAGs
[2022-11-05 14:30:02,892] {logging_mixin.py:104} INFO - [2022-11-05 14:30:02,891] {dag.py:2273} INFO - Setting next_dagrun for get_tax_receipts to 2022-11-04T14:30:02.687888+00:00
[2022-11-05 14:30:02,918] {scheduler_job.py:190} INFO - Processing /opt/airflow/dags/texas_dags.py took 0.272 seconds
[2022-11-05 14:30:33,279] {scheduler_job.py:182} INFO - Started process (PID=73) to work on /opt/airflow/dags/texas_dags.py
[2022-11-05 14:30:33,285] {scheduler_job.py:629} INFO - Processing file /opt/airflow/dags/texas_dags.py for tasks to queue
[2022-11-05 14:30:33,288] {logging_mixin.py:104} INFO - [2022-11-05 14:30:33,288] {dagbag.py:448} INFO - Filling up the DagBag from /opt/airflow/dags/texas_dags.py
[2022-11-05 14:30:33,349] {scheduler_job.py:639} INFO - DAG(s) dict_keys(['get_tax_receipts']) retrieved from /opt/airflow/dags/texas_dags.py
[2022-11-05 14:30:33,443] {logging_mixin.py:104} INFO - [2022-11-05 14:30:33,442] {dag.py:1818} INFO - Sync 1 DAGs
[2022-11-05 14:30:33,493] {logging_mixin.py:104} INFO - [2022-11-05 14:30:33,493] {dag.py:2273} INFO - Setting next_dagrun for get_tax_receipts to 2022-10-31T14:30:33.321927+00:00
[2022-11-05 14:30:33,532] {scheduler_job.py:190} INFO - Processing /opt/airflow/dags/texas_dags.py took 0.262 seconds
[2022-11-05 14:31:03,813] {scheduler_job.py:182} INFO - Started process (PID=75) to work on /opt/airflow/dags/texas_dags.py
[2022-11-05 14:31:03,820] {scheduler_job.py:629} INFO - Processing file /opt/airflow/dags/texas_dags.py for tasks to queue
[2022-11-05 14:31:03,826] {logging_mixin.py:104} INFO - [2022-11-05 14:31:03,825] {dagbag.py:448} INFO - Filling up the DagBag from /opt/airflow/dags/texas_dags.py
[2022-11-05 14:31:03,865] {scheduler_job.py:639} INFO - DAG(s) dict_keys(['get_tax_receipts']) retrieved from /opt/airflow/dags/texas_dags.py
[2022-11-05 14:31:03,992] {logging_mixin.py:104} INFO - [2022-11-05 14:31:03,992] {dag.py:1818} INFO - Sync 1 DAGs
[2022-11-05 14:31:04,049] {logging_mixin.py:104} INFO - [2022-11-05 14:31:04,049] {dag.py:2273} INFO - Setting next_dagrun for get_tax_receipts to 2022-10-31T14:31:03.839974+00:00
[2022-11-05 14:31:04,083] {scheduler_job.py:190} INFO - Processing /opt/airflow/dags/texas_dags.py took 0.280 seconds
[2022-11-05 14:31:34,497] {scheduler_job.py:182} INFO - Started process (PID=77) to work on /opt/airflow/dags/texas_dags.py
[2022-11-05 14:31:34,502] {scheduler_job.py:629} INFO - Processing file /opt/airflow/dags/texas_dags.py for tasks to queue
[2022-11-05 14:31:34,505] {logging_mixin.py:104} INFO - [2022-11-05 14:31:34,505] {dagbag.py:448} INFO - Filling up the DagBag from /opt/airflow/dags/texas_dags.py
[2022-11-05 14:31:34,543] {scheduler_job.py:639} INFO - DAG(s) dict_keys(['get_tax_receipts']) retrieved from /opt/airflow/dags/texas_dags.py
[2022-11-05 14:31:34,621] {logging_mixin.py:104} INFO - [2022-11-05 14:31:34,620] {dag.py:1818} INFO - Sync 1 DAGs
[2022-11-05 14:31:34,673] {logging_mixin.py:104} INFO - [2022-11-05 14:31:34,672] {dag.py:2273} INFO - Setting next_dagrun for get_tax_receipts to 2022-10-31T14:31:34.516546+00:00
[2022-11-05 14:31:34,699] {scheduler_job.py:190} INFO - Processing /opt/airflow/dags/texas_dags.py took 0.213 seconds
[2022-11-05 14:32:05,062] {scheduler_job.py:182} INFO - Started process (PID=79) to work on /opt/airflow/dags/texas_dags.py
[2022-11-05 14:32:05,066] {scheduler_job.py:629} INFO - Processing file /opt/airflow/dags/texas_dags.py for tasks to queue
[2022-11-05 14:32:05,069] {logging_mixin.py:104} INFO - [2022-11-05 14:32:05,069] {dagbag.py:448} INFO - Filling up the DagBag from /opt/airflow/dags/texas_dags.py
[2022-11-05 14:32:05,112] {scheduler_job.py:639} INFO - DAG(s) dict_keys(['get_tax_receipts']) retrieved from /opt/airflow/dags/texas_dags.py
[2022-11-05 14:32:05,203] {logging_mixin.py:104} INFO - [2022-11-05 14:32:05,203] {dag.py:1818} INFO - Sync 1 DAGs
[2022-11-05 14:32:05,261] {logging_mixin.py:104} INFO - [2022-11-05 14:32:05,261] {dag.py:2273} INFO - Setting next_dagrun for get_tax_receipts to 2022-11-05 14:31:34.516546+00:00
[2022-11-05 14:32:05,296] {scheduler_job.py:190} INFO - Processing /opt/airflow/dags/texas_dags.py took 0.243 seconds
[2022-11-05 14:32:35,677] {scheduler_job.py:182} INFO - Started process (PID=81) to work on /opt/airflow/dags/texas_dags.py
[2022-11-05 14:32:35,684] {scheduler_job.py:629} INFO - Processing file /opt/airflow/dags/texas_dags.py for tasks to queue
[2022-11-05 14:32:35,688] {logging_mixin.py:104} INFO - [2022-11-05 14:32:35,688] {dagbag.py:448} INFO - Filling up the DagBag from /opt/airflow/dags/texas_dags.py
[2022-11-05 14:32:35,741] {scheduler_job.py:639} INFO - DAG(s) dict_keys(['get_tax_receipts']) retrieved from /opt/airflow/dags/texas_dags.py
[2022-11-05 14:32:35,829] {logging_mixin.py:104} INFO - [2022-11-05 14:32:35,828] {dag.py:1818} INFO - Sync 1 DAGs
[2022-11-05 14:32:35,885] {logging_mixin.py:104} INFO - [2022-11-05 14:32:35,885] {dag.py:2273} INFO - Setting next_dagrun for get_tax_receipts to 2022-11-05 14:31:34.516546+00:00
[2022-11-05 14:32:35,915] {scheduler_job.py:190} INFO - Processing /opt/airflow/dags/texas_dags.py took 0.250 seconds
[2022-11-05 14:33:06,066] {scheduler_job.py:182} INFO - Started process (PID=83) to work on /opt/airflow/dags/texas_dags.py
[2022-11-05 14:33:06,072] {scheduler_job.py:629} INFO - Processing file /opt/airflow/dags/texas_dags.py for tasks to queue
[2022-11-05 14:33:06,076] {logging_mixin.py:104} INFO - [2022-11-05 14:33:06,075] {dagbag.py:448} INFO - Filling up the DagBag from /opt/airflow/dags/texas_dags.py
[2022-11-05 14:33:06,119] {scheduler_job.py:639} INFO - DAG(s) dict_keys(['get_tax_receipts']) retrieved from /opt/airflow/dags/texas_dags.py
[2022-11-05 14:33:06,190] {logging_mixin.py:104} INFO - [2022-11-05 14:33:06,190] {dag.py:1818} INFO - Sync 1 DAGs
[2022-11-05 14:33:06,238] {logging_mixin.py:104} INFO - [2022-11-05 14:33:06,238] {dag.py:2273} INFO - Setting next_dagrun for get_tax_receipts to 2022-11-05 14:31:34.516546+00:00
[2022-11-05 14:33:06,272] {scheduler_job.py:190} INFO - Processing /opt/airflow/dags/texas_dags.py took 0.216 seconds
[2022-11-05 14:33:36,913] {scheduler_job.py:182} INFO - Started process (PID=85) to work on /opt/airflow/dags/texas_dags.py
[2022-11-05 14:33:36,922] {scheduler_job.py:629} INFO - Processing file /opt/airflow/dags/texas_dags.py for tasks to queue
[2022-11-05 14:33:36,937] {logging_mixin.py:104} INFO - [2022-11-05 14:33:36,936] {dagbag.py:448} INFO - Filling up the DagBag from /opt/airflow/dags/texas_dags.py
[2022-11-05 14:33:36,975] {scheduler_job.py:639} INFO - DAG(s) dict_keys(['get_tax_receipts']) retrieved from /opt/airflow/dags/texas_dags.py
[2022-11-05 14:33:37,075] {logging_mixin.py:104} INFO - [2022-11-05 14:33:37,075] {dag.py:1818} INFO - Sync 1 DAGs
[2022-11-05 14:33:37,134] {logging_mixin.py:104} INFO - [2022-11-05 14:33:37,133] {dag.py:2273} INFO - Setting next_dagrun for get_tax_receipts to 2022-11-05 14:31:34.516546+00:00
[2022-11-05 14:33:37,162] {scheduler_job.py:190} INFO - Processing /opt/airflow/dags/texas_dags.py took 0.264 seconds
[2022-11-05 14:34:07,680] {scheduler_job.py:182} INFO - Started process (PID=87) to work on /opt/airflow/dags/texas_dags.py
[2022-11-05 14:34:07,684] {scheduler_job.py:629} INFO - Processing file /opt/airflow/dags/texas_dags.py for tasks to queue
[2022-11-05 14:34:07,686] {logging_mixin.py:104} INFO - [2022-11-05 14:34:07,686] {dagbag.py:448} INFO - Filling up the DagBag from /opt/airflow/dags/texas_dags.py
[2022-11-05 14:34:07,721] {scheduler_job.py:639} INFO - DAG(s) dict_keys(['get_tax_receipts']) retrieved from /opt/airflow/dags/texas_dags.py
[2022-11-05 14:34:07,801] {logging_mixin.py:104} INFO - [2022-11-05 14:34:07,800] {dag.py:1818} INFO - Sync 1 DAGs
[2022-11-05 14:34:07,884] {logging_mixin.py:104} INFO - [2022-11-05 14:34:07,884] {dag.py:2273} INFO - Setting next_dagrun for get_tax_receipts to 2022-11-05 14:31:34.516546+00:00
[2022-11-05 14:34:07,909] {scheduler_job.py:190} INFO - Processing /opt/airflow/dags/texas_dags.py took 0.238 seconds
[2022-11-05 14:34:38,163] {scheduler_job.py:182} INFO - Started process (PID=89) to work on /opt/airflow/dags/texas_dags.py
[2022-11-05 14:34:38,167] {scheduler_job.py:629} INFO - Processing file /opt/airflow/dags/texas_dags.py for tasks to queue
[2022-11-05 14:34:38,171] {logging_mixin.py:104} INFO - [2022-11-05 14:34:38,170] {dagbag.py:448} INFO - Filling up the DagBag from /opt/airflow/dags/texas_dags.py
[2022-11-05 14:34:38,224] {scheduler_job.py:639} INFO - DAG(s) dict_keys(['get_tax_receipts']) retrieved from /opt/airflow/dags/texas_dags.py
[2022-11-05 14:34:38,313] {logging_mixin.py:104} INFO - [2022-11-05 14:34:38,313] {dag.py:1818} INFO - Sync 1 DAGs
[2022-11-05 14:34:38,370] {logging_mixin.py:104} INFO - [2022-11-05 14:34:38,369] {dag.py:2273} INFO - Setting next_dagrun for get_tax_receipts to 2022-11-05 14:31:34.516546+00:00
[2022-11-05 14:34:38,393] {scheduler_job.py:190} INFO - Processing /opt/airflow/dags/texas_dags.py took 0.239 seconds
[2022-11-05 14:35:08,892] {scheduler_job.py:182} INFO - Started process (PID=91) to work on /opt/airflow/dags/texas_dags.py
[2022-11-05 14:35:08,905] {scheduler_job.py:629} INFO - Processing file /opt/airflow/dags/texas_dags.py for tasks to queue
[2022-11-05 14:35:08,911] {logging_mixin.py:104} INFO - [2022-11-05 14:35:08,910] {dagbag.py:448} INFO - Filling up the DagBag from /opt/airflow/dags/texas_dags.py
[2022-11-05 14:35:09,004] {scheduler_job.py:639} INFO - DAG(s) dict_keys(['get_tax_receipts']) retrieved from /opt/airflow/dags/texas_dags.py
[2022-11-05 14:35:09,199] {logging_mixin.py:104} INFO - [2022-11-05 14:35:09,199] {dag.py:1818} INFO - Sync 1 DAGs
[2022-11-05 14:35:09,325] {logging_mixin.py:104} INFO - [2022-11-05 14:35:09,324] {dag.py:2273} INFO - Setting next_dagrun for get_tax_receipts to 2022-11-05 14:31:34.516546+00:00
[2022-11-05 14:35:09,380] {scheduler_job.py:190} INFO - Processing /opt/airflow/dags/texas_dags.py took 0.519 seconds
[2022-11-05 14:35:39,977] {scheduler_job.py:182} INFO - Started process (PID=93) to work on /opt/airflow/dags/texas_dags.py
[2022-11-05 14:35:39,988] {scheduler_job.py:629} INFO - Processing file /opt/airflow/dags/texas_dags.py for tasks to queue
[2022-11-05 14:35:39,994] {logging_mixin.py:104} INFO - [2022-11-05 14:35:39,993] {dagbag.py:448} INFO - Filling up the DagBag from /opt/airflow/dags/texas_dags.py
[2022-11-05 14:35:40,104] {logging_mixin.py:104} INFO - [2022-11-05 14:35:40,081] {dagbag.py:305} ERROR - Failed to import: /opt/airflow/dags/texas_dags.py
Traceback (most recent call last):
  File "/home/airflow/.local/lib/python3.6/site-packages/airflow/models/dagbag.py", line 302, in _load_modules_from_file
    loader.exec_module(new_module)
  File "<frozen importlib._bootstrap_external>", line 678, in exec_module
  File "<frozen importlib._bootstrap>", line 219, in _call_with_frames_removed
  File "/opt/airflow/dags/texas_dags.py", line 6, in <module>
    hello_task = PythonOperator(task_id='hello_task', python_callable=hello, dag=hello_dag)
NameError: name 'PythonOperator' is not defined
[2022-11-05 14:35:40,115] {scheduler_job.py:641} WARNING - No viable dags retrieved from /opt/airflow/dags/texas_dags.py
[2022-11-05 14:35:40,157] {scheduler_job.py:190} INFO - Processing /opt/airflow/dags/texas_dags.py took 0.202 seconds
[2022-11-05 14:36:10,385] {scheduler_job.py:182} INFO - Started process (PID=95) to work on /opt/airflow/dags/texas_dags.py
[2022-11-05 14:36:10,397] {scheduler_job.py:629} INFO - Processing file /opt/airflow/dags/texas_dags.py for tasks to queue
[2022-11-05 14:36:10,401] {logging_mixin.py:104} INFO - [2022-11-05 14:36:10,400] {dagbag.py:448} INFO - Filling up the DagBag from /opt/airflow/dags/texas_dags.py
[2022-11-05 14:36:10,535] {logging_mixin.py:104} INFO - [2022-11-05 14:36:10,525] {dagbag.py:305} ERROR - Failed to import: /opt/airflow/dags/texas_dags.py
Traceback (most recent call last):
  File "/home/airflow/.local/lib/python3.6/site-packages/airflow/models/dagbag.py", line 302, in _load_modules_from_file
    loader.exec_module(new_module)
  File "<frozen importlib._bootstrap_external>", line 678, in exec_module
  File "<frozen importlib._bootstrap>", line 219, in _call_with_frames_removed
  File "/opt/airflow/dags/texas_dags.py", line 7, in <module>
    hello_task = PythonOperator(task_id='retrieve_receipts', python_callable=hello, dag=hello_dag)
NameError: name 'hello' is not defined
[2022-11-05 14:36:10,555] {scheduler_job.py:641} WARNING - No viable dags retrieved from /opt/airflow/dags/texas_dags.py
[2022-11-05 14:36:10,633] {scheduler_job.py:190} INFO - Processing /opt/airflow/dags/texas_dags.py took 0.266 seconds
[2022-11-05 14:36:40,825] {scheduler_job.py:182} INFO - Started process (PID=97) to work on /opt/airflow/dags/texas_dags.py
[2022-11-05 14:36:40,836] {scheduler_job.py:629} INFO - Processing file /opt/airflow/dags/texas_dags.py for tasks to queue
[2022-11-05 14:36:40,854] {logging_mixin.py:104} INFO - [2022-11-05 14:36:40,853] {dagbag.py:448} INFO - Filling up the DagBag from /opt/airflow/dags/texas_dags.py
[2022-11-05 14:36:40,944] {logging_mixin.py:104} INFO - [2022-11-05 14:36:40,937] {dagbag.py:305} ERROR - Failed to import: /opt/airflow/dags/texas_dags.py
Traceback (most recent call last):
  File "/home/airflow/.local/lib/python3.6/site-packages/airflow/models/dagbag.py", line 302, in _load_modules_from_file
    loader.exec_module(new_module)
  File "<frozen importlib._bootstrap_external>", line 678, in exec_module
  File "<frozen importlib._bootstrap>", line 219, in _call_with_frames_removed
  File "/opt/airflow/dags/texas_dags.py", line 7, in <module>
    hello_task = PythonOperator(task_id='retrieve_receipts', python_callable=retreive_receipts, dag=tx_dag)
NameError: name 'retreive_receipts' is not defined
[2022-11-05 14:36:40,949] {scheduler_job.py:641} WARNING - No viable dags retrieved from /opt/airflow/dags/texas_dags.py
[2022-11-05 14:36:41,001] {scheduler_job.py:190} INFO - Processing /opt/airflow/dags/texas_dags.py took 0.191 seconds
[2022-11-05 14:37:11,421] {scheduler_job.py:182} INFO - Started process (PID=99) to work on /opt/airflow/dags/texas_dags.py
[2022-11-05 14:37:11,425] {scheduler_job.py:629} INFO - Processing file /opt/airflow/dags/texas_dags.py for tasks to queue
[2022-11-05 14:37:11,428] {logging_mixin.py:104} INFO - [2022-11-05 14:37:11,428] {dagbag.py:448} INFO - Filling up the DagBag from /opt/airflow/dags/texas_dags.py
[2022-11-05 14:37:11,496] {scheduler_job.py:639} INFO - DAG(s) dict_keys(['get_tax_receipts']) retrieved from /opt/airflow/dags/texas_dags.py
[2022-11-05 14:37:11,571] {logging_mixin.py:104} INFO - [2022-11-05 14:37:11,571] {dag.py:1818} INFO - Sync 1 DAGs
[2022-11-05 14:37:11,622] {logging_mixin.py:104} INFO - [2022-11-05 14:37:11,621] {dag.py:2273} INFO - Setting next_dagrun for get_tax_receipts to 2022-11-05 14:31:34.516546+00:00
[2022-11-05 14:37:11,652] {scheduler_job.py:190} INFO - Processing /opt/airflow/dags/texas_dags.py took 0.240 seconds
[2022-11-05 14:37:42,140] {scheduler_job.py:182} INFO - Started process (PID=101) to work on /opt/airflow/dags/texas_dags.py
[2022-11-05 14:37:42,146] {scheduler_job.py:629} INFO - Processing file /opt/airflow/dags/texas_dags.py for tasks to queue
[2022-11-05 14:37:42,152] {logging_mixin.py:104} INFO - [2022-11-05 14:37:42,151] {dagbag.py:448} INFO - Filling up the DagBag from /opt/airflow/dags/texas_dags.py
[2022-11-05 14:37:42,229] {scheduler_job.py:639} INFO - DAG(s) dict_keys(['get_tax_receipts']) retrieved from /opt/airflow/dags/texas_dags.py
[2022-11-05 14:37:42,318] {logging_mixin.py:104} INFO - [2022-11-05 14:37:42,317] {dag.py:1818} INFO - Sync 1 DAGs
[2022-11-05 14:37:42,376] {logging_mixin.py:104} INFO - [2022-11-05 14:37:42,375] {dag.py:2273} INFO - Setting next_dagrun for get_tax_receipts to 2022-11-05 14:31:34.516546+00:00
[2022-11-05 14:37:42,401] {scheduler_job.py:190} INFO - Processing /opt/airflow/dags/texas_dags.py took 0.272 seconds
[2022-11-05 14:38:12,740] {scheduler_job.py:182} INFO - Started process (PID=103) to work on /opt/airflow/dags/texas_dags.py
[2022-11-05 14:38:12,746] {scheduler_job.py:629} INFO - Processing file /opt/airflow/dags/texas_dags.py for tasks to queue
[2022-11-05 14:38:12,753] {logging_mixin.py:104} INFO - [2022-11-05 14:38:12,752] {dagbag.py:448} INFO - Filling up the DagBag from /opt/airflow/dags/texas_dags.py
[2022-11-05 14:38:12,853] {scheduler_job.py:639} INFO - DAG(s) dict_keys(['get_tax_receipts']) retrieved from /opt/airflow/dags/texas_dags.py
[2022-11-05 14:38:12,959] {logging_mixin.py:104} INFO - [2022-11-05 14:38:12,959] {dag.py:1818} INFO - Sync 1 DAGs
[2022-11-05 14:38:13,025] {logging_mixin.py:104} INFO - [2022-11-05 14:38:13,024] {dag.py:2273} INFO - Setting next_dagrun for get_tax_receipts to 2022-11-05 14:31:34.516546+00:00
[2022-11-05 14:38:13,053] {scheduler_job.py:190} INFO - Processing /opt/airflow/dags/texas_dags.py took 0.329 seconds
[2022-11-05 14:38:43,375] {scheduler_job.py:182} INFO - Started process (PID=105) to work on /opt/airflow/dags/texas_dags.py
[2022-11-05 14:38:43,391] {scheduler_job.py:629} INFO - Processing file /opt/airflow/dags/texas_dags.py for tasks to queue
[2022-11-05 14:38:43,406] {logging_mixin.py:104} INFO - [2022-11-05 14:38:43,405] {dagbag.py:448} INFO - Filling up the DagBag from /opt/airflow/dags/texas_dags.py
[2022-11-05 14:38:43,484] {scheduler_job.py:639} INFO - DAG(s) dict_keys(['get_tax_receipts']) retrieved from /opt/airflow/dags/texas_dags.py
[2022-11-05 14:38:43,566] {logging_mixin.py:104} INFO - [2022-11-05 14:38:43,566] {dag.py:1818} INFO - Sync 1 DAGs
[2022-11-05 14:38:43,624] {logging_mixin.py:104} INFO - [2022-11-05 14:38:43,623] {dag.py:2273} INFO - Setting next_dagrun for get_tax_receipts to 2022-11-05 14:31:34.516546+00:00
[2022-11-05 14:38:43,686] {scheduler_job.py:190} INFO - Processing /opt/airflow/dags/texas_dags.py took 0.321 seconds
[2022-11-05 14:39:14,025] {scheduler_job.py:182} INFO - Started process (PID=107) to work on /opt/airflow/dags/texas_dags.py
[2022-11-05 14:39:14,030] {scheduler_job.py:629} INFO - Processing file /opt/airflow/dags/texas_dags.py for tasks to queue
[2022-11-05 14:39:14,032] {logging_mixin.py:104} INFO - [2022-11-05 14:39:14,032] {dagbag.py:448} INFO - Filling up the DagBag from /opt/airflow/dags/texas_dags.py
[2022-11-05 14:39:14,088] {scheduler_job.py:639} INFO - DAG(s) dict_keys(['get_tax_receipts']) retrieved from /opt/airflow/dags/texas_dags.py
[2022-11-05 14:39:14,160] {logging_mixin.py:104} INFO - [2022-11-05 14:39:14,160] {dag.py:1818} INFO - Sync 1 DAGs
[2022-11-05 14:39:14,203] {logging_mixin.py:104} INFO - [2022-11-05 14:39:14,203] {dag.py:2273} INFO - Setting next_dagrun for get_tax_receipts to 2022-11-05 14:31:34.516546+00:00
[2022-11-05 14:39:14,228] {scheduler_job.py:190} INFO - Processing /opt/airflow/dags/texas_dags.py took 0.209 seconds
[2022-11-05 14:39:44,471] {scheduler_job.py:182} INFO - Started process (PID=109) to work on /opt/airflow/dags/texas_dags.py
[2022-11-05 14:39:44,477] {scheduler_job.py:629} INFO - Processing file /opt/airflow/dags/texas_dags.py for tasks to queue
[2022-11-05 14:39:44,480] {logging_mixin.py:104} INFO - [2022-11-05 14:39:44,479] {dagbag.py:448} INFO - Filling up the DagBag from /opt/airflow/dags/texas_dags.py
[2022-11-05 14:39:44,554] {scheduler_job.py:639} INFO - DAG(s) dict_keys(['get_tax_receipts']) retrieved from /opt/airflow/dags/texas_dags.py
[2022-11-05 14:39:44,623] {logging_mixin.py:104} INFO - [2022-11-05 14:39:44,623] {dag.py:1818} INFO - Sync 1 DAGs
[2022-11-05 14:39:44,675] {logging_mixin.py:104} INFO - [2022-11-05 14:39:44,674] {dag.py:2273} INFO - Setting next_dagrun for get_tax_receipts to 2022-11-05 14:31:34.516546+00:00
[2022-11-05 14:39:44,701] {scheduler_job.py:190} INFO - Processing /opt/airflow/dags/texas_dags.py took 0.238 seconds
[2022-11-05 14:40:15,354] {scheduler_job.py:182} INFO - Started process (PID=111) to work on /opt/airflow/dags/texas_dags.py
[2022-11-05 14:40:15,364] {scheduler_job.py:629} INFO - Processing file /opt/airflow/dags/texas_dags.py for tasks to queue
[2022-11-05 14:40:15,374] {logging_mixin.py:104} INFO - [2022-11-05 14:40:15,374] {dagbag.py:448} INFO - Filling up the DagBag from /opt/airflow/dags/texas_dags.py
[2022-11-05 14:40:15,617] {scheduler_job.py:639} INFO - DAG(s) dict_keys(['get_tax_receipts']) retrieved from /opt/airflow/dags/texas_dags.py
[2022-11-05 14:40:15,723] {logging_mixin.py:104} INFO - [2022-11-05 14:40:15,722] {dag.py:1818} INFO - Sync 1 DAGs
[2022-11-05 14:40:15,777] {logging_mixin.py:104} INFO - [2022-11-05 14:40:15,777] {dag.py:2273} INFO - Setting next_dagrun for get_tax_receipts to 2022-11-05 14:31:34.516546+00:00
[2022-11-05 14:40:15,825] {scheduler_job.py:190} INFO - Processing /opt/airflow/dags/texas_dags.py took 0.500 seconds
[2022-11-05 14:40:45,934] {scheduler_job.py:182} INFO - Started process (PID=113) to work on /opt/airflow/dags/texas_dags.py
[2022-11-05 14:40:45,943] {scheduler_job.py:629} INFO - Processing file /opt/airflow/dags/texas_dags.py for tasks to queue
[2022-11-05 14:40:45,948] {logging_mixin.py:104} INFO - [2022-11-05 14:40:45,948] {dagbag.py:448} INFO - Filling up the DagBag from /opt/airflow/dags/texas_dags.py
[2022-11-05 14:40:46,020] {scheduler_job.py:639} INFO - DAG(s) dict_keys(['get_tax_receipts']) retrieved from /opt/airflow/dags/texas_dags.py
[2022-11-05 14:40:46,098] {logging_mixin.py:104} INFO - [2022-11-05 14:40:46,098] {dag.py:1818} INFO - Sync 1 DAGs
[2022-11-05 14:40:46,145] {logging_mixin.py:104} INFO - [2022-11-05 14:40:46,145] {dag.py:2273} INFO - Setting next_dagrun for get_tax_receipts to 2022-11-05 14:31:34.516546+00:00
[2022-11-05 14:40:46,168] {scheduler_job.py:190} INFO - Processing /opt/airflow/dags/texas_dags.py took 0.248 seconds
[2022-11-05 14:41:16,813] {scheduler_job.py:182} INFO - Started process (PID=115) to work on /opt/airflow/dags/texas_dags.py
[2022-11-05 14:41:16,825] {scheduler_job.py:629} INFO - Processing file /opt/airflow/dags/texas_dags.py for tasks to queue
[2022-11-05 14:41:16,829] {logging_mixin.py:104} INFO - [2022-11-05 14:41:16,828] {dagbag.py:448} INFO - Filling up the DagBag from /opt/airflow/dags/texas_dags.py
[2022-11-05 14:41:16,880] {scheduler_job.py:639} INFO - DAG(s) dict_keys(['get_tax_receipts']) retrieved from /opt/airflow/dags/texas_dags.py
[2022-11-05 14:41:16,964] {logging_mixin.py:104} INFO - [2022-11-05 14:41:16,964] {dag.py:1818} INFO - Sync 1 DAGs
[2022-11-05 14:41:17,024] {logging_mixin.py:104} INFO - [2022-11-05 14:41:17,023] {dag.py:2273} INFO - Setting next_dagrun for get_tax_receipts to 2022-11-05 14:31:34.516546+00:00
[2022-11-05 14:41:17,052] {scheduler_job.py:190} INFO - Processing /opt/airflow/dags/texas_dags.py took 0.252 seconds
[2022-11-05 14:41:47,501] {scheduler_job.py:182} INFO - Started process (PID=117) to work on /opt/airflow/dags/texas_dags.py
[2022-11-05 14:41:47,507] {scheduler_job.py:629} INFO - Processing file /opt/airflow/dags/texas_dags.py for tasks to queue
[2022-11-05 14:41:47,510] {logging_mixin.py:104} INFO - [2022-11-05 14:41:47,509] {dagbag.py:448} INFO - Filling up the DagBag from /opt/airflow/dags/texas_dags.py
[2022-11-05 14:41:47,571] {scheduler_job.py:639} INFO - DAG(s) dict_keys(['get_tax_receipts']) retrieved from /opt/airflow/dags/texas_dags.py
[2022-11-05 14:41:47,663] {logging_mixin.py:104} INFO - [2022-11-05 14:41:47,662] {dag.py:1818} INFO - Sync 1 DAGs
[2022-11-05 14:41:47,721] {logging_mixin.py:104} INFO - [2022-11-05 14:41:47,720] {dag.py:2273} INFO - Setting next_dagrun for get_tax_receipts to 2022-11-05 14:31:34.516546+00:00
[2022-11-05 14:41:47,747] {scheduler_job.py:190} INFO - Processing /opt/airflow/dags/texas_dags.py took 0.256 seconds
[2022-11-05 14:42:17,970] {scheduler_job.py:182} INFO - Started process (PID=119) to work on /opt/airflow/dags/texas_dags.py
[2022-11-05 14:42:17,974] {scheduler_job.py:629} INFO - Processing file /opt/airflow/dags/texas_dags.py for tasks to queue
[2022-11-05 14:42:17,977] {logging_mixin.py:104} INFO - [2022-11-05 14:42:17,977] {dagbag.py:448} INFO - Filling up the DagBag from /opt/airflow/dags/texas_dags.py
[2022-11-05 14:42:18,035] {scheduler_job.py:639} INFO - DAG(s) dict_keys(['get_tax_receipts']) retrieved from /opt/airflow/dags/texas_dags.py
[2022-11-05 14:42:18,124] {logging_mixin.py:104} INFO - [2022-11-05 14:42:18,124] {dag.py:1818} INFO - Sync 1 DAGs
[2022-11-05 14:42:18,182] {logging_mixin.py:104} INFO - [2022-11-05 14:42:18,182] {dag.py:2273} INFO - Setting next_dagrun for get_tax_receipts to 2022-11-05 14:31:34.516546+00:00
[2022-11-05 14:42:18,206] {scheduler_job.py:190} INFO - Processing /opt/airflow/dags/texas_dags.py took 0.246 seconds
[2022-11-05 14:42:48,540] {scheduler_job.py:182} INFO - Started process (PID=121) to work on /opt/airflow/dags/texas_dags.py
[2022-11-05 14:42:48,549] {scheduler_job.py:629} INFO - Processing file /opt/airflow/dags/texas_dags.py for tasks to queue
[2022-11-05 14:42:48,553] {logging_mixin.py:104} INFO - [2022-11-05 14:42:48,553] {dagbag.py:448} INFO - Filling up the DagBag from /opt/airflow/dags/texas_dags.py
[2022-11-05 14:42:48,635] {scheduler_job.py:639} INFO - DAG(s) dict_keys(['get_tax_receipts']) retrieved from /opt/airflow/dags/texas_dags.py
[2022-11-05 14:42:48,737] {logging_mixin.py:104} INFO - [2022-11-05 14:42:48,736] {dag.py:1818} INFO - Sync 1 DAGs
[2022-11-05 14:42:48,778] {logging_mixin.py:104} INFO - [2022-11-05 14:42:48,778] {dag.py:1837} INFO - Creating ORM DAG for get_tax_receipts
[2022-11-05 14:42:48,801] {logging_mixin.py:104} INFO - [2022-11-05 14:42:48,801] {dag.py:2273} INFO - Setting next_dagrun for get_tax_receipts to 2022-11-04T14:42:48.611454+00:00
[2022-11-05 14:42:48,846] {scheduler_job.py:190} INFO - Processing /opt/airflow/dags/texas_dags.py took 0.324 seconds
[2022-11-05 14:43:19,091] {scheduler_job.py:182} INFO - Started process (PID=123) to work on /opt/airflow/dags/texas_dags.py
[2022-11-05 14:43:19,095] {scheduler_job.py:629} INFO - Processing file /opt/airflow/dags/texas_dags.py for tasks to queue
[2022-11-05 14:43:19,102] {logging_mixin.py:104} INFO - [2022-11-05 14:43:19,101] {dagbag.py:448} INFO - Filling up the DagBag from /opt/airflow/dags/texas_dags.py
[2022-11-05 14:43:19,165] {scheduler_job.py:639} INFO - DAG(s) dict_keys(['get_tax_receipts']) retrieved from /opt/airflow/dags/texas_dags.py
[2022-11-05 14:43:19,242] {logging_mixin.py:104} INFO - [2022-11-05 14:43:19,242] {dag.py:1818} INFO - Sync 1 DAGs
[2022-11-05 14:43:19,299] {logging_mixin.py:104} INFO - [2022-11-05 14:43:19,299] {dag.py:2273} INFO - Setting next_dagrun for get_tax_receipts to 2022-11-04T14:43:19.139306+00:00
[2022-11-05 14:43:19,332] {scheduler_job.py:190} INFO - Processing /opt/airflow/dags/texas_dags.py took 0.251 seconds
[2022-11-05 14:43:49,649] {scheduler_job.py:182} INFO - Started process (PID=125) to work on /opt/airflow/dags/texas_dags.py
[2022-11-05 14:43:49,654] {scheduler_job.py:629} INFO - Processing file /opt/airflow/dags/texas_dags.py for tasks to queue
[2022-11-05 14:43:49,657] {logging_mixin.py:104} INFO - [2022-11-05 14:43:49,657] {dagbag.py:448} INFO - Filling up the DagBag from /opt/airflow/dags/texas_dags.py
[2022-11-05 14:43:49,716] {scheduler_job.py:639} INFO - DAG(s) dict_keys(['get_tax_receipts']) retrieved from /opt/airflow/dags/texas_dags.py
[2022-11-05 14:43:49,818] {logging_mixin.py:104} INFO - [2022-11-05 14:43:49,818] {dag.py:1818} INFO - Sync 1 DAGs
[2022-11-05 14:43:49,884] {logging_mixin.py:104} INFO - [2022-11-05 14:43:49,883] {dag.py:2273} INFO - Setting next_dagrun for get_tax_receipts to 2022-11-04T14:43:49.694773+00:00
[2022-11-05 14:43:49,912] {scheduler_job.py:190} INFO - Processing /opt/airflow/dags/texas_dags.py took 0.278 seconds
[2022-11-05 14:44:20,422] {scheduler_job.py:182} INFO - Started process (PID=127) to work on /opt/airflow/dags/texas_dags.py
[2022-11-05 14:44:20,428] {scheduler_job.py:629} INFO - Processing file /opt/airflow/dags/texas_dags.py for tasks to queue
[2022-11-05 14:44:20,433] {logging_mixin.py:104} INFO - [2022-11-05 14:44:20,432] {dagbag.py:448} INFO - Filling up the DagBag from /opt/airflow/dags/texas_dags.py
[2022-11-05 14:44:20,524] {scheduler_job.py:639} INFO - DAG(s) dict_keys(['get_tax_receipts']) retrieved from /opt/airflow/dags/texas_dags.py
[2022-11-05 14:44:20,636] {logging_mixin.py:104} INFO - [2022-11-05 14:44:20,635] {dag.py:1818} INFO - Sync 1 DAGs
[2022-11-05 14:44:20,708] {logging_mixin.py:104} INFO - [2022-11-05 14:44:20,706] {dag.py:2273} INFO - Setting next_dagrun for get_tax_receipts to 2022-11-04T14:44:20.492427+00:00
[2022-11-05 14:44:20,744] {scheduler_job.py:190} INFO - Processing /opt/airflow/dags/texas_dags.py took 0.342 seconds
[2022-11-05 14:44:50,977] {scheduler_job.py:182} INFO - Started process (PID=129) to work on /opt/airflow/dags/texas_dags.py
[2022-11-05 14:44:50,983] {scheduler_job.py:629} INFO - Processing file /opt/airflow/dags/texas_dags.py for tasks to queue
[2022-11-05 14:44:50,985] {logging_mixin.py:104} INFO - [2022-11-05 14:44:50,985] {dagbag.py:448} INFO - Filling up the DagBag from /opt/airflow/dags/texas_dags.py
[2022-11-05 14:44:51,040] {scheduler_job.py:639} INFO - DAG(s) dict_keys(['get_tax_receipts']) retrieved from /opt/airflow/dags/texas_dags.py
[2022-11-05 14:44:51,123] {logging_mixin.py:104} INFO - [2022-11-05 14:44:51,123] {dag.py:1818} INFO - Sync 1 DAGs
[2022-11-05 14:44:51,182] {logging_mixin.py:104} INFO - [2022-11-05 14:44:51,181] {dag.py:2273} INFO - Setting next_dagrun for get_tax_receipts to 2022-11-04T14:44:51.019582+00:00
[2022-11-05 14:44:51,208] {scheduler_job.py:190} INFO - Processing /opt/airflow/dags/texas_dags.py took 0.242 seconds
[2022-11-05 14:45:21,589] {scheduler_job.py:182} INFO - Started process (PID=131) to work on /opt/airflow/dags/texas_dags.py
[2022-11-05 14:45:21,595] {scheduler_job.py:629} INFO - Processing file /opt/airflow/dags/texas_dags.py for tasks to queue
[2022-11-05 14:45:21,601] {logging_mixin.py:104} INFO - [2022-11-05 14:45:21,600] {dagbag.py:448} INFO - Filling up the DagBag from /opt/airflow/dags/texas_dags.py
[2022-11-05 14:45:21,653] {scheduler_job.py:639} INFO - DAG(s) dict_keys(['get_tax_receipts']) retrieved from /opt/airflow/dags/texas_dags.py
[2022-11-05 14:45:21,739] {logging_mixin.py:104} INFO - [2022-11-05 14:45:21,739] {dag.py:1818} INFO - Sync 1 DAGs
[2022-11-05 14:45:21,789] {logging_mixin.py:104} INFO - [2022-11-05 14:45:21,788] {dag.py:2273} INFO - Setting next_dagrun for get_tax_receipts to 2022-11-04T14:45:21.630630+00:00
[2022-11-05 14:45:21,816] {scheduler_job.py:190} INFO - Processing /opt/airflow/dags/texas_dags.py took 0.234 seconds
[2022-11-05 14:45:52,288] {scheduler_job.py:182} INFO - Started process (PID=133) to work on /opt/airflow/dags/texas_dags.py
[2022-11-05 14:45:52,296] {scheduler_job.py:629} INFO - Processing file /opt/airflow/dags/texas_dags.py for tasks to queue
[2022-11-05 14:45:52,299] {logging_mixin.py:104} INFO - [2022-11-05 14:45:52,299] {dagbag.py:448} INFO - Filling up the DagBag from /opt/airflow/dags/texas_dags.py
[2022-11-05 14:45:52,362] {scheduler_job.py:639} INFO - DAG(s) dict_keys(['get_tax_receipts']) retrieved from /opt/airflow/dags/texas_dags.py
[2022-11-05 14:45:52,469] {logging_mixin.py:104} INFO - [2022-11-05 14:45:52,468] {dag.py:1818} INFO - Sync 1 DAGs
[2022-11-05 14:45:52,521] {logging_mixin.py:104} INFO - [2022-11-05 14:45:52,521] {dag.py:2273} INFO - Setting next_dagrun for get_tax_receipts to 2022-11-05 14:45:21.630630+00:00
[2022-11-05 14:45:52,547] {scheduler_job.py:190} INFO - Processing /opt/airflow/dags/texas_dags.py took 0.269 seconds
[2022-11-05 14:46:22,877] {scheduler_job.py:182} INFO - Started process (PID=135) to work on /opt/airflow/dags/texas_dags.py
[2022-11-05 14:46:22,883] {scheduler_job.py:629} INFO - Processing file /opt/airflow/dags/texas_dags.py for tasks to queue
[2022-11-05 14:46:22,886] {logging_mixin.py:104} INFO - [2022-11-05 14:46:22,886] {dagbag.py:448} INFO - Filling up the DagBag from /opt/airflow/dags/texas_dags.py
[2022-11-05 14:46:22,941] {scheduler_job.py:639} INFO - DAG(s) dict_keys(['get_tax_receipts']) retrieved from /opt/airflow/dags/texas_dags.py
[2022-11-05 14:46:23,005] {logging_mixin.py:104} INFO - [2022-11-05 14:46:23,004] {dag.py:1818} INFO - Sync 1 DAGs
[2022-11-05 14:46:23,058] {logging_mixin.py:104} INFO - [2022-11-05 14:46:23,058] {dag.py:2273} INFO - Setting next_dagrun for get_tax_receipts to 2022-11-05 14:45:21.630630+00:00
[2022-11-05 14:46:23,086] {scheduler_job.py:190} INFO - Processing /opt/airflow/dags/texas_dags.py took 0.217 seconds
[2022-11-05 14:46:53,443] {scheduler_job.py:182} INFO - Started process (PID=137) to work on /opt/airflow/dags/texas_dags.py
[2022-11-05 14:46:53,448] {scheduler_job.py:629} INFO - Processing file /opt/airflow/dags/texas_dags.py for tasks to queue
[2022-11-05 14:46:53,451] {logging_mixin.py:104} INFO - [2022-11-05 14:46:53,450] {dagbag.py:448} INFO - Filling up the DagBag from /opt/airflow/dags/texas_dags.py
[2022-11-05 14:46:53,544] {scheduler_job.py:639} INFO - DAG(s) dict_keys(['get_tax_receipts']) retrieved from /opt/airflow/dags/texas_dags.py
[2022-11-05 14:46:53,695] {logging_mixin.py:104} INFO - [2022-11-05 14:46:53,695] {dag.py:1818} INFO - Sync 1 DAGs
[2022-11-05 14:46:53,791] {logging_mixin.py:104} INFO - [2022-11-05 14:46:53,790] {dag.py:2273} INFO - Setting next_dagrun for get_tax_receipts to 2022-11-05 14:45:21.630630+00:00
[2022-11-05 14:46:53,831] {scheduler_job.py:190} INFO - Processing /opt/airflow/dags/texas_dags.py took 0.399 seconds
[2022-11-05 14:47:24,204] {scheduler_job.py:182} INFO - Started process (PID=139) to work on /opt/airflow/dags/texas_dags.py
[2022-11-05 14:47:24,209] {scheduler_job.py:629} INFO - Processing file /opt/airflow/dags/texas_dags.py for tasks to queue
[2022-11-05 14:47:24,212] {logging_mixin.py:104} INFO - [2022-11-05 14:47:24,212] {dagbag.py:448} INFO - Filling up the DagBag from /opt/airflow/dags/texas_dags.py
[2022-11-05 14:47:24,269] {scheduler_job.py:639} INFO - DAG(s) dict_keys(['get_tax_receipts']) retrieved from /opt/airflow/dags/texas_dags.py
[2022-11-05 14:47:24,343] {logging_mixin.py:104} INFO - [2022-11-05 14:47:24,343] {dag.py:1818} INFO - Sync 1 DAGs
[2022-11-05 14:47:24,392] {logging_mixin.py:104} INFO - [2022-11-05 14:47:24,391] {dag.py:2273} INFO - Setting next_dagrun for get_tax_receipts to 2022-11-05 14:45:21.630630+00:00
[2022-11-05 14:47:24,444] {scheduler_job.py:190} INFO - Processing /opt/airflow/dags/texas_dags.py took 0.251 seconds
[2022-11-05 14:47:54,659] {scheduler_job.py:182} INFO - Started process (PID=141) to work on /opt/airflow/dags/texas_dags.py
[2022-11-05 14:47:54,665] {scheduler_job.py:629} INFO - Processing file /opt/airflow/dags/texas_dags.py for tasks to queue
[2022-11-05 14:47:54,671] {logging_mixin.py:104} INFO - [2022-11-05 14:47:54,669] {dagbag.py:448} INFO - Filling up the DagBag from /opt/airflow/dags/texas_dags.py
[2022-11-05 14:47:54,724] {scheduler_job.py:639} INFO - DAG(s) dict_keys(['get_tax_receipts']) retrieved from /opt/airflow/dags/texas_dags.py
[2022-11-05 14:47:54,792] {logging_mixin.py:104} INFO - [2022-11-05 14:47:54,791] {dag.py:1818} INFO - Sync 1 DAGs
[2022-11-05 14:47:54,838] {logging_mixin.py:104} INFO - [2022-11-05 14:47:54,838] {dag.py:2273} INFO - Setting next_dagrun for get_tax_receipts to 2022-11-05 14:45:21.630630+00:00
[2022-11-05 14:47:54,863] {scheduler_job.py:190} INFO - Processing /opt/airflow/dags/texas_dags.py took 0.212 seconds
[2022-11-05 14:48:25,450] {scheduler_job.py:182} INFO - Started process (PID=143) to work on /opt/airflow/dags/texas_dags.py
[2022-11-05 14:48:25,457] {scheduler_job.py:629} INFO - Processing file /opt/airflow/dags/texas_dags.py for tasks to queue
[2022-11-05 14:48:25,461] {logging_mixin.py:104} INFO - [2022-11-05 14:48:25,460] {dagbag.py:448} INFO - Filling up the DagBag from /opt/airflow/dags/texas_dags.py
[2022-11-05 14:48:25,524] {scheduler_job.py:639} INFO - DAG(s) dict_keys(['get_tax_receipts']) retrieved from /opt/airflow/dags/texas_dags.py
[2022-11-05 14:48:25,621] {logging_mixin.py:104} INFO - [2022-11-05 14:48:25,620] {dag.py:1818} INFO - Sync 1 DAGs
[2022-11-05 14:48:25,672] {logging_mixin.py:104} INFO - [2022-11-05 14:48:25,672] {dag.py:2273} INFO - Setting next_dagrun for get_tax_receipts to 2022-11-05 14:45:21.630630+00:00
[2022-11-05 14:48:25,697] {scheduler_job.py:190} INFO - Processing /opt/airflow/dags/texas_dags.py took 0.259 seconds
[2022-11-05 14:48:56,356] {scheduler_job.py:182} INFO - Started process (PID=145) to work on /opt/airflow/dags/texas_dags.py
[2022-11-05 14:48:56,371] {scheduler_job.py:629} INFO - Processing file /opt/airflow/dags/texas_dags.py for tasks to queue
[2022-11-05 14:48:56,375] {logging_mixin.py:104} INFO - [2022-11-05 14:48:56,374] {dagbag.py:448} INFO - Filling up the DagBag from /opt/airflow/dags/texas_dags.py
[2022-11-05 14:48:56,439] {logging_mixin.py:104} INFO - [2022-11-05 14:48:56,429] {dagbag.py:305} ERROR - Failed to import: /opt/airflow/dags/texas_dags.py
Traceback (most recent call last):
  File "/home/airflow/.local/lib/python3.6/site-packages/airflow/models/dagbag.py", line 302, in _load_modules_from_file
    loader.exec_module(new_module)
  File "<frozen importlib._bootstrap_external>", line 678, in exec_module
  File "<frozen importlib._bootstrap>", line 219, in _call_with_frames_removed
  File "/opt/airflow/dags/texas_dags.py", line 12, in <module>
    retreive_task = PythonOperator(task_id='find_large_receipts', python_callable=find_receipts, dag=tx_dag)
NameError: name 'find_receipts' is not defined
[2022-11-05 14:48:56,444] {scheduler_job.py:641} WARNING - No viable dags retrieved from /opt/airflow/dags/texas_dags.py
[2022-11-05 14:48:56,490] {scheduler_job.py:190} INFO - Processing /opt/airflow/dags/texas_dags.py took 0.144 seconds
[2022-11-05 14:49:26,936] {scheduler_job.py:182} INFO - Started process (PID=147) to work on /opt/airflow/dags/texas_dags.py
[2022-11-05 14:49:26,942] {scheduler_job.py:629} INFO - Processing file /opt/airflow/dags/texas_dags.py for tasks to queue
[2022-11-05 14:49:26,945] {logging_mixin.py:104} INFO - [2022-11-05 14:49:26,944] {dagbag.py:448} INFO - Filling up the DagBag from /opt/airflow/dags/texas_dags.py
[2022-11-05 14:49:27,013] {scheduler_job.py:639} INFO - DAG(s) dict_keys(['get_tax_receipts']) retrieved from /opt/airflow/dags/texas_dags.py
[2022-11-05 14:49:27,096] {logging_mixin.py:104} INFO - [2022-11-05 14:49:27,095] {dag.py:1818} INFO - Sync 1 DAGs
[2022-11-05 14:49:27,150] {logging_mixin.py:104} INFO - [2022-11-05 14:49:27,149] {dag.py:2273} INFO - Setting next_dagrun for get_tax_receipts to 2022-11-05 14:45:21.630630+00:00
[2022-11-05 14:49:27,179] {scheduler_job.py:190} INFO - Processing /opt/airflow/dags/texas_dags.py took 0.250 seconds
[2022-11-05 14:49:57,483] {scheduler_job.py:182} INFO - Started process (PID=149) to work on /opt/airflow/dags/texas_dags.py
[2022-11-05 14:49:57,488] {scheduler_job.py:629} INFO - Processing file /opt/airflow/dags/texas_dags.py for tasks to queue
[2022-11-05 14:49:57,493] {logging_mixin.py:104} INFO - [2022-11-05 14:49:57,491] {dagbag.py:448} INFO - Filling up the DagBag from /opt/airflow/dags/texas_dags.py
[2022-11-05 14:49:57,546] {scheduler_job.py:639} INFO - DAG(s) dict_keys(['get_tax_receipts']) retrieved from /opt/airflow/dags/texas_dags.py
[2022-11-05 14:49:57,615] {logging_mixin.py:104} INFO - [2022-11-05 14:49:57,615] {dag.py:1818} INFO - Sync 1 DAGs
[2022-11-05 14:49:57,677] {logging_mixin.py:104} INFO - [2022-11-05 14:49:57,677] {dag.py:2273} INFO - Setting next_dagrun for get_tax_receipts to 2022-11-05 14:45:21.630630+00:00
[2022-11-05 14:49:57,828] {scheduler_job.py:190} INFO - Processing /opt/airflow/dags/texas_dags.py took 0.352 seconds
[2022-11-05 14:50:28,123] {scheduler_job.py:182} INFO - Started process (PID=151) to work on /opt/airflow/dags/texas_dags.py
[2022-11-05 14:50:28,128] {scheduler_job.py:629} INFO - Processing file /opt/airflow/dags/texas_dags.py for tasks to queue
[2022-11-05 14:50:28,131] {logging_mixin.py:104} INFO - [2022-11-05 14:50:28,131] {dagbag.py:448} INFO - Filling up the DagBag from /opt/airflow/dags/texas_dags.py
[2022-11-05 14:50:28,227] {scheduler_job.py:639} INFO - DAG(s) dict_keys(['get_tax_receipts']) retrieved from /opt/airflow/dags/texas_dags.py
[2022-11-05 14:50:28,317] {logging_mixin.py:104} INFO - [2022-11-05 14:50:28,317] {dag.py:1818} INFO - Sync 1 DAGs
[2022-11-05 14:50:28,375] {logging_mixin.py:104} INFO - [2022-11-05 14:50:28,374] {dag.py:2273} INFO - Setting next_dagrun for get_tax_receipts to 2022-11-05 14:45:21.630630+00:00
[2022-11-05 14:50:28,425] {scheduler_job.py:190} INFO - Processing /opt/airflow/dags/texas_dags.py took 0.313 seconds
[2022-11-05 14:50:58,538] {scheduler_job.py:182} INFO - Started process (PID=153) to work on /opt/airflow/dags/texas_dags.py
[2022-11-05 14:50:58,543] {scheduler_job.py:629} INFO - Processing file /opt/airflow/dags/texas_dags.py for tasks to queue
[2022-11-05 14:50:58,546] {logging_mixin.py:104} INFO - [2022-11-05 14:50:58,546] {dagbag.py:448} INFO - Filling up the DagBag from /opt/airflow/dags/texas_dags.py
[2022-11-05 14:50:58,609] {scheduler_job.py:639} INFO - DAG(s) dict_keys(['get_tax_receipts']) retrieved from /opt/airflow/dags/texas_dags.py
[2022-11-05 14:50:58,690] {logging_mixin.py:104} INFO - [2022-11-05 14:50:58,690] {dag.py:1818} INFO - Sync 1 DAGs
[2022-11-05 14:50:58,746] {logging_mixin.py:104} INFO - [2022-11-05 14:50:58,745] {dag.py:2273} INFO - Setting next_dagrun for get_tax_receipts to 2022-11-05 14:45:21.630630+00:00
[2022-11-05 14:50:58,771] {scheduler_job.py:190} INFO - Processing /opt/airflow/dags/texas_dags.py took 0.240 seconds
[2022-11-05 14:51:29,338] {scheduler_job.py:182} INFO - Started process (PID=155) to work on /opt/airflow/dags/texas_dags.py
[2022-11-05 14:51:29,347] {scheduler_job.py:629} INFO - Processing file /opt/airflow/dags/texas_dags.py for tasks to queue
[2022-11-05 14:51:29,353] {logging_mixin.py:104} INFO - [2022-11-05 14:51:29,352] {dagbag.py:448} INFO - Filling up the DagBag from /opt/airflow/dags/texas_dags.py
[2022-11-05 14:51:29,425] {scheduler_job.py:639} INFO - DAG(s) dict_keys(['get_tax_receipts']) retrieved from /opt/airflow/dags/texas_dags.py
[2022-11-05 14:51:29,518] {logging_mixin.py:104} INFO - [2022-11-05 14:51:29,518] {dag.py:1818} INFO - Sync 1 DAGs
[2022-11-05 14:51:29,566] {logging_mixin.py:104} INFO - [2022-11-05 14:51:29,565] {dag.py:1837} INFO - Creating ORM DAG for get_tax_receipts
[2022-11-05 14:51:29,593] {logging_mixin.py:104} INFO - [2022-11-05 14:51:29,593] {dag.py:2273} INFO - Setting next_dagrun for get_tax_receipts to 2022-11-04T14:51:29.395015+00:00
[2022-11-05 14:51:29,624] {scheduler_job.py:190} INFO - Processing /opt/airflow/dags/texas_dags.py took 0.301 seconds
[2022-11-05 14:51:59,945] {scheduler_job.py:182} INFO - Started process (PID=157) to work on /opt/airflow/dags/texas_dags.py
[2022-11-05 14:51:59,949] {scheduler_job.py:629} INFO - Processing file /opt/airflow/dags/texas_dags.py for tasks to queue
[2022-11-05 14:51:59,952] {logging_mixin.py:104} INFO - [2022-11-05 14:51:59,951] {dagbag.py:448} INFO - Filling up the DagBag from /opt/airflow/dags/texas_dags.py
[2022-11-05 14:52:00,046] {scheduler_job.py:639} INFO - DAG(s) dict_keys(['get_tax_receipts']) retrieved from /opt/airflow/dags/texas_dags.py
[2022-11-05 14:52:00,157] {logging_mixin.py:104} INFO - [2022-11-05 14:52:00,156] {dag.py:1818} INFO - Sync 1 DAGs
[2022-11-05 14:52:00,216] {logging_mixin.py:104} INFO - [2022-11-05 14:52:00,215] {dag.py:2273} INFO - Setting next_dagrun for get_tax_receipts to 2022-11-05 14:51:29.395015+00:00
[2022-11-05 14:52:00,256] {scheduler_job.py:190} INFO - Processing /opt/airflow/dags/texas_dags.py took 0.323 seconds
[2022-11-05 14:52:30,556] {scheduler_job.py:182} INFO - Started process (PID=159) to work on /opt/airflow/dags/texas_dags.py
[2022-11-05 14:52:30,562] {scheduler_job.py:629} INFO - Processing file /opt/airflow/dags/texas_dags.py for tasks to queue
[2022-11-05 14:52:30,565] {logging_mixin.py:104} INFO - [2022-11-05 14:52:30,565] {dagbag.py:448} INFO - Filling up the DagBag from /opt/airflow/dags/texas_dags.py
[2022-11-05 14:52:30,629] {scheduler_job.py:639} INFO - DAG(s) dict_keys(['get_tax_receipts']) retrieved from /opt/airflow/dags/texas_dags.py
[2022-11-05 14:52:30,706] {logging_mixin.py:104} INFO - [2022-11-05 14:52:30,706] {dag.py:1818} INFO - Sync 1 DAGs
[2022-11-05 14:52:30,766] {logging_mixin.py:104} INFO - [2022-11-05 14:52:30,765] {dag.py:2273} INFO - Setting next_dagrun for get_tax_receipts to 2022-11-05 14:51:29.395015+00:00
[2022-11-05 14:52:30,789] {scheduler_job.py:190} INFO - Processing /opt/airflow/dags/texas_dags.py took 0.247 seconds
[2022-11-05 14:53:01,158] {scheduler_job.py:182} INFO - Started process (PID=161) to work on /opt/airflow/dags/texas_dags.py
[2022-11-05 14:53:01,172] {scheduler_job.py:629} INFO - Processing file /opt/airflow/dags/texas_dags.py for tasks to queue
[2022-11-05 14:53:01,178] {logging_mixin.py:104} INFO - [2022-11-05 14:53:01,177] {dagbag.py:448} INFO - Filling up the DagBag from /opt/airflow/dags/texas_dags.py
[2022-11-05 14:53:01,268] {scheduler_job.py:639} INFO - DAG(s) dict_keys(['get_tax_receipts']) retrieved from /opt/airflow/dags/texas_dags.py
[2022-11-05 14:53:01,349] {logging_mixin.py:104} INFO - [2022-11-05 14:53:01,348] {dag.py:1818} INFO - Sync 1 DAGs
[2022-11-05 14:53:01,421] {logging_mixin.py:104} INFO - [2022-11-05 14:53:01,421] {dag.py:2273} INFO - Setting next_dagrun for get_tax_receipts to 2022-11-05 14:51:29.395015+00:00
[2022-11-05 14:53:01,448] {scheduler_job.py:190} INFO - Processing /opt/airflow/dags/texas_dags.py took 0.310 seconds
[2022-11-05 14:53:31,773] {scheduler_job.py:182} INFO - Started process (PID=163) to work on /opt/airflow/dags/texas_dags.py
[2022-11-05 14:53:31,778] {scheduler_job.py:629} INFO - Processing file /opt/airflow/dags/texas_dags.py for tasks to queue
[2022-11-05 14:53:31,783] {logging_mixin.py:104} INFO - [2022-11-05 14:53:31,782] {dagbag.py:448} INFO - Filling up the DagBag from /opt/airflow/dags/texas_dags.py
[2022-11-05 14:53:31,880] {scheduler_job.py:639} INFO - DAG(s) dict_keys(['get_tax_receipts']) retrieved from /opt/airflow/dags/texas_dags.py
[2022-11-05 14:53:31,981] {logging_mixin.py:104} INFO - [2022-11-05 14:53:31,980] {dag.py:1818} INFO - Sync 1 DAGs
[2022-11-05 14:53:32,094] {logging_mixin.py:104} INFO - [2022-11-05 14:53:32,093] {dag.py:2273} INFO - Setting next_dagrun for get_tax_receipts to 2022-11-05 14:51:29.395015+00:00
[2022-11-05 14:53:32,176] {scheduler_job.py:190} INFO - Processing /opt/airflow/dags/texas_dags.py took 0.416 seconds
[2022-11-05 14:54:02,468] {scheduler_job.py:182} INFO - Started process (PID=165) to work on /opt/airflow/dags/texas_dags.py
[2022-11-05 14:54:02,490] {scheduler_job.py:629} INFO - Processing file /opt/airflow/dags/texas_dags.py for tasks to queue
[2022-11-05 14:54:02,496] {logging_mixin.py:104} INFO - [2022-11-05 14:54:02,495] {dagbag.py:448} INFO - Filling up the DagBag from /opt/airflow/dags/texas_dags.py
[2022-11-05 14:54:02,607] {scheduler_job.py:639} INFO - DAG(s) dict_keys(['get_tax_receipts']) retrieved from /opt/airflow/dags/texas_dags.py
[2022-11-05 14:54:02,743] {logging_mixin.py:104} INFO - [2022-11-05 14:54:02,742] {dag.py:1818} INFO - Sync 1 DAGs
[2022-11-05 14:54:02,824] {logging_mixin.py:104} INFO - [2022-11-05 14:54:02,824] {dag.py:2273} INFO - Setting next_dagrun for get_tax_receipts to 2022-11-05 14:51:29.395015+00:00
[2022-11-05 14:54:02,865] {scheduler_job.py:190} INFO - Processing /opt/airflow/dags/texas_dags.py took 0.409 seconds
[2022-11-05 14:54:33,389] {scheduler_job.py:182} INFO - Started process (PID=167) to work on /opt/airflow/dags/texas_dags.py
[2022-11-05 14:54:33,395] {scheduler_job.py:629} INFO - Processing file /opt/airflow/dags/texas_dags.py for tasks to queue
[2022-11-05 14:54:33,402] {logging_mixin.py:104} INFO - [2022-11-05 14:54:33,401] {dagbag.py:448} INFO - Filling up the DagBag from /opt/airflow/dags/texas_dags.py
[2022-11-05 14:54:33,476] {scheduler_job.py:639} INFO - DAG(s) dict_keys(['get_tax_receipts']) retrieved from /opt/airflow/dags/texas_dags.py
[2022-11-05 14:54:33,555] {logging_mixin.py:104} INFO - [2022-11-05 14:54:33,554] {dag.py:1818} INFO - Sync 1 DAGs
[2022-11-05 14:54:33,594] {logging_mixin.py:104} INFO - [2022-11-05 14:54:33,594] {dag.py:1837} INFO - Creating ORM DAG for get_tax_receipts
[2022-11-05 14:54:33,614] {logging_mixin.py:104} INFO - [2022-11-05 14:54:33,613] {dag.py:2273} INFO - Setting next_dagrun for get_tax_receipts to 2022-11-04T14:54:33.452820+00:00
[2022-11-05 14:54:33,646] {scheduler_job.py:190} INFO - Processing /opt/airflow/dags/texas_dags.py took 0.269 seconds
[2022-11-05 14:55:03,949] {scheduler_job.py:182} INFO - Started process (PID=169) to work on /opt/airflow/dags/texas_dags.py
[2022-11-05 14:55:03,956] {scheduler_job.py:629} INFO - Processing file /opt/airflow/dags/texas_dags.py for tasks to queue
[2022-11-05 14:55:03,966] {logging_mixin.py:104} INFO - [2022-11-05 14:55:03,965] {dagbag.py:448} INFO - Filling up the DagBag from /opt/airflow/dags/texas_dags.py
[2022-11-05 14:55:04,048] {scheduler_job.py:639} INFO - DAG(s) dict_keys(['get_tax_receipts']) retrieved from /opt/airflow/dags/texas_dags.py
[2022-11-05 14:55:04,132] {logging_mixin.py:104} INFO - [2022-11-05 14:55:04,132] {dag.py:1818} INFO - Sync 1 DAGs
[2022-11-05 14:55:04,187] {logging_mixin.py:104} INFO - [2022-11-05 14:55:04,187] {dag.py:2273} INFO - Setting next_dagrun for get_tax_receipts to 2022-11-05 14:54:33.452820+00:00
[2022-11-05 14:55:04,212] {scheduler_job.py:190} INFO - Processing /opt/airflow/dags/texas_dags.py took 0.278 seconds
[2022-11-05 14:55:34,737] {scheduler_job.py:182} INFO - Started process (PID=171) to work on /opt/airflow/dags/texas_dags.py
[2022-11-05 14:55:34,765] {scheduler_job.py:629} INFO - Processing file /opt/airflow/dags/texas_dags.py for tasks to queue
[2022-11-05 14:55:34,773] {logging_mixin.py:104} INFO - [2022-11-05 14:55:34,772] {dagbag.py:448} INFO - Filling up the DagBag from /opt/airflow/dags/texas_dags.py
[2022-11-05 14:55:34,851] {scheduler_job.py:639} INFO - DAG(s) dict_keys(['get_tax_receipts']) retrieved from /opt/airflow/dags/texas_dags.py
[2022-11-05 14:55:34,955] {logging_mixin.py:104} INFO - [2022-11-05 14:55:34,955] {dag.py:1818} INFO - Sync 1 DAGs
[2022-11-05 14:55:35,020] {logging_mixin.py:104} INFO - [2022-11-05 14:55:35,020] {dag.py:2273} INFO - Setting next_dagrun for get_tax_receipts to 2022-11-05 14:54:33.452820+00:00
[2022-11-05 14:55:35,043] {scheduler_job.py:190} INFO - Processing /opt/airflow/dags/texas_dags.py took 0.331 seconds
[2022-11-05 14:56:05,282] {scheduler_job.py:182} INFO - Started process (PID=173) to work on /opt/airflow/dags/texas_dags.py
[2022-11-05 14:56:05,288] {scheduler_job.py:629} INFO - Processing file /opt/airflow/dags/texas_dags.py for tasks to queue
[2022-11-05 14:56:05,290] {logging_mixin.py:104} INFO - [2022-11-05 14:56:05,290] {dagbag.py:448} INFO - Filling up the DagBag from /opt/airflow/dags/texas_dags.py
[2022-11-05 14:56:05,346] {scheduler_job.py:639} INFO - DAG(s) dict_keys(['get_tax_receipts']) retrieved from /opt/airflow/dags/texas_dags.py
[2022-11-05 14:56:05,421] {logging_mixin.py:104} INFO - [2022-11-05 14:56:05,420] {dag.py:1818} INFO - Sync 1 DAGs
[2022-11-05 14:56:05,476] {logging_mixin.py:104} INFO - [2022-11-05 14:56:05,475] {dag.py:2273} INFO - Setting next_dagrun for get_tax_receipts to 2022-11-05 14:54:33.452820+00:00
[2022-11-05 14:56:05,499] {scheduler_job.py:190} INFO - Processing /opt/airflow/dags/texas_dags.py took 0.226 seconds
[2022-11-05 14:56:36,100] {scheduler_job.py:182} INFO - Started process (PID=175) to work on /opt/airflow/dags/texas_dags.py
[2022-11-05 14:56:36,106] {scheduler_job.py:629} INFO - Processing file /opt/airflow/dags/texas_dags.py for tasks to queue
[2022-11-05 14:56:36,109] {logging_mixin.py:104} INFO - [2022-11-05 14:56:36,109] {dagbag.py:448} INFO - Filling up the DagBag from /opt/airflow/dags/texas_dags.py
[2022-11-05 14:56:36,194] {scheduler_job.py:639} INFO - DAG(s) dict_keys(['get_tax_receipts']) retrieved from /opt/airflow/dags/texas_dags.py
[2022-11-05 14:56:36,306] {logging_mixin.py:104} INFO - [2022-11-05 14:56:36,306] {dag.py:1818} INFO - Sync 1 DAGs
[2022-11-05 14:56:36,363] {logging_mixin.py:104} INFO - [2022-11-05 14:56:36,363] {dag.py:2273} INFO - Setting next_dagrun for get_tax_receipts to 2022-11-05 14:54:33.452820+00:00
[2022-11-05 14:56:36,420] {scheduler_job.py:190} INFO - Processing /opt/airflow/dags/texas_dags.py took 0.344 seconds
[2022-11-05 14:57:06,581] {scheduler_job.py:182} INFO - Started process (PID=177) to work on /opt/airflow/dags/texas_dags.py
[2022-11-05 14:57:06,585] {scheduler_job.py:629} INFO - Processing file /opt/airflow/dags/texas_dags.py for tasks to queue
[2022-11-05 14:57:06,588] {logging_mixin.py:104} INFO - [2022-11-05 14:57:06,588] {dagbag.py:448} INFO - Filling up the DagBag from /opt/airflow/dags/texas_dags.py
[2022-11-05 14:57:06,652] {scheduler_job.py:639} INFO - DAG(s) dict_keys(['get_tax_receipts']) retrieved from /opt/airflow/dags/texas_dags.py
[2022-11-05 14:57:06,729] {logging_mixin.py:104} INFO - [2022-11-05 14:57:06,728] {dag.py:1818} INFO - Sync 1 DAGs
[2022-11-05 14:57:06,782] {logging_mixin.py:104} INFO - [2022-11-05 14:57:06,781] {dag.py:2273} INFO - Setting next_dagrun for get_tax_receipts to 2022-11-05 14:54:33.452820+00:00
[2022-11-05 14:57:06,809] {scheduler_job.py:190} INFO - Processing /opt/airflow/dags/texas_dags.py took 0.236 seconds
[2022-11-05 14:57:37,436] {scheduler_job.py:182} INFO - Started process (PID=179) to work on /opt/airflow/dags/texas_dags.py
[2022-11-05 14:57:37,442] {scheduler_job.py:629} INFO - Processing file /opt/airflow/dags/texas_dags.py for tasks to queue
[2022-11-05 14:57:37,445] {logging_mixin.py:104} INFO - [2022-11-05 14:57:37,445] {dagbag.py:448} INFO - Filling up the DagBag from /opt/airflow/dags/texas_dags.py
[2022-11-05 14:57:37,526] {scheduler_job.py:639} INFO - DAG(s) dict_keys(['get_tax_receipts']) retrieved from /opt/airflow/dags/texas_dags.py
[2022-11-05 14:57:37,638] {logging_mixin.py:104} INFO - [2022-11-05 14:57:37,637] {dag.py:1818} INFO - Sync 1 DAGs
[2022-11-05 14:57:37,698] {logging_mixin.py:104} INFO - [2022-11-05 14:57:37,697] {dag.py:2273} INFO - Setting next_dagrun for get_tax_receipts to 2022-11-05 14:54:33.452820+00:00
[2022-11-05 14:57:37,728] {scheduler_job.py:190} INFO - Processing /opt/airflow/dags/texas_dags.py took 0.303 seconds
[2022-11-05 14:58:08,256] {scheduler_job.py:182} INFO - Started process (PID=181) to work on /opt/airflow/dags/texas_dags.py
[2022-11-05 14:58:08,262] {scheduler_job.py:629} INFO - Processing file /opt/airflow/dags/texas_dags.py for tasks to queue
[2022-11-05 14:58:08,265] {logging_mixin.py:104} INFO - [2022-11-05 14:58:08,265] {dagbag.py:448} INFO - Filling up the DagBag from /opt/airflow/dags/texas_dags.py
[2022-11-05 14:58:13,795] {logging_mixin.py:104} INFO - [2022-11-05 14:58:13,776] {dagbag.py:305} ERROR - Failed to import: /opt/airflow/dags/texas_dags.py
Traceback (most recent call last):
  File "/home/airflow/.local/lib/python3.6/site-packages/airflow/models/dagbag.py", line 302, in _load_modules_from_file
    loader.exec_module(new_module)
  File "<frozen importlib._bootstrap_external>", line 678, in exec_module
  File "<frozen importlib._bootstrap>", line 219, in _call_with_frames_removed
  File "/opt/airflow/dags/texas_dags.py", line 21, in <module>
    records = df.to_dict('records')
NameError: name 'df' is not defined
[2022-11-05 14:58:13,801] {scheduler_job.py:641} WARNING - No viable dags retrieved from /opt/airflow/dags/texas_dags.py
[2022-11-05 14:58:13,853] {scheduler_job.py:190} INFO - Processing /opt/airflow/dags/texas_dags.py took 5.613 seconds
[2022-11-05 14:58:44,314] {scheduler_job.py:182} INFO - Started process (PID=183) to work on /opt/airflow/dags/texas_dags.py
[2022-11-05 14:58:44,322] {scheduler_job.py:629} INFO - Processing file /opt/airflow/dags/texas_dags.py for tasks to queue
[2022-11-05 14:58:44,326] {logging_mixin.py:104} INFO - [2022-11-05 14:58:44,326] {dagbag.py:448} INFO - Filling up the DagBag from /opt/airflow/dags/texas_dags.py
[2022-11-05 14:58:46,206] {scheduler_job.py:639} INFO - DAG(s) dict_keys(['get_tax_receipts']) retrieved from /opt/airflow/dags/texas_dags.py
[2022-11-05 14:58:46,288] {logging_mixin.py:104} INFO - [2022-11-05 14:58:46,287] {dag.py:1818} INFO - Sync 1 DAGs
[2022-11-05 14:58:46,322] {logging_mixin.py:104} INFO - [2022-11-05 14:58:46,322] {dag.py:1837} INFO - Creating ORM DAG for get_tax_receipts
[2022-11-05 14:58:46,346] {logging_mixin.py:104} INFO - [2022-11-05 14:58:46,346] {dag.py:2273} INFO - Setting next_dagrun for get_tax_receipts to 2022-11-04T14:58:46.176951+00:00
[2022-11-05 14:58:46,383] {scheduler_job.py:190} INFO - Processing /opt/airflow/dags/texas_dags.py took 2.085 seconds
[2022-11-05 14:59:17,123] {scheduler_job.py:182} INFO - Started process (PID=185) to work on /opt/airflow/dags/texas_dags.py
[2022-11-05 14:59:17,128] {scheduler_job.py:629} INFO - Processing file /opt/airflow/dags/texas_dags.py for tasks to queue
[2022-11-05 14:59:17,132] {logging_mixin.py:104} INFO - [2022-11-05 14:59:17,131] {dagbag.py:448} INFO - Filling up the DagBag from /opt/airflow/dags/texas_dags.py
[2022-11-05 14:59:18,712] {scheduler_job.py:639} INFO - DAG(s) dict_keys(['get_tax_receipts']) retrieved from /opt/airflow/dags/texas_dags.py
[2022-11-05 14:59:18,781] {logging_mixin.py:104} INFO - [2022-11-05 14:59:18,781] {dag.py:1818} INFO - Sync 1 DAGs
[2022-11-05 14:59:18,824] {logging_mixin.py:104} INFO - [2022-11-05 14:59:18,824] {dag.py:2273} INFO - Setting next_dagrun for get_tax_receipts to 2022-11-05 14:58:46.176951+00:00
[2022-11-05 14:59:18,849] {scheduler_job.py:190} INFO - Processing /opt/airflow/dags/texas_dags.py took 1.737 seconds
[2022-11-05 14:59:49,360] {scheduler_job.py:182} INFO - Started process (PID=187) to work on /opt/airflow/dags/texas_dags.py
[2022-11-05 14:59:49,371] {scheduler_job.py:629} INFO - Processing file /opt/airflow/dags/texas_dags.py for tasks to queue
[2022-11-05 14:59:49,376] {logging_mixin.py:104} INFO - [2022-11-05 14:59:49,375] {dagbag.py:448} INFO - Filling up the DagBag from /opt/airflow/dags/texas_dags.py
[2022-11-05 14:59:51,250] {scheduler_job.py:639} INFO - DAG(s) dict_keys(['get_tax_receipts']) retrieved from /opt/airflow/dags/texas_dags.py
[2022-11-05 14:59:51,329] {logging_mixin.py:104} INFO - [2022-11-05 14:59:51,329] {dag.py:1818} INFO - Sync 1 DAGs
[2022-11-05 14:59:51,394] {logging_mixin.py:104} INFO - [2022-11-05 14:59:51,394] {dag.py:2273} INFO - Setting next_dagrun for get_tax_receipts to 2022-11-05 14:58:46.176951+00:00
[2022-11-05 14:59:51,433] {scheduler_job.py:190} INFO - Processing /opt/airflow/dags/texas_dags.py took 2.087 seconds
[2022-11-05 15:00:22,015] {scheduler_job.py:182} INFO - Started process (PID=189) to work on /opt/airflow/dags/texas_dags.py
[2022-11-05 15:00:22,020] {scheduler_job.py:629} INFO - Processing file /opt/airflow/dags/texas_dags.py for tasks to queue
[2022-11-05 15:00:22,024] {logging_mixin.py:104} INFO - [2022-11-05 15:00:22,023] {dagbag.py:448} INFO - Filling up the DagBag from /opt/airflow/dags/texas_dags.py
[2022-11-05 15:00:23,723] {scheduler_job.py:639} INFO - DAG(s) dict_keys(['get_tax_receipts']) retrieved from /opt/airflow/dags/texas_dags.py
[2022-11-05 15:00:23,817] {logging_mixin.py:104} INFO - [2022-11-05 15:00:23,816] {dag.py:1818} INFO - Sync 1 DAGs
[2022-11-05 15:00:23,865] {logging_mixin.py:104} INFO - [2022-11-05 15:00:23,865] {dag.py:2273} INFO - Setting next_dagrun for get_tax_receipts to 2022-11-05 14:58:46.176951+00:00
[2022-11-05 15:00:23,897] {scheduler_job.py:190} INFO - Processing /opt/airflow/dags/texas_dags.py took 1.889 seconds
[2022-11-05 15:00:54,700] {scheduler_job.py:182} INFO - Started process (PID=191) to work on /opt/airflow/dags/texas_dags.py
[2022-11-05 15:00:54,708] {scheduler_job.py:629} INFO - Processing file /opt/airflow/dags/texas_dags.py for tasks to queue
[2022-11-05 15:00:54,712] {logging_mixin.py:104} INFO - [2022-11-05 15:00:54,711] {dagbag.py:448} INFO - Filling up the DagBag from /opt/airflow/dags/texas_dags.py
[2022-11-05 15:00:56,252] {scheduler_job.py:639} INFO - DAG(s) dict_keys(['get_tax_receipts']) retrieved from /opt/airflow/dags/texas_dags.py
[2022-11-05 15:00:56,325] {logging_mixin.py:104} INFO - [2022-11-05 15:00:56,325] {dag.py:1818} INFO - Sync 1 DAGs
[2022-11-05 15:00:56,369] {logging_mixin.py:104} INFO - [2022-11-05 15:00:56,369] {dag.py:2273} INFO - Setting next_dagrun for get_tax_receipts to 2022-11-05 14:58:46.176951+00:00
[2022-11-05 15:00:56,397] {scheduler_job.py:190} INFO - Processing /opt/airflow/dags/texas_dags.py took 1.711 seconds
[2022-11-05 15:01:26,783] {scheduler_job.py:182} INFO - Started process (PID=193) to work on /opt/airflow/dags/texas_dags.py
[2022-11-05 15:01:26,790] {scheduler_job.py:629} INFO - Processing file /opt/airflow/dags/texas_dags.py for tasks to queue
[2022-11-05 15:01:26,794] {logging_mixin.py:104} INFO - [2022-11-05 15:01:26,793] {dagbag.py:448} INFO - Filling up the DagBag from /opt/airflow/dags/texas_dags.py
[2022-11-05 15:01:28,673] {scheduler_job.py:639} INFO - DAG(s) dict_keys(['get_tax_receipts']) retrieved from /opt/airflow/dags/texas_dags.py
[2022-11-05 15:01:28,870] {logging_mixin.py:104} INFO - [2022-11-05 15:01:28,869] {dag.py:1818} INFO - Sync 1 DAGs
[2022-11-05 15:01:28,930] {logging_mixin.py:104} INFO - [2022-11-05 15:01:28,929] {dag.py:1837} INFO - Creating ORM DAG for get_tax_receipts
[2022-11-05 15:01:28,954] {logging_mixin.py:104} INFO - [2022-11-05 15:01:28,954] {dag.py:2273} INFO - Setting next_dagrun for get_tax_receipts to 2022-11-04T15:01:28.626560+00:00
[2022-11-05 15:01:29,009] {scheduler_job.py:190} INFO - Processing /opt/airflow/dags/texas_dags.py took 2.238 seconds
[2022-11-05 15:01:59,574] {scheduler_job.py:182} INFO - Started process (PID=195) to work on /opt/airflow/dags/texas_dags.py
[2022-11-05 15:01:59,581] {scheduler_job.py:629} INFO - Processing file /opt/airflow/dags/texas_dags.py for tasks to queue
[2022-11-05 15:01:59,586] {logging_mixin.py:104} INFO - [2022-11-05 15:01:59,585] {dagbag.py:448} INFO - Filling up the DagBag from /opt/airflow/dags/texas_dags.py
[2022-11-05 15:02:01,356] {scheduler_job.py:639} INFO - DAG(s) dict_keys(['get_tax_receipts']) retrieved from /opt/airflow/dags/texas_dags.py
[2022-11-05 15:02:01,425] {logging_mixin.py:104} INFO - [2022-11-05 15:02:01,425] {dag.py:1818} INFO - Sync 1 DAGs
[2022-11-05 15:02:01,472] {logging_mixin.py:104} INFO - [2022-11-05 15:02:01,472] {dag.py:2273} INFO - Setting next_dagrun for get_tax_receipts to 2022-11-05 15:01:28.626560+00:00
[2022-11-05 15:02:01,495] {scheduler_job.py:190} INFO - Processing /opt/airflow/dags/texas_dags.py took 1.934 seconds
[2022-11-05 15:02:32,052] {scheduler_job.py:182} INFO - Started process (PID=197) to work on /opt/airflow/dags/texas_dags.py
[2022-11-05 15:02:32,061] {scheduler_job.py:629} INFO - Processing file /opt/airflow/dags/texas_dags.py for tasks to queue
[2022-11-05 15:02:32,067] {logging_mixin.py:104} INFO - [2022-11-05 15:02:32,066] {dagbag.py:448} INFO - Filling up the DagBag from /opt/airflow/dags/texas_dags.py
[2022-11-05 15:02:33,606] {scheduler_job.py:639} INFO - DAG(s) dict_keys(['get_tax_receipts']) retrieved from /opt/airflow/dags/texas_dags.py
[2022-11-05 15:02:33,677] {logging_mixin.py:104} INFO - [2022-11-05 15:02:33,676] {dag.py:1818} INFO - Sync 1 DAGs
[2022-11-05 15:02:33,725] {logging_mixin.py:104} INFO - [2022-11-05 15:02:33,725] {dag.py:2273} INFO - Setting next_dagrun for get_tax_receipts to 2022-11-05 15:01:28.626560+00:00
[2022-11-05 15:02:33,748] {scheduler_job.py:190} INFO - Processing /opt/airflow/dags/texas_dags.py took 1.708 seconds
[2022-11-05 15:03:03,885] {scheduler_job.py:182} INFO - Started process (PID=199) to work on /opt/airflow/dags/texas_dags.py
[2022-11-05 15:03:03,891] {scheduler_job.py:629} INFO - Processing file /opt/airflow/dags/texas_dags.py for tasks to queue
[2022-11-05 15:03:03,894] {logging_mixin.py:104} INFO - [2022-11-05 15:03:03,894] {dagbag.py:448} INFO - Filling up the DagBag from /opt/airflow/dags/texas_dags.py
[2022-11-05 15:03:05,693] {scheduler_job.py:639} INFO - DAG(s) dict_keys(['get_tax_receipts']) retrieved from /opt/airflow/dags/texas_dags.py
[2022-11-05 15:03:05,790] {logging_mixin.py:104} INFO - [2022-11-05 15:03:05,789] {dag.py:1818} INFO - Sync 1 DAGs
[2022-11-05 15:03:05,841] {logging_mixin.py:104} INFO - [2022-11-05 15:03:05,841] {dag.py:2273} INFO - Setting next_dagrun for get_tax_receipts to 2022-11-05 15:01:28.626560+00:00
[2022-11-05 15:03:05,865] {scheduler_job.py:190} INFO - Processing /opt/airflow/dags/texas_dags.py took 1.992 seconds
[2022-11-05 15:03:36,619] {scheduler_job.py:182} INFO - Started process (PID=201) to work on /opt/airflow/dags/texas_dags.py
[2022-11-05 15:03:36,626] {scheduler_job.py:629} INFO - Processing file /opt/airflow/dags/texas_dags.py for tasks to queue
[2022-11-05 15:03:36,629] {logging_mixin.py:104} INFO - [2022-11-05 15:03:36,629] {dagbag.py:448} INFO - Filling up the DagBag from /opt/airflow/dags/texas_dags.py
[2022-11-05 15:03:38,270] {scheduler_job.py:639} INFO - DAG(s) dict_keys(['get_tax_receipts']) retrieved from /opt/airflow/dags/texas_dags.py
[2022-11-05 15:03:38,359] {logging_mixin.py:104} INFO - [2022-11-05 15:03:38,358] {dag.py:1818} INFO - Sync 1 DAGs
[2022-11-05 15:03:38,409] {logging_mixin.py:104} INFO - [2022-11-05 15:03:38,409] {dag.py:2273} INFO - Setting next_dagrun for get_tax_receipts to 2022-11-05 15:01:28.626560+00:00
[2022-11-05 15:03:38,435] {scheduler_job.py:190} INFO - Processing /opt/airflow/dags/texas_dags.py took 1.837 seconds
[2022-11-05 15:04:09,340] {scheduler_job.py:182} INFO - Started process (PID=203) to work on /opt/airflow/dags/texas_dags.py
[2022-11-05 15:04:09,346] {scheduler_job.py:629} INFO - Processing file /opt/airflow/dags/texas_dags.py for tasks to queue
[2022-11-05 15:04:09,368] {logging_mixin.py:104} INFO - [2022-11-05 15:04:09,367] {dagbag.py:448} INFO - Filling up the DagBag from /opt/airflow/dags/texas_dags.py
[2022-11-05 15:04:11,317] {scheduler_job.py:639} INFO - DAG(s) dict_keys(['get_tax_receipts']) retrieved from /opt/airflow/dags/texas_dags.py
[2022-11-05 15:04:11,461] {logging_mixin.py:104} INFO - [2022-11-05 15:04:11,460] {dag.py:1818} INFO - Sync 1 DAGs
[2022-11-05 15:04:11,532] {logging_mixin.py:104} INFO - [2022-11-05 15:04:11,532] {dag.py:2273} INFO - Setting next_dagrun for get_tax_receipts to 2022-11-05 15:01:28.626560+00:00
[2022-11-05 15:04:11,577] {scheduler_job.py:190} INFO - Processing /opt/airflow/dags/texas_dags.py took 2.265 seconds
[2022-11-05 15:04:42,006] {scheduler_job.py:182} INFO - Started process (PID=205) to work on /opt/airflow/dags/texas_dags.py
[2022-11-05 15:04:42,011] {scheduler_job.py:629} INFO - Processing file /opt/airflow/dags/texas_dags.py for tasks to queue
[2022-11-05 15:04:42,016] {logging_mixin.py:104} INFO - [2022-11-05 15:04:42,016] {dagbag.py:448} INFO - Filling up the DagBag from /opt/airflow/dags/texas_dags.py
[2022-11-05 15:04:43,628] {scheduler_job.py:639} INFO - DAG(s) dict_keys(['get_tax_receipts']) retrieved from /opt/airflow/dags/texas_dags.py
[2022-11-05 15:04:43,702] {logging_mixin.py:104} INFO - [2022-11-05 15:04:43,702] {dag.py:1818} INFO - Sync 1 DAGs
[2022-11-05 15:04:43,757] {logging_mixin.py:104} INFO - [2022-11-05 15:04:43,757] {dag.py:2273} INFO - Setting next_dagrun for get_tax_receipts to 2022-11-05 15:01:28.626560+00:00
[2022-11-05 15:04:43,786] {scheduler_job.py:190} INFO - Processing /opt/airflow/dags/texas_dags.py took 1.792 seconds
[2022-11-05 15:05:14,204] {scheduler_job.py:182} INFO - Started process (PID=207) to work on /opt/airflow/dags/texas_dags.py
[2022-11-05 15:05:14,210] {scheduler_job.py:629} INFO - Processing file /opt/airflow/dags/texas_dags.py for tasks to queue
[2022-11-05 15:05:14,213] {logging_mixin.py:104} INFO - [2022-11-05 15:05:14,213] {dagbag.py:448} INFO - Filling up the DagBag from /opt/airflow/dags/texas_dags.py
[2022-11-05 15:05:15,906] {scheduler_job.py:639} INFO - DAG(s) dict_keys(['get_tax_receipts']) retrieved from /opt/airflow/dags/texas_dags.py
[2022-11-05 15:05:15,985] {logging_mixin.py:104} INFO - [2022-11-05 15:05:15,984] {dag.py:1818} INFO - Sync 1 DAGs
[2022-11-05 15:05:16,019] {logging_mixin.py:104} INFO - [2022-11-05 15:05:16,018] {dag.py:1837} INFO - Creating ORM DAG for get_tax_receipts
[2022-11-05 15:05:16,045] {logging_mixin.py:104} INFO - [2022-11-05 15:05:16,045] {dag.py:2273} INFO - Setting next_dagrun for get_tax_receipts to 2022-11-04T15:05:15.881295+00:00
[2022-11-05 15:05:16,077] {scheduler_job.py:190} INFO - Processing /opt/airflow/dags/texas_dags.py took 1.885 seconds
[2022-11-05 15:05:46,493] {scheduler_job.py:182} INFO - Started process (PID=209) to work on /opt/airflow/dags/texas_dags.py
[2022-11-05 15:05:46,498] {scheduler_job.py:629} INFO - Processing file /opt/airflow/dags/texas_dags.py for tasks to queue
[2022-11-05 15:05:46,506] {logging_mixin.py:104} INFO - [2022-11-05 15:05:46,505] {dagbag.py:448} INFO - Filling up the DagBag from /opt/airflow/dags/texas_dags.py
[2022-11-05 15:05:48,216] {scheduler_job.py:639} INFO - DAG(s) dict_keys(['get_tax_receipts']) retrieved from /opt/airflow/dags/texas_dags.py
[2022-11-05 15:05:48,281] {logging_mixin.py:104} INFO - [2022-11-05 15:05:48,281] {dag.py:1818} INFO - Sync 1 DAGs
[2022-11-05 15:05:48,328] {logging_mixin.py:104} INFO - [2022-11-05 15:05:48,327] {dag.py:2273} INFO - Setting next_dagrun for get_tax_receipts to 2022-11-05 15:05:15.881295+00:00
[2022-11-05 15:05:48,349] {scheduler_job.py:190} INFO - Processing /opt/airflow/dags/texas_dags.py took 1.871 seconds
[2022-11-05 15:06:18,836] {scheduler_job.py:182} INFO - Started process (PID=211) to work on /opt/airflow/dags/texas_dags.py
[2022-11-05 15:06:18,841] {scheduler_job.py:629} INFO - Processing file /opt/airflow/dags/texas_dags.py for tasks to queue
[2022-11-05 15:06:18,849] {logging_mixin.py:104} INFO - [2022-11-05 15:06:18,846] {dagbag.py:448} INFO - Filling up the DagBag from /opt/airflow/dags/texas_dags.py
[2022-11-05 15:06:20,629] {scheduler_job.py:639} INFO - DAG(s) dict_keys(['get_tax_receipts']) retrieved from /opt/airflow/dags/texas_dags.py
[2022-11-05 15:06:20,718] {logging_mixin.py:104} INFO - [2022-11-05 15:06:20,717] {dag.py:1818} INFO - Sync 1 DAGs
[2022-11-05 15:06:20,790] {logging_mixin.py:104} INFO - [2022-11-05 15:06:20,790] {dag.py:2273} INFO - Setting next_dagrun for get_tax_receipts to 2022-11-05 15:05:15.881295+00:00
[2022-11-05 15:06:20,819] {scheduler_job.py:190} INFO - Processing /opt/airflow/dags/texas_dags.py took 1.998 seconds
[2022-11-05 15:06:51,513] {scheduler_job.py:182} INFO - Started process (PID=213) to work on /opt/airflow/dags/texas_dags.py
[2022-11-05 15:06:51,520] {scheduler_job.py:629} INFO - Processing file /opt/airflow/dags/texas_dags.py for tasks to queue
[2022-11-05 15:06:51,523] {logging_mixin.py:104} INFO - [2022-11-05 15:06:51,523] {dagbag.py:448} INFO - Filling up the DagBag from /opt/airflow/dags/texas_dags.py
[2022-11-05 15:06:53,092] {scheduler_job.py:639} INFO - DAG(s) dict_keys(['get_tax_receipts']) retrieved from /opt/airflow/dags/texas_dags.py
[2022-11-05 15:06:53,174] {logging_mixin.py:104} INFO - [2022-11-05 15:06:53,173] {dag.py:1818} INFO - Sync 1 DAGs
[2022-11-05 15:06:53,230] {logging_mixin.py:104} INFO - [2022-11-05 15:06:53,230] {dag.py:2273} INFO - Setting next_dagrun for get_tax_receipts to 2022-11-05 15:05:15.881295+00:00
[2022-11-05 15:06:53,254] {scheduler_job.py:190} INFO - Processing /opt/airflow/dags/texas_dags.py took 1.765 seconds
