[2022-11-05 14:51:58,612] {taskinstance.py:851} INFO - Dependencies all met for <TaskInstance: get_tax_receipts.retrieve_receipts 2022-11-04T14:51:29.395015+00:00 [queued]>
[2022-11-05 14:51:58,696] {taskinstance.py:851} INFO - Dependencies all met for <TaskInstance: get_tax_receipts.retrieve_receipts 2022-11-04T14:51:29.395015+00:00 [queued]>
[2022-11-05 14:51:58,700] {taskinstance.py:1042} INFO - 
--------------------------------------------------------------------------------
[2022-11-05 14:51:58,705] {taskinstance.py:1043} INFO - Starting attempt 1 of 1
[2022-11-05 14:51:58,708] {taskinstance.py:1044} INFO - 
--------------------------------------------------------------------------------
[2022-11-05 14:51:58,770] {taskinstance.py:1063} INFO - Executing <Task(PythonOperator): retrieve_receipts> on 2022-11-04T14:51:29.395015+00:00
[2022-11-05 14:51:58,784] {standard_task_runner.py:52} INFO - Started process 84 to run task
[2022-11-05 14:51:58,819] {standard_task_runner.py:76} INFO - Running: ['airflow', 'tasks', 'run', 'get_tax_receipts', 'retrieve_receipts', '2022-11-04T14:51:29.395015+00:00', '--job-id', '36', '--pool', 'default_pool', '--raw', '--subdir', 'DAGS_FOLDER/texas_dags.py', '--cfg-path', '/tmp/tmp_ujxe9sj', '--error-file', '/tmp/tmpdmdxe8r8']
[2022-11-05 14:51:58,823] {standard_task_runner.py:77} INFO - Job 36: Subtask retrieve_receipts
[2022-11-05 14:51:59,053] {logging_mixin.py:104} INFO - Running <TaskInstance: get_tax_receipts.retrieve_receipts 2022-11-04T14:51:29.395015+00:00 [running]> on host c0f23e4d7a13
[2022-11-05 14:51:59,146] {taskinstance.py:1257} INFO - Exporting the following env vars:
AIRFLOW_CTX_DAG_OWNER=airflow
AIRFLOW_CTX_DAG_ID=get_tax_receipts
AIRFLOW_CTX_TASK_ID=retrieve_receipts
AIRFLOW_CTX_EXECUTION_DATE=2022-11-04T14:51:29.395015+00:00
AIRFLOW_CTX_DAG_RUN_ID=scheduled__2022-11-04T14:51:29.395015+00:00
[2022-11-05 14:51:59,151] {logging_mixin.py:104} INFO - getting receipts
[2022-11-05 14:51:59,152] {python.py:118} INFO - Done. Returned value was: None
[2022-11-05 14:51:59,179] {taskinstance.py:1166} INFO - Marking task as SUCCESS. dag_id=get_tax_receipts, task_id=retrieve_receipts, execution_date=20221104T145129, start_date=20221105T145158, end_date=20221105T145159
[2022-11-05 14:51:59,264] {taskinstance.py:1220} INFO - 1 downstream tasks scheduled from follow-on schedule check
[2022-11-05 14:51:59,328] {local_task_job.py:146} INFO - Task exited with return code 0
