[2022-11-05 14:45:39,335] {taskinstance.py:851} INFO - Dependencies all met for <TaskInstance: get_tax_receipts.retrieve_receipts 2022-11-04T14:45:21.630630+00:00 [queued]>
[2022-11-05 14:45:39,378] {taskinstance.py:851} INFO - Dependencies all met for <TaskInstance: get_tax_receipts.retrieve_receipts 2022-11-04T14:45:21.630630+00:00 [queued]>
[2022-11-05 14:45:39,380] {taskinstance.py:1042} INFO - 
--------------------------------------------------------------------------------
[2022-11-05 14:45:39,382] {taskinstance.py:1043} INFO - Starting attempt 1 of 1
[2022-11-05 14:45:39,383] {taskinstance.py:1044} INFO - 
--------------------------------------------------------------------------------
[2022-11-05 14:45:39,408] {taskinstance.py:1063} INFO - Executing <Task(PythonOperator): retrieve_receipts> on 2022-11-04T14:45:21.630630+00:00
[2022-11-05 14:45:39,419] {standard_task_runner.py:52} INFO - Started process 80 to run task
[2022-11-05 14:45:39,433] {standard_task_runner.py:76} INFO - Running: ['airflow', 'tasks', 'run', 'get_tax_receipts', 'retrieve_receipts', '2022-11-04T14:45:21.630630+00:00', '--job-id', '35', '--pool', 'default_pool', '--raw', '--subdir', 'DAGS_FOLDER/texas_dags.py', '--cfg-path', '/tmp/tmp0mfyaxwc', '--error-file', '/tmp/tmpj7s3ep79']
[2022-11-05 14:45:39,435] {standard_task_runner.py:77} INFO - Job 35: Subtask retrieve_receipts
[2022-11-05 14:45:39,537] {logging_mixin.py:104} INFO - Running <TaskInstance: get_tax_receipts.retrieve_receipts 2022-11-04T14:45:21.630630+00:00 [running]> on host c0f23e4d7a13
[2022-11-05 14:45:39,637] {taskinstance.py:1257} INFO - Exporting the following env vars:
AIRFLOW_CTX_DAG_OWNER=airflow
AIRFLOW_CTX_DAG_ID=get_tax_receipts
AIRFLOW_CTX_TASK_ID=retrieve_receipts
AIRFLOW_CTX_EXECUTION_DATE=2022-11-04T14:45:21.630630+00:00
AIRFLOW_CTX_DAG_RUN_ID=scheduled__2022-11-04T14:45:21.630630+00:00
[2022-11-05 14:45:39,641] {logging_mixin.py:104} INFO - getting receipts
[2022-11-05 14:45:39,642] {python.py:118} INFO - Done. Returned value was: None
[2022-11-05 14:45:39,671] {taskinstance.py:1166} INFO - Marking task as SUCCESS. dag_id=get_tax_receipts, task_id=retrieve_receipts, execution_date=20221104T144521, start_date=20221105T144539, end_date=20221105T144539
[2022-11-05 14:45:39,773] {taskinstance.py:1220} INFO - 0 downstream tasks scheduled from follow-on schedule check
[2022-11-05 14:45:39,812] {local_task_job.py:146} INFO - Task exited with return code 0
