[2022-11-05 14:16:06,819] {scheduler_job.py:182} INFO - Started process (PID=83) to work on /home/airflow/.local/lib/python3.6/site-packages/airflow/example_dags/example_branch_operator.py
[2022-11-05 14:16:06,825] {scheduler_job.py:629} INFO - Processing file /home/airflow/.local/lib/python3.6/site-packages/airflow/example_dags/example_branch_operator.py for tasks to queue
[2022-11-05 14:16:06,828] {logging_mixin.py:104} INFO - [2022-11-05 14:16:06,827] {dagbag.py:448} INFO - Filling up the DagBag from /home/airflow/.local/lib/python3.6/site-packages/airflow/example_dags/example_branch_operator.py
[2022-11-05 14:16:06,912] {scheduler_job.py:639} INFO - DAG(s) dict_keys(['example_branch_operator']) retrieved from /home/airflow/.local/lib/python3.6/site-packages/airflow/example_dags/example_branch_operator.py
[2022-11-05 14:16:06,998] {logging_mixin.py:104} INFO - [2022-11-05 14:16:06,998] {dag.py:1818} INFO - Sync 1 DAGs
[2022-11-05 14:16:07,044] {logging_mixin.py:104} INFO - [2022-11-05 14:16:07,044] {dag.py:1837} INFO - Creating ORM DAG for example_branch_operator
[2022-11-05 14:16:07,120] {logging_mixin.py:104} INFO - [2022-11-05 14:16:07,119] {dag.py:2273} INFO - Setting next_dagrun for example_branch_operator to 2022-11-03 00:00:00+00:00
[2022-11-05 14:16:07,184] {scheduler_job.py:190} INFO - Processing /home/airflow/.local/lib/python3.6/site-packages/airflow/example_dags/example_branch_operator.py took 0.372 seconds
[2022-11-05 14:16:39,135] {scheduler_job.py:182} INFO - Started process (PID=143) to work on /home/airflow/.local/lib/python3.6/site-packages/airflow/example_dags/example_branch_operator.py
[2022-11-05 14:16:39,145] {scheduler_job.py:629} INFO - Processing file /home/airflow/.local/lib/python3.6/site-packages/airflow/example_dags/example_branch_operator.py for tasks to queue
[2022-11-05 14:16:39,151] {logging_mixin.py:104} INFO - [2022-11-05 14:16:39,151] {dagbag.py:448} INFO - Filling up the DagBag from /home/airflow/.local/lib/python3.6/site-packages/airflow/example_dags/example_branch_operator.py
[2022-11-05 14:16:39,335] {scheduler_job.py:639} INFO - DAG(s) dict_keys(['example_branch_operator']) retrieved from /home/airflow/.local/lib/python3.6/site-packages/airflow/example_dags/example_branch_operator.py
[2022-11-05 14:16:39,459] {logging_mixin.py:104} INFO - [2022-11-05 14:16:39,458] {dag.py:1818} INFO - Sync 1 DAGs
[2022-11-05 14:16:39,841] {logging_mixin.py:104} INFO - [2022-11-05 14:16:39,840] {dag.py:2273} INFO - Setting next_dagrun for example_branch_operator to 2022-11-03 00:00:00+00:00
[2022-11-05 14:16:39,909] {scheduler_job.py:190} INFO - Processing /home/airflow/.local/lib/python3.6/site-packages/airflow/example_dags/example_branch_operator.py took 0.786 seconds
[2022-11-05 14:17:12,797] {scheduler_job.py:182} INFO - Started process (PID=201) to work on /home/airflow/.local/lib/python3.6/site-packages/airflow/example_dags/example_branch_operator.py
[2022-11-05 14:17:12,810] {scheduler_job.py:629} INFO - Processing file /home/airflow/.local/lib/python3.6/site-packages/airflow/example_dags/example_branch_operator.py for tasks to queue
[2022-11-05 14:17:12,825] {logging_mixin.py:104} INFO - [2022-11-05 14:17:12,824] {dagbag.py:448} INFO - Filling up the DagBag from /home/airflow/.local/lib/python3.6/site-packages/airflow/example_dags/example_branch_operator.py
[2022-11-05 14:17:13,022] {scheduler_job.py:639} INFO - DAG(s) dict_keys(['example_branch_operator']) retrieved from /home/airflow/.local/lib/python3.6/site-packages/airflow/example_dags/example_branch_operator.py
[2022-11-05 14:17:13,233] {logging_mixin.py:104} INFO - [2022-11-05 14:17:13,231] {dag.py:1818} INFO - Sync 1 DAGs
[2022-11-05 14:17:13,573] {logging_mixin.py:104} INFO - [2022-11-05 14:17:13,572] {dag.py:2273} INFO - Setting next_dagrun for example_branch_operator to 2022-11-03 00:00:00+00:00
[2022-11-05 14:17:13,635] {scheduler_job.py:190} INFO - Processing /home/airflow/.local/lib/python3.6/site-packages/airflow/example_dags/example_branch_operator.py took 0.879 seconds
[2022-11-05 14:17:44,036] {scheduler_job.py:182} INFO - Started process (PID=255) to work on /home/airflow/.local/lib/python3.6/site-packages/airflow/example_dags/example_branch_operator.py
[2022-11-05 14:17:44,048] {scheduler_job.py:629} INFO - Processing file /home/airflow/.local/lib/python3.6/site-packages/airflow/example_dags/example_branch_operator.py for tasks to queue
[2022-11-05 14:17:44,055] {logging_mixin.py:104} INFO - [2022-11-05 14:17:44,055] {dagbag.py:448} INFO - Filling up the DagBag from /home/airflow/.local/lib/python3.6/site-packages/airflow/example_dags/example_branch_operator.py
[2022-11-05 14:17:44,178] {scheduler_job.py:639} INFO - DAG(s) dict_keys(['example_branch_operator']) retrieved from /home/airflow/.local/lib/python3.6/site-packages/airflow/example_dags/example_branch_operator.py
[2022-11-05 14:17:44,342] {logging_mixin.py:104} INFO - [2022-11-05 14:17:44,341] {dag.py:1818} INFO - Sync 1 DAGs
[2022-11-05 14:17:44,512] {logging_mixin.py:104} INFO - [2022-11-05 14:17:44,511] {dag.py:2273} INFO - Setting next_dagrun for example_branch_operator to 2022-11-03 00:00:00+00:00
[2022-11-05 14:17:44,578] {scheduler_job.py:190} INFO - Processing /home/airflow/.local/lib/python3.6/site-packages/airflow/example_dags/example_branch_operator.py took 0.559 seconds
[2022-11-05 14:18:14,633] {scheduler_job.py:182} INFO - Started process (PID=309) to work on /home/airflow/.local/lib/python3.6/site-packages/airflow/example_dags/example_branch_operator.py
[2022-11-05 14:18:14,638] {scheduler_job.py:629} INFO - Processing file /home/airflow/.local/lib/python3.6/site-packages/airflow/example_dags/example_branch_operator.py for tasks to queue
[2022-11-05 14:18:14,643] {logging_mixin.py:104} INFO - [2022-11-05 14:18:14,642] {dagbag.py:448} INFO - Filling up the DagBag from /home/airflow/.local/lib/python3.6/site-packages/airflow/example_dags/example_branch_operator.py
[2022-11-05 14:18:14,698] {scheduler_job.py:639} INFO - DAG(s) dict_keys(['example_branch_operator']) retrieved from /home/airflow/.local/lib/python3.6/site-packages/airflow/example_dags/example_branch_operator.py
[2022-11-05 14:18:14,755] {logging_mixin.py:104} INFO - [2022-11-05 14:18:14,754] {dag.py:1818} INFO - Sync 1 DAGs
[2022-11-05 14:18:14,829] {logging_mixin.py:104} INFO - [2022-11-05 14:18:14,828] {dag.py:2273} INFO - Setting next_dagrun for example_branch_operator to 2022-11-03 00:00:00+00:00
[2022-11-05 14:18:14,852] {scheduler_job.py:190} INFO - Processing /home/airflow/.local/lib/python3.6/site-packages/airflow/example_dags/example_branch_operator.py took 0.228 seconds
[2022-11-05 14:18:45,045] {scheduler_job.py:182} INFO - Started process (PID=363) to work on /home/airflow/.local/lib/python3.6/site-packages/airflow/example_dags/example_branch_operator.py
[2022-11-05 14:18:45,050] {scheduler_job.py:629} INFO - Processing file /home/airflow/.local/lib/python3.6/site-packages/airflow/example_dags/example_branch_operator.py for tasks to queue
[2022-11-05 14:18:45,052] {logging_mixin.py:104} INFO - [2022-11-05 14:18:45,052] {dagbag.py:448} INFO - Filling up the DagBag from /home/airflow/.local/lib/python3.6/site-packages/airflow/example_dags/example_branch_operator.py
[2022-11-05 14:18:45,102] {scheduler_job.py:639} INFO - DAG(s) dict_keys(['example_branch_operator']) retrieved from /home/airflow/.local/lib/python3.6/site-packages/airflow/example_dags/example_branch_operator.py
[2022-11-05 14:18:45,158] {logging_mixin.py:104} INFO - [2022-11-05 14:18:45,157] {dag.py:1818} INFO - Sync 1 DAGs
[2022-11-05 14:18:45,231] {logging_mixin.py:104} INFO - [2022-11-05 14:18:45,231] {dag.py:2273} INFO - Setting next_dagrun for example_branch_operator to 2022-11-03 00:00:00+00:00
[2022-11-05 14:18:45,255] {scheduler_job.py:190} INFO - Processing /home/airflow/.local/lib/python3.6/site-packages/airflow/example_dags/example_branch_operator.py took 0.217 seconds
[2022-11-05 14:19:15,372] {scheduler_job.py:182} INFO - Started process (PID=417) to work on /home/airflow/.local/lib/python3.6/site-packages/airflow/example_dags/example_branch_operator.py
[2022-11-05 14:19:15,376] {scheduler_job.py:629} INFO - Processing file /home/airflow/.local/lib/python3.6/site-packages/airflow/example_dags/example_branch_operator.py for tasks to queue
[2022-11-05 14:19:15,380] {logging_mixin.py:104} INFO - [2022-11-05 14:19:15,379] {dagbag.py:448} INFO - Filling up the DagBag from /home/airflow/.local/lib/python3.6/site-packages/airflow/example_dags/example_branch_operator.py
[2022-11-05 14:19:15,436] {scheduler_job.py:639} INFO - DAG(s) dict_keys(['example_branch_operator']) retrieved from /home/airflow/.local/lib/python3.6/site-packages/airflow/example_dags/example_branch_operator.py
[2022-11-05 14:19:15,500] {logging_mixin.py:104} INFO - [2022-11-05 14:19:15,500] {dag.py:1818} INFO - Sync 1 DAGs
[2022-11-05 14:19:15,594] {logging_mixin.py:104} INFO - [2022-11-05 14:19:15,593] {dag.py:2273} INFO - Setting next_dagrun for example_branch_operator to 2022-11-03 00:00:00+00:00
[2022-11-05 14:19:15,621] {scheduler_job.py:190} INFO - Processing /home/airflow/.local/lib/python3.6/site-packages/airflow/example_dags/example_branch_operator.py took 0.257 seconds
[2022-11-05 14:19:46,077] {scheduler_job.py:182} INFO - Started process (PID=471) to work on /home/airflow/.local/lib/python3.6/site-packages/airflow/example_dags/example_branch_operator.py
[2022-11-05 14:19:46,082] {scheduler_job.py:629} INFO - Processing file /home/airflow/.local/lib/python3.6/site-packages/airflow/example_dags/example_branch_operator.py for tasks to queue
[2022-11-05 14:19:46,088] {logging_mixin.py:104} INFO - [2022-11-05 14:19:46,087] {dagbag.py:448} INFO - Filling up the DagBag from /home/airflow/.local/lib/python3.6/site-packages/airflow/example_dags/example_branch_operator.py
[2022-11-05 14:19:46,143] {scheduler_job.py:639} INFO - DAG(s) dict_keys(['example_branch_operator']) retrieved from /home/airflow/.local/lib/python3.6/site-packages/airflow/example_dags/example_branch_operator.py
[2022-11-05 14:19:46,203] {logging_mixin.py:104} INFO - [2022-11-05 14:19:46,202] {dag.py:1818} INFO - Sync 1 DAGs
[2022-11-05 14:19:46,285] {logging_mixin.py:104} INFO - [2022-11-05 14:19:46,284] {dag.py:2273} INFO - Setting next_dagrun for example_branch_operator to 2022-11-03 00:00:00+00:00
[2022-11-05 14:19:46,308] {scheduler_job.py:190} INFO - Processing /home/airflow/.local/lib/python3.6/site-packages/airflow/example_dags/example_branch_operator.py took 0.237 seconds
