[2022-11-05 14:16:04,839] {scheduler_job.py:182} INFO - Started process (PID=61) to work on /home/airflow/.local/lib/python3.6/site-packages/airflow/example_dags/example_python_operator.py
[2022-11-05 14:16:04,844] {scheduler_job.py:629} INFO - Processing file /home/airflow/.local/lib/python3.6/site-packages/airflow/example_dags/example_python_operator.py for tasks to queue
[2022-11-05 14:16:04,847] {logging_mixin.py:104} INFO - [2022-11-05 14:16:04,847] {dagbag.py:448} INFO - Filling up the DagBag from /home/airflow/.local/lib/python3.6/site-packages/airflow/example_dags/example_python_operator.py
[2022-11-05 14:16:04,903] {scheduler_job.py:639} INFO - DAG(s) dict_keys(['example_python_operator']) retrieved from /home/airflow/.local/lib/python3.6/site-packages/airflow/example_dags/example_python_operator.py
[2022-11-05 14:16:04,992] {logging_mixin.py:104} INFO - [2022-11-05 14:16:04,991] {dag.py:1818} INFO - Sync 1 DAGs
[2022-11-05 14:16:05,041] {logging_mixin.py:104} INFO - [2022-11-05 14:16:05,040] {dag.py:1837} INFO - Creating ORM DAG for example_python_operator
[2022-11-05 14:16:05,062] {logging_mixin.py:104} INFO - [2022-11-05 14:16:05,061] {dag.py:2273} INFO - Setting next_dagrun for example_python_operator to None
[2022-11-05 14:16:05,121] {scheduler_job.py:190} INFO - Processing /home/airflow/.local/lib/python3.6/site-packages/airflow/example_dags/example_python_operator.py took 0.290 seconds
[2022-11-05 14:16:35,828] {scheduler_job.py:182} INFO - Started process (PID=115) to work on /home/airflow/.local/lib/python3.6/site-packages/airflow/example_dags/example_python_operator.py
[2022-11-05 14:16:35,841] {scheduler_job.py:629} INFO - Processing file /home/airflow/.local/lib/python3.6/site-packages/airflow/example_dags/example_python_operator.py for tasks to queue
[2022-11-05 14:16:35,846] {logging_mixin.py:104} INFO - [2022-11-05 14:16:35,845] {dagbag.py:448} INFO - Filling up the DagBag from /home/airflow/.local/lib/python3.6/site-packages/airflow/example_dags/example_python_operator.py
[2022-11-05 14:16:36,006] {scheduler_job.py:639} INFO - DAG(s) dict_keys(['example_python_operator']) retrieved from /home/airflow/.local/lib/python3.6/site-packages/airflow/example_dags/example_python_operator.py
[2022-11-05 14:16:36,104] {logging_mixin.py:104} INFO - [2022-11-05 14:16:36,104] {dag.py:1818} INFO - Sync 1 DAGs
[2022-11-05 14:16:36,169] {logging_mixin.py:104} INFO - [2022-11-05 14:16:36,169] {dag.py:2273} INFO - Setting next_dagrun for example_python_operator to None
[2022-11-05 14:16:36,201] {scheduler_job.py:190} INFO - Processing /home/airflow/.local/lib/python3.6/site-packages/airflow/example_dags/example_python_operator.py took 0.395 seconds
[2022-11-05 14:17:08,075] {scheduler_job.py:182} INFO - Started process (PID=171) to work on /home/airflow/.local/lib/python3.6/site-packages/airflow/example_dags/example_python_operator.py
[2022-11-05 14:17:08,088] {scheduler_job.py:629} INFO - Processing file /home/airflow/.local/lib/python3.6/site-packages/airflow/example_dags/example_python_operator.py for tasks to queue
[2022-11-05 14:17:08,093] {logging_mixin.py:104} INFO - [2022-11-05 14:17:08,092] {dagbag.py:448} INFO - Filling up the DagBag from /home/airflow/.local/lib/python3.6/site-packages/airflow/example_dags/example_python_operator.py
[2022-11-05 14:17:08,193] {scheduler_job.py:639} INFO - DAG(s) dict_keys(['example_python_operator']) retrieved from /home/airflow/.local/lib/python3.6/site-packages/airflow/example_dags/example_python_operator.py
[2022-11-05 14:17:08,389] {logging_mixin.py:104} INFO - [2022-11-05 14:17:08,374] {dag.py:1818} INFO - Sync 1 DAGs
[2022-11-05 14:17:08,524] {logging_mixin.py:104} INFO - [2022-11-05 14:17:08,523] {dag.py:2273} INFO - Setting next_dagrun for example_python_operator to None
[2022-11-05 14:17:08,595] {scheduler_job.py:190} INFO - Processing /home/airflow/.local/lib/python3.6/site-packages/airflow/example_dags/example_python_operator.py took 0.536 seconds
[2022-11-05 14:17:39,038] {scheduler_job.py:182} INFO - Started process (PID=225) to work on /home/airflow/.local/lib/python3.6/site-packages/airflow/example_dags/example_python_operator.py
[2022-11-05 14:17:39,047] {scheduler_job.py:629} INFO - Processing file /home/airflow/.local/lib/python3.6/site-packages/airflow/example_dags/example_python_operator.py for tasks to queue
[2022-11-05 14:17:39,053] {logging_mixin.py:104} INFO - [2022-11-05 14:17:39,052] {dagbag.py:448} INFO - Filling up the DagBag from /home/airflow/.local/lib/python3.6/site-packages/airflow/example_dags/example_python_operator.py
[2022-11-05 14:17:39,139] {scheduler_job.py:639} INFO - DAG(s) dict_keys(['example_python_operator']) retrieved from /home/airflow/.local/lib/python3.6/site-packages/airflow/example_dags/example_python_operator.py
[2022-11-05 14:17:39,228] {logging_mixin.py:104} INFO - [2022-11-05 14:17:39,227] {dag.py:1818} INFO - Sync 1 DAGs
[2022-11-05 14:17:39,290] {logging_mixin.py:104} INFO - [2022-11-05 14:17:39,290] {dag.py:2273} INFO - Setting next_dagrun for example_python_operator to None
[2022-11-05 14:17:39,324] {scheduler_job.py:190} INFO - Processing /home/airflow/.local/lib/python3.6/site-packages/airflow/example_dags/example_python_operator.py took 0.300 seconds
[2022-11-05 14:18:10,099] {scheduler_job.py:182} INFO - Started process (PID=277) to work on /home/airflow/.local/lib/python3.6/site-packages/airflow/example_dags/example_python_operator.py
[2022-11-05 14:18:10,103] {scheduler_job.py:629} INFO - Processing file /home/airflow/.local/lib/python3.6/site-packages/airflow/example_dags/example_python_operator.py for tasks to queue
[2022-11-05 14:18:10,106] {logging_mixin.py:104} INFO - [2022-11-05 14:18:10,105] {dagbag.py:448} INFO - Filling up the DagBag from /home/airflow/.local/lib/python3.6/site-packages/airflow/example_dags/example_python_operator.py
[2022-11-05 14:18:10,152] {scheduler_job.py:639} INFO - DAG(s) dict_keys(['example_python_operator']) retrieved from /home/airflow/.local/lib/python3.6/site-packages/airflow/example_dags/example_python_operator.py
[2022-11-05 14:18:10,223] {logging_mixin.py:104} INFO - [2022-11-05 14:18:10,222] {dag.py:1818} INFO - Sync 1 DAGs
[2022-11-05 14:18:10,276] {logging_mixin.py:104} INFO - [2022-11-05 14:18:10,276] {dag.py:2273} INFO - Setting next_dagrun for example_python_operator to None
[2022-11-05 14:18:10,313] {scheduler_job.py:190} INFO - Processing /home/airflow/.local/lib/python3.6/site-packages/airflow/example_dags/example_python_operator.py took 0.220 seconds
[2022-11-05 14:18:40,793] {scheduler_job.py:182} INFO - Started process (PID=331) to work on /home/airflow/.local/lib/python3.6/site-packages/airflow/example_dags/example_python_operator.py
[2022-11-05 14:18:40,799] {scheduler_job.py:629} INFO - Processing file /home/airflow/.local/lib/python3.6/site-packages/airflow/example_dags/example_python_operator.py for tasks to queue
[2022-11-05 14:18:40,801] {logging_mixin.py:104} INFO - [2022-11-05 14:18:40,801] {dagbag.py:448} INFO - Filling up the DagBag from /home/airflow/.local/lib/python3.6/site-packages/airflow/example_dags/example_python_operator.py
[2022-11-05 14:18:40,843] {scheduler_job.py:639} INFO - DAG(s) dict_keys(['example_python_operator']) retrieved from /home/airflow/.local/lib/python3.6/site-packages/airflow/example_dags/example_python_operator.py
[2022-11-05 14:18:40,918] {logging_mixin.py:104} INFO - [2022-11-05 14:18:40,918] {dag.py:1818} INFO - Sync 1 DAGs
[2022-11-05 14:18:40,963] {logging_mixin.py:104} INFO - [2022-11-05 14:18:40,962] {dag.py:2273} INFO - Setting next_dagrun for example_python_operator to None
[2022-11-05 14:18:40,988] {scheduler_job.py:190} INFO - Processing /home/airflow/.local/lib/python3.6/site-packages/airflow/example_dags/example_python_operator.py took 0.202 seconds
[2022-11-05 14:19:11,370] {scheduler_job.py:182} INFO - Started process (PID=387) to work on /home/airflow/.local/lib/python3.6/site-packages/airflow/example_dags/example_python_operator.py
[2022-11-05 14:19:11,375] {scheduler_job.py:629} INFO - Processing file /home/airflow/.local/lib/python3.6/site-packages/airflow/example_dags/example_python_operator.py for tasks to queue
[2022-11-05 14:19:11,379] {logging_mixin.py:104} INFO - [2022-11-05 14:19:11,378] {dagbag.py:448} INFO - Filling up the DagBag from /home/airflow/.local/lib/python3.6/site-packages/airflow/example_dags/example_python_operator.py
[2022-11-05 14:19:11,431] {scheduler_job.py:639} INFO - DAG(s) dict_keys(['example_python_operator']) retrieved from /home/airflow/.local/lib/python3.6/site-packages/airflow/example_dags/example_python_operator.py
[2022-11-05 14:19:11,502] {logging_mixin.py:104} INFO - [2022-11-05 14:19:11,502] {dag.py:1818} INFO - Sync 1 DAGs
[2022-11-05 14:19:11,551] {logging_mixin.py:104} INFO - [2022-11-05 14:19:11,550] {dag.py:2273} INFO - Setting next_dagrun for example_python_operator to None
[2022-11-05 14:19:11,575] {scheduler_job.py:190} INFO - Processing /home/airflow/.local/lib/python3.6/site-packages/airflow/example_dags/example_python_operator.py took 0.211 seconds
[2022-11-05 14:19:41,996] {scheduler_job.py:182} INFO - Started process (PID=441) to work on /home/airflow/.local/lib/python3.6/site-packages/airflow/example_dags/example_python_operator.py
[2022-11-05 14:19:41,999] {scheduler_job.py:629} INFO - Processing file /home/airflow/.local/lib/python3.6/site-packages/airflow/example_dags/example_python_operator.py for tasks to queue
[2022-11-05 14:19:42,002] {logging_mixin.py:104} INFO - [2022-11-05 14:19:42,002] {dagbag.py:448} INFO - Filling up the DagBag from /home/airflow/.local/lib/python3.6/site-packages/airflow/example_dags/example_python_operator.py
[2022-11-05 14:19:42,053] {scheduler_job.py:639} INFO - DAG(s) dict_keys(['example_python_operator']) retrieved from /home/airflow/.local/lib/python3.6/site-packages/airflow/example_dags/example_python_operator.py
[2022-11-05 14:19:42,118] {logging_mixin.py:104} INFO - [2022-11-05 14:19:42,118] {dag.py:1818} INFO - Sync 1 DAGs
[2022-11-05 14:19:42,167] {logging_mixin.py:104} INFO - [2022-11-05 14:19:42,167] {dag.py:2273} INFO - Setting next_dagrun for example_python_operator to None
[2022-11-05 14:19:42,197] {scheduler_job.py:190} INFO - Processing /home/airflow/.local/lib/python3.6/site-packages/airflow/example_dags/example_python_operator.py took 0.208 seconds
