[2022-11-05 14:16:05,345] {scheduler_job.py:182} INFO - Started process (PID=65) to work on /home/airflow/.local/lib/python3.6/site-packages/airflow/example_dags/example_kubernetes_executor.py
[2022-11-05 14:16:05,350] {scheduler_job.py:629} INFO - Processing file /home/airflow/.local/lib/python3.6/site-packages/airflow/example_dags/example_kubernetes_executor.py for tasks to queue
[2022-11-05 14:16:05,354] {logging_mixin.py:104} INFO - [2022-11-05 14:16:05,353] {dagbag.py:448} INFO - Filling up the DagBag from /home/airflow/.local/lib/python3.6/site-packages/airflow/example_dags/example_kubernetes_executor.py
[2022-11-05 14:16:05,416] {scheduler_job.py:639} INFO - DAG(s) dict_keys(['example_kubernetes_executor']) retrieved from /home/airflow/.local/lib/python3.6/site-packages/airflow/example_dags/example_kubernetes_executor.py
[2022-11-05 14:16:05,517] {logging_mixin.py:104} INFO - [2022-11-05 14:16:05,517] {dag.py:1818} INFO - Sync 1 DAGs
[2022-11-05 14:16:05,561] {logging_mixin.py:104} INFO - [2022-11-05 14:16:05,560] {dag.py:1837} INFO - Creating ORM DAG for example_kubernetes_executor
[2022-11-05 14:16:05,584] {logging_mixin.py:104} INFO - [2022-11-05 14:16:05,583] {dag.py:2273} INFO - Setting next_dagrun for example_kubernetes_executor to None
[2022-11-05 14:16:05,652] {scheduler_job.py:190} INFO - Processing /home/airflow/.local/lib/python3.6/site-packages/airflow/example_dags/example_kubernetes_executor.py took 0.317 seconds
[2022-11-05 14:16:36,103] {scheduler_job.py:182} INFO - Started process (PID=117) to work on /home/airflow/.local/lib/python3.6/site-packages/airflow/example_dags/example_kubernetes_executor.py
[2022-11-05 14:16:36,112] {scheduler_job.py:629} INFO - Processing file /home/airflow/.local/lib/python3.6/site-packages/airflow/example_dags/example_kubernetes_executor.py for tasks to queue
[2022-11-05 14:16:36,116] {logging_mixin.py:104} INFO - [2022-11-05 14:16:36,115] {dagbag.py:448} INFO - Filling up the DagBag from /home/airflow/.local/lib/python3.6/site-packages/airflow/example_dags/example_kubernetes_executor.py
[2022-11-05 14:16:36,201] {scheduler_job.py:639} INFO - DAG(s) dict_keys(['example_kubernetes_executor']) retrieved from /home/airflow/.local/lib/python3.6/site-packages/airflow/example_dags/example_kubernetes_executor.py
[2022-11-05 14:16:36,296] {logging_mixin.py:104} INFO - [2022-11-05 14:16:36,295] {dag.py:1818} INFO - Sync 1 DAGs
[2022-11-05 14:16:36,387] {logging_mixin.py:104} INFO - [2022-11-05 14:16:36,386] {dag.py:2273} INFO - Setting next_dagrun for example_kubernetes_executor to None
[2022-11-05 14:16:36,453] {scheduler_job.py:190} INFO - Processing /home/airflow/.local/lib/python3.6/site-packages/airflow/example_dags/example_kubernetes_executor.py took 0.361 seconds
[2022-11-05 14:17:08,697] {scheduler_job.py:182} INFO - Started process (PID=175) to work on /home/airflow/.local/lib/python3.6/site-packages/airflow/example_dags/example_kubernetes_executor.py
[2022-11-05 14:17:08,706] {scheduler_job.py:629} INFO - Processing file /home/airflow/.local/lib/python3.6/site-packages/airflow/example_dags/example_kubernetes_executor.py for tasks to queue
[2022-11-05 14:17:08,711] {logging_mixin.py:104} INFO - [2022-11-05 14:17:08,711] {dagbag.py:448} INFO - Filling up the DagBag from /home/airflow/.local/lib/python3.6/site-packages/airflow/example_dags/example_kubernetes_executor.py
[2022-11-05 14:17:08,815] {scheduler_job.py:639} INFO - DAG(s) dict_keys(['example_kubernetes_executor']) retrieved from /home/airflow/.local/lib/python3.6/site-packages/airflow/example_dags/example_kubernetes_executor.py
[2022-11-05 14:17:09,026] {logging_mixin.py:104} INFO - [2022-11-05 14:17:09,026] {dag.py:1818} INFO - Sync 1 DAGs
[2022-11-05 14:17:09,159] {logging_mixin.py:104} INFO - [2022-11-05 14:17:09,158] {dag.py:2273} INFO - Setting next_dagrun for example_kubernetes_executor to None
[2022-11-05 14:17:09,221] {scheduler_job.py:190} INFO - Processing /home/airflow/.local/lib/python3.6/site-packages/airflow/example_dags/example_kubernetes_executor.py took 0.538 seconds
[2022-11-05 14:17:39,454] {scheduler_job.py:182} INFO - Started process (PID=229) to work on /home/airflow/.local/lib/python3.6/site-packages/airflow/example_dags/example_kubernetes_executor.py
[2022-11-05 14:17:39,467] {scheduler_job.py:629} INFO - Processing file /home/airflow/.local/lib/python3.6/site-packages/airflow/example_dags/example_kubernetes_executor.py for tasks to queue
[2022-11-05 14:17:39,473] {logging_mixin.py:104} INFO - [2022-11-05 14:17:39,472] {dagbag.py:448} INFO - Filling up the DagBag from /home/airflow/.local/lib/python3.6/site-packages/airflow/example_dags/example_kubernetes_executor.py
[2022-11-05 14:17:39,595] {scheduler_job.py:639} INFO - DAG(s) dict_keys(['example_kubernetes_executor']) retrieved from /home/airflow/.local/lib/python3.6/site-packages/airflow/example_dags/example_kubernetes_executor.py
[2022-11-05 14:17:39,807] {logging_mixin.py:104} INFO - [2022-11-05 14:17:39,806] {dag.py:1818} INFO - Sync 1 DAGs
[2022-11-05 14:17:39,950] {logging_mixin.py:104} INFO - [2022-11-05 14:17:39,949] {dag.py:2273} INFO - Setting next_dagrun for example_kubernetes_executor to None
[2022-11-05 14:17:40,056] {scheduler_job.py:190} INFO - Processing /home/airflow/.local/lib/python3.6/site-packages/airflow/example_dags/example_kubernetes_executor.py took 0.611 seconds
[2022-11-05 14:18:10,366] {scheduler_job.py:182} INFO - Started process (PID=281) to work on /home/airflow/.local/lib/python3.6/site-packages/airflow/example_dags/example_kubernetes_executor.py
[2022-11-05 14:18:10,371] {scheduler_job.py:629} INFO - Processing file /home/airflow/.local/lib/python3.6/site-packages/airflow/example_dags/example_kubernetes_executor.py for tasks to queue
[2022-11-05 14:18:10,373] {logging_mixin.py:104} INFO - [2022-11-05 14:18:10,373] {dagbag.py:448} INFO - Filling up the DagBag from /home/airflow/.local/lib/python3.6/site-packages/airflow/example_dags/example_kubernetes_executor.py
[2022-11-05 14:18:10,422] {scheduler_job.py:639} INFO - DAG(s) dict_keys(['example_kubernetes_executor']) retrieved from /home/airflow/.local/lib/python3.6/site-packages/airflow/example_dags/example_kubernetes_executor.py
[2022-11-05 14:18:10,486] {logging_mixin.py:104} INFO - [2022-11-05 14:18:10,486] {dag.py:1818} INFO - Sync 1 DAGs
[2022-11-05 14:18:10,541] {logging_mixin.py:104} INFO - [2022-11-05 14:18:10,540] {dag.py:2273} INFO - Setting next_dagrun for example_kubernetes_executor to None
[2022-11-05 14:18:10,571] {scheduler_job.py:190} INFO - Processing /home/airflow/.local/lib/python3.6/site-packages/airflow/example_dags/example_kubernetes_executor.py took 0.214 seconds
[2022-11-05 14:18:40,918] {scheduler_job.py:182} INFO - Started process (PID=333) to work on /home/airflow/.local/lib/python3.6/site-packages/airflow/example_dags/example_kubernetes_executor.py
[2022-11-05 14:18:40,923] {scheduler_job.py:629} INFO - Processing file /home/airflow/.local/lib/python3.6/site-packages/airflow/example_dags/example_kubernetes_executor.py for tasks to queue
[2022-11-05 14:18:40,926] {logging_mixin.py:104} INFO - [2022-11-05 14:18:40,925] {dagbag.py:448} INFO - Filling up the DagBag from /home/airflow/.local/lib/python3.6/site-packages/airflow/example_dags/example_kubernetes_executor.py
[2022-11-05 14:18:40,966] {scheduler_job.py:639} INFO - DAG(s) dict_keys(['example_kubernetes_executor']) retrieved from /home/airflow/.local/lib/python3.6/site-packages/airflow/example_dags/example_kubernetes_executor.py
[2022-11-05 14:18:41,036] {logging_mixin.py:104} INFO - [2022-11-05 14:18:41,036] {dag.py:1818} INFO - Sync 1 DAGs
[2022-11-05 14:18:41,083] {logging_mixin.py:104} INFO - [2022-11-05 14:18:41,083] {dag.py:2273} INFO - Setting next_dagrun for example_kubernetes_executor to None
[2022-11-05 14:18:41,109] {scheduler_job.py:190} INFO - Processing /home/airflow/.local/lib/python3.6/site-packages/airflow/example_dags/example_kubernetes_executor.py took 0.198 seconds
[2022-11-05 14:19:11,226] {scheduler_job.py:182} INFO - Started process (PID=385) to work on /home/airflow/.local/lib/python3.6/site-packages/airflow/example_dags/example_kubernetes_executor.py
[2022-11-05 14:19:11,230] {scheduler_job.py:629} INFO - Processing file /home/airflow/.local/lib/python3.6/site-packages/airflow/example_dags/example_kubernetes_executor.py for tasks to queue
[2022-11-05 14:19:11,233] {logging_mixin.py:104} INFO - [2022-11-05 14:19:11,233] {dagbag.py:448} INFO - Filling up the DagBag from /home/airflow/.local/lib/python3.6/site-packages/airflow/example_dags/example_kubernetes_executor.py
[2022-11-05 14:19:11,272] {scheduler_job.py:639} INFO - DAG(s) dict_keys(['example_kubernetes_executor']) retrieved from /home/airflow/.local/lib/python3.6/site-packages/airflow/example_dags/example_kubernetes_executor.py
[2022-11-05 14:19:11,340] {logging_mixin.py:104} INFO - [2022-11-05 14:19:11,340] {dag.py:1818} INFO - Sync 1 DAGs
[2022-11-05 14:19:11,396] {logging_mixin.py:104} INFO - [2022-11-05 14:19:11,395] {dag.py:2273} INFO - Setting next_dagrun for example_kubernetes_executor to None
[2022-11-05 14:19:11,423] {scheduler_job.py:190} INFO - Processing /home/airflow/.local/lib/python3.6/site-packages/airflow/example_dags/example_kubernetes_executor.py took 0.203 seconds
[2022-11-05 14:19:41,868] {scheduler_job.py:182} INFO - Started process (PID=439) to work on /home/airflow/.local/lib/python3.6/site-packages/airflow/example_dags/example_kubernetes_executor.py
[2022-11-05 14:19:41,874] {scheduler_job.py:629} INFO - Processing file /home/airflow/.local/lib/python3.6/site-packages/airflow/example_dags/example_kubernetes_executor.py for tasks to queue
[2022-11-05 14:19:41,878] {logging_mixin.py:104} INFO - [2022-11-05 14:19:41,878] {dagbag.py:448} INFO - Filling up the DagBag from /home/airflow/.local/lib/python3.6/site-packages/airflow/example_dags/example_kubernetes_executor.py
[2022-11-05 14:19:41,920] {scheduler_job.py:639} INFO - DAG(s) dict_keys(['example_kubernetes_executor']) retrieved from /home/airflow/.local/lib/python3.6/site-packages/airflow/example_dags/example_kubernetes_executor.py
[2022-11-05 14:19:41,989] {logging_mixin.py:104} INFO - [2022-11-05 14:19:41,989] {dag.py:1818} INFO - Sync 1 DAGs
[2022-11-05 14:19:42,044] {logging_mixin.py:104} INFO - [2022-11-05 14:19:42,044] {dag.py:2273} INFO - Setting next_dagrun for example_kubernetes_executor to None
[2022-11-05 14:19:42,074] {scheduler_job.py:190} INFO - Processing /home/airflow/.local/lib/python3.6/site-packages/airflow/example_dags/example_kubernetes_executor.py took 0.214 seconds
