[2022-11-05 14:16:06,157] {scheduler_job.py:182} INFO - Started process (PID=75) to work on /home/airflow/.local/lib/python3.6/site-packages/airflow/example_dags/example_skip_dag.py
[2022-11-05 14:16:06,173] {scheduler_job.py:629} INFO - Processing file /home/airflow/.local/lib/python3.6/site-packages/airflow/example_dags/example_skip_dag.py for tasks to queue
[2022-11-05 14:16:06,180] {logging_mixin.py:104} INFO - [2022-11-05 14:16:06,180] {dagbag.py:448} INFO - Filling up the DagBag from /home/airflow/.local/lib/python3.6/site-packages/airflow/example_dags/example_skip_dag.py
[2022-11-05 14:16:06,240] {scheduler_job.py:639} INFO - DAG(s) dict_keys(['example_skip_dag']) retrieved from /home/airflow/.local/lib/python3.6/site-packages/airflow/example_dags/example_skip_dag.py
[2022-11-05 14:16:06,321] {logging_mixin.py:104} INFO - [2022-11-05 14:16:06,321] {dag.py:1818} INFO - Sync 1 DAGs
[2022-11-05 14:16:06,364] {logging_mixin.py:104} INFO - [2022-11-05 14:16:06,364] {dag.py:1837} INFO - Creating ORM DAG for example_skip_dag
[2022-11-05 14:16:06,388] {logging_mixin.py:104} INFO - [2022-11-05 14:16:06,388] {dag.py:2273} INFO - Setting next_dagrun for example_skip_dag to 2022-11-03 00:00:00+00:00
[2022-11-05 14:16:06,450] {scheduler_job.py:190} INFO - Processing /home/airflow/.local/lib/python3.6/site-packages/airflow/example_dags/example_skip_dag.py took 0.301 seconds
[2022-11-05 14:16:37,337] {scheduler_job.py:182} INFO - Started process (PID=127) to work on /home/airflow/.local/lib/python3.6/site-packages/airflow/example_dags/example_skip_dag.py
[2022-11-05 14:16:37,352] {scheduler_job.py:629} INFO - Processing file /home/airflow/.local/lib/python3.6/site-packages/airflow/example_dags/example_skip_dag.py for tasks to queue
[2022-11-05 14:16:37,358] {logging_mixin.py:104} INFO - [2022-11-05 14:16:37,358] {dagbag.py:448} INFO - Filling up the DagBag from /home/airflow/.local/lib/python3.6/site-packages/airflow/example_dags/example_skip_dag.py
[2022-11-05 14:16:37,453] {scheduler_job.py:639} INFO - DAG(s) dict_keys(['example_skip_dag']) retrieved from /home/airflow/.local/lib/python3.6/site-packages/airflow/example_dags/example_skip_dag.py
[2022-11-05 14:16:37,550] {logging_mixin.py:104} INFO - [2022-11-05 14:16:37,549] {dag.py:1818} INFO - Sync 1 DAGs
[2022-11-05 14:16:37,661] {logging_mixin.py:104} INFO - [2022-11-05 14:16:37,660] {dag.py:2273} INFO - Setting next_dagrun for example_skip_dag to 2022-11-03 00:00:00+00:00
[2022-11-05 14:16:37,724] {scheduler_job.py:190} INFO - Processing /home/airflow/.local/lib/python3.6/site-packages/airflow/example_dags/example_skip_dag.py took 0.419 seconds
[2022-11-05 14:17:09,324] {scheduler_job.py:182} INFO - Started process (PID=179) to work on /home/airflow/.local/lib/python3.6/site-packages/airflow/example_dags/example_skip_dag.py
[2022-11-05 14:17:09,337] {scheduler_job.py:629} INFO - Processing file /home/airflow/.local/lib/python3.6/site-packages/airflow/example_dags/example_skip_dag.py for tasks to queue
[2022-11-05 14:17:09,343] {logging_mixin.py:104} INFO - [2022-11-05 14:17:09,343] {dagbag.py:448} INFO - Filling up the DagBag from /home/airflow/.local/lib/python3.6/site-packages/airflow/example_dags/example_skip_dag.py
[2022-11-05 14:17:09,461] {scheduler_job.py:639} INFO - DAG(s) dict_keys(['example_skip_dag']) retrieved from /home/airflow/.local/lib/python3.6/site-packages/airflow/example_dags/example_skip_dag.py
[2022-11-05 14:17:09,597] {logging_mixin.py:104} INFO - [2022-11-05 14:17:09,597] {dag.py:1818} INFO - Sync 1 DAGs
[2022-11-05 14:17:09,694] {logging_mixin.py:104} INFO - [2022-11-05 14:17:09,693] {dag.py:2273} INFO - Setting next_dagrun for example_skip_dag to 2022-11-03 00:00:00+00:00
[2022-11-05 14:17:09,744] {scheduler_job.py:190} INFO - Processing /home/airflow/.local/lib/python3.6/site-packages/airflow/example_dags/example_skip_dag.py took 0.441 seconds
[2022-11-05 14:17:40,249] {scheduler_job.py:182} INFO - Started process (PID=233) to work on /home/airflow/.local/lib/python3.6/site-packages/airflow/example_dags/example_skip_dag.py
[2022-11-05 14:17:40,266] {scheduler_job.py:629} INFO - Processing file /home/airflow/.local/lib/python3.6/site-packages/airflow/example_dags/example_skip_dag.py for tasks to queue
[2022-11-05 14:17:40,275] {logging_mixin.py:104} INFO - [2022-11-05 14:17:40,274] {dagbag.py:448} INFO - Filling up the DagBag from /home/airflow/.local/lib/python3.6/site-packages/airflow/example_dags/example_skip_dag.py
[2022-11-05 14:17:40,354] {scheduler_job.py:639} INFO - DAG(s) dict_keys(['example_skip_dag']) retrieved from /home/airflow/.local/lib/python3.6/site-packages/airflow/example_dags/example_skip_dag.py
[2022-11-05 14:17:40,531] {logging_mixin.py:104} INFO - [2022-11-05 14:17:40,530] {dag.py:1818} INFO - Sync 1 DAGs
[2022-11-05 14:17:40,760] {logging_mixin.py:104} INFO - [2022-11-05 14:17:40,758] {dag.py:2273} INFO - Setting next_dagrun for example_skip_dag to 2022-11-03 00:00:00+00:00
[2022-11-05 14:17:40,848] {scheduler_job.py:190} INFO - Processing /home/airflow/.local/lib/python3.6/site-packages/airflow/example_dags/example_skip_dag.py took 0.654 seconds
[2022-11-05 14:18:11,803] {scheduler_job.py:182} INFO - Started process (PID=289) to work on /home/airflow/.local/lib/python3.6/site-packages/airflow/example_dags/example_skip_dag.py
[2022-11-05 14:18:11,811] {scheduler_job.py:629} INFO - Processing file /home/airflow/.local/lib/python3.6/site-packages/airflow/example_dags/example_skip_dag.py for tasks to queue
[2022-11-05 14:18:11,822] {logging_mixin.py:104} INFO - [2022-11-05 14:18:11,822] {dagbag.py:448} INFO - Filling up the DagBag from /home/airflow/.local/lib/python3.6/site-packages/airflow/example_dags/example_skip_dag.py
[2022-11-05 14:18:11,923] {scheduler_job.py:639} INFO - DAG(s) dict_keys(['example_skip_dag']) retrieved from /home/airflow/.local/lib/python3.6/site-packages/airflow/example_dags/example_skip_dag.py
[2022-11-05 14:18:12,025] {logging_mixin.py:104} INFO - [2022-11-05 14:18:12,025] {dag.py:1818} INFO - Sync 1 DAGs
[2022-11-05 14:18:12,089] {logging_mixin.py:104} INFO - [2022-11-05 14:18:12,088] {dag.py:2273} INFO - Setting next_dagrun for example_skip_dag to 2022-11-03 00:00:00+00:00
[2022-11-05 14:18:12,114] {scheduler_job.py:190} INFO - Processing /home/airflow/.local/lib/python3.6/site-packages/airflow/example_dags/example_skip_dag.py took 0.320 seconds
[2022-11-05 14:18:42,356] {scheduler_job.py:182} INFO - Started process (PID=343) to work on /home/airflow/.local/lib/python3.6/site-packages/airflow/example_dags/example_skip_dag.py
[2022-11-05 14:18:42,363] {scheduler_job.py:629} INFO - Processing file /home/airflow/.local/lib/python3.6/site-packages/airflow/example_dags/example_skip_dag.py for tasks to queue
[2022-11-05 14:18:42,366] {logging_mixin.py:104} INFO - [2022-11-05 14:18:42,365] {dagbag.py:448} INFO - Filling up the DagBag from /home/airflow/.local/lib/python3.6/site-packages/airflow/example_dags/example_skip_dag.py
[2022-11-05 14:18:42,418] {scheduler_job.py:639} INFO - DAG(s) dict_keys(['example_skip_dag']) retrieved from /home/airflow/.local/lib/python3.6/site-packages/airflow/example_dags/example_skip_dag.py
[2022-11-05 14:18:42,496] {logging_mixin.py:104} INFO - [2022-11-05 14:18:42,494] {dag.py:1818} INFO - Sync 1 DAGs
[2022-11-05 14:18:42,586] {logging_mixin.py:104} INFO - [2022-11-05 14:18:42,585] {dag.py:2273} INFO - Setting next_dagrun for example_skip_dag to 2022-11-03 00:00:00+00:00
[2022-11-05 14:18:42,639] {scheduler_job.py:190} INFO - Processing /home/airflow/.local/lib/python3.6/site-packages/airflow/example_dags/example_skip_dag.py took 0.290 seconds
[2022-11-05 14:19:12,796] {scheduler_job.py:182} INFO - Started process (PID=397) to work on /home/airflow/.local/lib/python3.6/site-packages/airflow/example_dags/example_skip_dag.py
[2022-11-05 14:19:12,805] {scheduler_job.py:629} INFO - Processing file /home/airflow/.local/lib/python3.6/site-packages/airflow/example_dags/example_skip_dag.py for tasks to queue
[2022-11-05 14:19:12,810] {logging_mixin.py:104} INFO - [2022-11-05 14:19:12,809] {dagbag.py:448} INFO - Filling up the DagBag from /home/airflow/.local/lib/python3.6/site-packages/airflow/example_dags/example_skip_dag.py
[2022-11-05 14:19:12,856] {scheduler_job.py:639} INFO - DAG(s) dict_keys(['example_skip_dag']) retrieved from /home/airflow/.local/lib/python3.6/site-packages/airflow/example_dags/example_skip_dag.py
[2022-11-05 14:19:12,929] {logging_mixin.py:104} INFO - [2022-11-05 14:19:12,929] {dag.py:1818} INFO - Sync 1 DAGs
[2022-11-05 14:19:12,986] {logging_mixin.py:104} INFO - [2022-11-05 14:19:12,985] {dag.py:2273} INFO - Setting next_dagrun for example_skip_dag to 2022-11-03 00:00:00+00:00
[2022-11-05 14:19:13,010] {scheduler_job.py:190} INFO - Processing /home/airflow/.local/lib/python3.6/site-packages/airflow/example_dags/example_skip_dag.py took 0.220 seconds
[2022-11-05 14:19:43,650] {scheduler_job.py:182} INFO - Started process (PID=453) to work on /home/airflow/.local/lib/python3.6/site-packages/airflow/example_dags/example_skip_dag.py
[2022-11-05 14:19:43,655] {scheduler_job.py:629} INFO - Processing file /home/airflow/.local/lib/python3.6/site-packages/airflow/example_dags/example_skip_dag.py for tasks to queue
[2022-11-05 14:19:43,659] {logging_mixin.py:104} INFO - [2022-11-05 14:19:43,659] {dagbag.py:448} INFO - Filling up the DagBag from /home/airflow/.local/lib/python3.6/site-packages/airflow/example_dags/example_skip_dag.py
[2022-11-05 14:19:43,705] {scheduler_job.py:639} INFO - DAG(s) dict_keys(['example_skip_dag']) retrieved from /home/airflow/.local/lib/python3.6/site-packages/airflow/example_dags/example_skip_dag.py
[2022-11-05 14:19:43,768] {logging_mixin.py:104} INFO - [2022-11-05 14:19:43,767] {dag.py:1818} INFO - Sync 1 DAGs
[2022-11-05 14:19:43,813] {logging_mixin.py:104} INFO - [2022-11-05 14:19:43,813] {dag.py:2273} INFO - Setting next_dagrun for example_skip_dag to 2022-11-03 00:00:00+00:00
[2022-11-05 14:19:43,837] {scheduler_job.py:190} INFO - Processing /home/airflow/.local/lib/python3.6/site-packages/airflow/example_dags/example_skip_dag.py took 0.197 seconds
