[2022-11-05 14:16:08,211] {scheduler_job.py:182} INFO - Started process (PID=97) to work on /home/airflow/.local/lib/python3.6/site-packages/airflow/example_dags/example_kubernetes_executor_config.py
[2022-11-05 14:16:08,216] {scheduler_job.py:629} INFO - Processing file /home/airflow/.local/lib/python3.6/site-packages/airflow/example_dags/example_kubernetes_executor_config.py for tasks to queue
[2022-11-05 14:16:08,222] {logging_mixin.py:104} INFO - [2022-11-05 14:16:08,221] {dagbag.py:448} INFO - Filling up the DagBag from /home/airflow/.local/lib/python3.6/site-packages/airflow/example_dags/example_kubernetes_executor_config.py
[2022-11-05 14:16:08,293] {scheduler_job.py:639} INFO - DAG(s) dict_keys(['example_kubernetes_executor_config']) retrieved from /home/airflow/.local/lib/python3.6/site-packages/airflow/example_dags/example_kubernetes_executor_config.py
[2022-11-05 14:16:08,399] {logging_mixin.py:104} INFO - [2022-11-05 14:16:08,399] {dag.py:1818} INFO - Sync 1 DAGs
[2022-11-05 14:16:08,447] {logging_mixin.py:104} INFO - [2022-11-05 14:16:08,446] {dag.py:1837} INFO - Creating ORM DAG for example_kubernetes_executor_config
[2022-11-05 14:16:08,492] {logging_mixin.py:104} INFO - [2022-11-05 14:16:08,492] {dag.py:2273} INFO - Setting next_dagrun for example_kubernetes_executor_config to None
[2022-11-05 14:16:08,561] {scheduler_job.py:190} INFO - Processing /home/airflow/.local/lib/python3.6/site-packages/airflow/example_dags/example_kubernetes_executor_config.py took 0.359 seconds
[2022-11-05 14:16:40,710] {scheduler_job.py:182} INFO - Started process (PID=151) to work on /home/airflow/.local/lib/python3.6/site-packages/airflow/example_dags/example_kubernetes_executor_config.py
[2022-11-05 14:16:40,720] {scheduler_job.py:629} INFO - Processing file /home/airflow/.local/lib/python3.6/site-packages/airflow/example_dags/example_kubernetes_executor_config.py for tasks to queue
[2022-11-05 14:16:40,725] {logging_mixin.py:104} INFO - [2022-11-05 14:16:40,724] {dagbag.py:448} INFO - Filling up the DagBag from /home/airflow/.local/lib/python3.6/site-packages/airflow/example_dags/example_kubernetes_executor_config.py
[2022-11-05 14:16:40,815] {scheduler_job.py:639} INFO - DAG(s) dict_keys(['example_kubernetes_executor_config']) retrieved from /home/airflow/.local/lib/python3.6/site-packages/airflow/example_dags/example_kubernetes_executor_config.py
[2022-11-05 14:16:40,944] {logging_mixin.py:104} INFO - [2022-11-05 14:16:40,940] {dag.py:1818} INFO - Sync 1 DAGs
[2022-11-05 14:16:41,046] {logging_mixin.py:104} INFO - [2022-11-05 14:16:41,046] {dag.py:2273} INFO - Setting next_dagrun for example_kubernetes_executor_config to None
[2022-11-05 14:16:41,116] {scheduler_job.py:190} INFO - Processing /home/airflow/.local/lib/python3.6/site-packages/airflow/example_dags/example_kubernetes_executor_config.py took 0.421 seconds
[2022-11-05 14:17:13,763] {scheduler_job.py:182} INFO - Started process (PID=205) to work on /home/airflow/.local/lib/python3.6/site-packages/airflow/example_dags/example_kubernetes_executor_config.py
[2022-11-05 14:17:13,779] {scheduler_job.py:629} INFO - Processing file /home/airflow/.local/lib/python3.6/site-packages/airflow/example_dags/example_kubernetes_executor_config.py for tasks to queue
[2022-11-05 14:17:13,784] {logging_mixin.py:104} INFO - [2022-11-05 14:17:13,783] {dagbag.py:448} INFO - Filling up the DagBag from /home/airflow/.local/lib/python3.6/site-packages/airflow/example_dags/example_kubernetes_executor_config.py
[2022-11-05 14:17:13,933] {scheduler_job.py:639} INFO - DAG(s) dict_keys(['example_kubernetes_executor_config']) retrieved from /home/airflow/.local/lib/python3.6/site-packages/airflow/example_dags/example_kubernetes_executor_config.py
[2022-11-05 14:17:14,227] {logging_mixin.py:104} INFO - [2022-11-05 14:17:14,226] {dag.py:1818} INFO - Sync 1 DAGs
[2022-11-05 14:17:14,345] {logging_mixin.py:104} INFO - [2022-11-05 14:17:14,344] {dag.py:2273} INFO - Setting next_dagrun for example_kubernetes_executor_config to None
[2022-11-05 14:17:14,393] {scheduler_job.py:190} INFO - Processing /home/airflow/.local/lib/python3.6/site-packages/airflow/example_dags/example_kubernetes_executor_config.py took 0.646 seconds
[2022-11-05 14:17:44,704] {scheduler_job.py:182} INFO - Started process (PID=259) to work on /home/airflow/.local/lib/python3.6/site-packages/airflow/example_dags/example_kubernetes_executor_config.py
[2022-11-05 14:17:44,710] {scheduler_job.py:629} INFO - Processing file /home/airflow/.local/lib/python3.6/site-packages/airflow/example_dags/example_kubernetes_executor_config.py for tasks to queue
[2022-11-05 14:17:44,716] {logging_mixin.py:104} INFO - [2022-11-05 14:17:44,715] {dagbag.py:448} INFO - Filling up the DagBag from /home/airflow/.local/lib/python3.6/site-packages/airflow/example_dags/example_kubernetes_executor_config.py
[2022-11-05 14:17:44,871] {scheduler_job.py:639} INFO - DAG(s) dict_keys(['example_kubernetes_executor_config']) retrieved from /home/airflow/.local/lib/python3.6/site-packages/airflow/example_dags/example_kubernetes_executor_config.py
[2022-11-05 14:17:45,051] {logging_mixin.py:104} INFO - [2022-11-05 14:17:45,051] {dag.py:1818} INFO - Sync 1 DAGs
[2022-11-05 14:17:45,133] {logging_mixin.py:104} INFO - [2022-11-05 14:17:45,132] {dag.py:2273} INFO - Setting next_dagrun for example_kubernetes_executor_config to None
[2022-11-05 14:17:45,177] {scheduler_job.py:190} INFO - Processing /home/airflow/.local/lib/python3.6/site-packages/airflow/example_dags/example_kubernetes_executor_config.py took 0.492 seconds
[2022-11-05 14:18:15,686] {scheduler_job.py:182} INFO - Started process (PID=313) to work on /home/airflow/.local/lib/python3.6/site-packages/airflow/example_dags/example_kubernetes_executor_config.py
[2022-11-05 14:18:15,696] {scheduler_job.py:629} INFO - Processing file /home/airflow/.local/lib/python3.6/site-packages/airflow/example_dags/example_kubernetes_executor_config.py for tasks to queue
[2022-11-05 14:18:15,700] {logging_mixin.py:104} INFO - [2022-11-05 14:18:15,699] {dagbag.py:448} INFO - Filling up the DagBag from /home/airflow/.local/lib/python3.6/site-packages/airflow/example_dags/example_kubernetes_executor_config.py
[2022-11-05 14:18:15,752] {scheduler_job.py:639} INFO - DAG(s) dict_keys(['example_kubernetes_executor_config']) retrieved from /home/airflow/.local/lib/python3.6/site-packages/airflow/example_dags/example_kubernetes_executor_config.py
[2022-11-05 14:18:15,824] {logging_mixin.py:104} INFO - [2022-11-05 14:18:15,823] {dag.py:1818} INFO - Sync 1 DAGs
[2022-11-05 14:18:15,877] {logging_mixin.py:104} INFO - [2022-11-05 14:18:15,877] {dag.py:2273} INFO - Setting next_dagrun for example_kubernetes_executor_config to None
[2022-11-05 14:18:15,918] {scheduler_job.py:190} INFO - Processing /home/airflow/.local/lib/python3.6/site-packages/airflow/example_dags/example_kubernetes_executor_config.py took 0.244 seconds
[2022-11-05 14:18:46,083] {scheduler_job.py:182} INFO - Started process (PID=367) to work on /home/airflow/.local/lib/python3.6/site-packages/airflow/example_dags/example_kubernetes_executor_config.py
[2022-11-05 14:18:46,090] {scheduler_job.py:629} INFO - Processing file /home/airflow/.local/lib/python3.6/site-packages/airflow/example_dags/example_kubernetes_executor_config.py for tasks to queue
[2022-11-05 14:18:46,093] {logging_mixin.py:104} INFO - [2022-11-05 14:18:46,092] {dagbag.py:448} INFO - Filling up the DagBag from /home/airflow/.local/lib/python3.6/site-packages/airflow/example_dags/example_kubernetes_executor_config.py
[2022-11-05 14:18:46,141] {scheduler_job.py:639} INFO - DAG(s) dict_keys(['example_kubernetes_executor_config']) retrieved from /home/airflow/.local/lib/python3.6/site-packages/airflow/example_dags/example_kubernetes_executor_config.py
[2022-11-05 14:18:46,216] {logging_mixin.py:104} INFO - [2022-11-05 14:18:46,216] {dag.py:1818} INFO - Sync 1 DAGs
[2022-11-05 14:18:46,270] {logging_mixin.py:104} INFO - [2022-11-05 14:18:46,270] {dag.py:2273} INFO - Setting next_dagrun for example_kubernetes_executor_config to None
[2022-11-05 14:18:46,299] {scheduler_job.py:190} INFO - Processing /home/airflow/.local/lib/python3.6/site-packages/airflow/example_dags/example_kubernetes_executor_config.py took 0.225 seconds
[2022-11-05 14:19:16,417] {scheduler_job.py:182} INFO - Started process (PID=419) to work on /home/airflow/.local/lib/python3.6/site-packages/airflow/example_dags/example_kubernetes_executor_config.py
[2022-11-05 14:19:16,424] {scheduler_job.py:629} INFO - Processing file /home/airflow/.local/lib/python3.6/site-packages/airflow/example_dags/example_kubernetes_executor_config.py for tasks to queue
[2022-11-05 14:19:16,429] {logging_mixin.py:104} INFO - [2022-11-05 14:19:16,428] {dagbag.py:448} INFO - Filling up the DagBag from /home/airflow/.local/lib/python3.6/site-packages/airflow/example_dags/example_kubernetes_executor_config.py
[2022-11-05 14:19:16,471] {scheduler_job.py:639} INFO - DAG(s) dict_keys(['example_kubernetes_executor_config']) retrieved from /home/airflow/.local/lib/python3.6/site-packages/airflow/example_dags/example_kubernetes_executor_config.py
[2022-11-05 14:19:16,532] {logging_mixin.py:104} INFO - [2022-11-05 14:19:16,531] {dag.py:1818} INFO - Sync 1 DAGs
[2022-11-05 14:19:16,575] {logging_mixin.py:104} INFO - [2022-11-05 14:19:16,575] {dag.py:2273} INFO - Setting next_dagrun for example_kubernetes_executor_config to None
[2022-11-05 14:19:16,598] {scheduler_job.py:190} INFO - Processing /home/airflow/.local/lib/python3.6/site-packages/airflow/example_dags/example_kubernetes_executor_config.py took 0.190 seconds
[2022-11-05 14:19:47,284] {scheduler_job.py:182} INFO - Started process (PID=475) to work on /home/airflow/.local/lib/python3.6/site-packages/airflow/example_dags/example_kubernetes_executor_config.py
[2022-11-05 14:19:47,289] {scheduler_job.py:629} INFO - Processing file /home/airflow/.local/lib/python3.6/site-packages/airflow/example_dags/example_kubernetes_executor_config.py for tasks to queue
[2022-11-05 14:19:47,292] {logging_mixin.py:104} INFO - [2022-11-05 14:19:47,291] {dagbag.py:448} INFO - Filling up the DagBag from /home/airflow/.local/lib/python3.6/site-packages/airflow/example_dags/example_kubernetes_executor_config.py
[2022-11-05 14:19:47,342] {scheduler_job.py:639} INFO - DAG(s) dict_keys(['example_kubernetes_executor_config']) retrieved from /home/airflow/.local/lib/python3.6/site-packages/airflow/example_dags/example_kubernetes_executor_config.py
[2022-11-05 14:19:47,426] {logging_mixin.py:104} INFO - [2022-11-05 14:19:47,426] {dag.py:1818} INFO - Sync 1 DAGs
[2022-11-05 14:19:47,490] {logging_mixin.py:104} INFO - [2022-11-05 14:19:47,489] {dag.py:2273} INFO - Setting next_dagrun for example_kubernetes_executor_config to None
[2022-11-05 14:19:47,520] {scheduler_job.py:190} INFO - Processing /home/airflow/.local/lib/python3.6/site-packages/airflow/example_dags/example_kubernetes_executor_config.py took 0.244 seconds
