[2022-11-05 14:16:06,496] {scheduler_job.py:182} INFO - Started process (PID=79) to work on /home/airflow/.local/lib/python3.6/site-packages/airflow/example_dags/example_task_group.py
[2022-11-05 14:16:06,502] {scheduler_job.py:629} INFO - Processing file /home/airflow/.local/lib/python3.6/site-packages/airflow/example_dags/example_task_group.py for tasks to queue
[2022-11-05 14:16:06,505] {logging_mixin.py:104} INFO - [2022-11-05 14:16:06,505] {dagbag.py:448} INFO - Filling up the DagBag from /home/airflow/.local/lib/python3.6/site-packages/airflow/example_dags/example_task_group.py
[2022-11-05 14:16:06,561] {scheduler_job.py:639} INFO - DAG(s) dict_keys(['example_task_group']) retrieved from /home/airflow/.local/lib/python3.6/site-packages/airflow/example_dags/example_task_group.py
[2022-11-05 14:16:06,637] {logging_mixin.py:104} INFO - [2022-11-05 14:16:06,637] {dag.py:1818} INFO - Sync 1 DAGs
[2022-11-05 14:16:06,674] {logging_mixin.py:104} INFO - [2022-11-05 14:16:06,674] {dag.py:1837} INFO - Creating ORM DAG for example_task_group
[2022-11-05 14:16:06,697] {logging_mixin.py:104} INFO - [2022-11-05 14:16:06,696] {dag.py:2273} INFO - Setting next_dagrun for example_task_group to 2022-11-03 00:00:00+00:00
[2022-11-05 14:16:06,761] {scheduler_job.py:190} INFO - Processing /home/airflow/.local/lib/python3.6/site-packages/airflow/example_dags/example_task_group.py took 0.272 seconds
[2022-11-05 14:16:37,791] {scheduler_job.py:182} INFO - Started process (PID=131) to work on /home/airflow/.local/lib/python3.6/site-packages/airflow/example_dags/example_task_group.py
[2022-11-05 14:16:37,803] {scheduler_job.py:629} INFO - Processing file /home/airflow/.local/lib/python3.6/site-packages/airflow/example_dags/example_task_group.py for tasks to queue
[2022-11-05 14:16:37,808] {logging_mixin.py:104} INFO - [2022-11-05 14:16:37,807] {dagbag.py:448} INFO - Filling up the DagBag from /home/airflow/.local/lib/python3.6/site-packages/airflow/example_dags/example_task_group.py
[2022-11-05 14:16:37,881] {scheduler_job.py:639} INFO - DAG(s) dict_keys(['example_task_group']) retrieved from /home/airflow/.local/lib/python3.6/site-packages/airflow/example_dags/example_task_group.py
[2022-11-05 14:16:37,976] {logging_mixin.py:104} INFO - [2022-11-05 14:16:37,975] {dag.py:1818} INFO - Sync 1 DAGs
[2022-11-05 14:16:38,065] {logging_mixin.py:104} INFO - [2022-11-05 14:16:38,064] {dag.py:2273} INFO - Setting next_dagrun for example_task_group to 2022-11-03 00:00:00+00:00
[2022-11-05 14:16:38,115] {scheduler_job.py:190} INFO - Processing /home/airflow/.local/lib/python3.6/site-packages/airflow/example_dags/example_task_group.py took 0.332 seconds
[2022-11-05 14:17:09,851] {scheduler_job.py:182} INFO - Started process (PID=183) to work on /home/airflow/.local/lib/python3.6/site-packages/airflow/example_dags/example_task_group.py
[2022-11-05 14:17:09,856] {scheduler_job.py:629} INFO - Processing file /home/airflow/.local/lib/python3.6/site-packages/airflow/example_dags/example_task_group.py for tasks to queue
[2022-11-05 14:17:09,861] {logging_mixin.py:104} INFO - [2022-11-05 14:17:09,861] {dagbag.py:448} INFO - Filling up the DagBag from /home/airflow/.local/lib/python3.6/site-packages/airflow/example_dags/example_task_group.py
[2022-11-05 14:17:09,969] {scheduler_job.py:639} INFO - DAG(s) dict_keys(['example_task_group']) retrieved from /home/airflow/.local/lib/python3.6/site-packages/airflow/example_dags/example_task_group.py
[2022-11-05 14:17:10,165] {logging_mixin.py:104} INFO - [2022-11-05 14:17:10,165] {dag.py:1818} INFO - Sync 1 DAGs
[2022-11-05 14:17:10,302] {logging_mixin.py:104} INFO - [2022-11-05 14:17:10,298] {dag.py:2273} INFO - Setting next_dagrun for example_task_group to 2022-11-03 00:00:00+00:00
[2022-11-05 14:17:10,359] {scheduler_job.py:190} INFO - Processing /home/airflow/.local/lib/python3.6/site-packages/airflow/example_dags/example_task_group.py took 0.523 seconds
[2022-11-05 14:17:42,002] {scheduler_job.py:182} INFO - Started process (PID=241) to work on /home/airflow/.local/lib/python3.6/site-packages/airflow/example_dags/example_task_group.py
[2022-11-05 14:17:42,014] {scheduler_job.py:629} INFO - Processing file /home/airflow/.local/lib/python3.6/site-packages/airflow/example_dags/example_task_group.py for tasks to queue
[2022-11-05 14:17:42,020] {logging_mixin.py:104} INFO - [2022-11-05 14:17:42,020] {dagbag.py:448} INFO - Filling up the DagBag from /home/airflow/.local/lib/python3.6/site-packages/airflow/example_dags/example_task_group.py
[2022-11-05 14:17:42,241] {scheduler_job.py:639} INFO - DAG(s) dict_keys(['example_task_group']) retrieved from /home/airflow/.local/lib/python3.6/site-packages/airflow/example_dags/example_task_group.py
[2022-11-05 14:17:42,424] {logging_mixin.py:104} INFO - [2022-11-05 14:17:42,422] {dag.py:1818} INFO - Sync 1 DAGs
[2022-11-05 14:17:42,528] {logging_mixin.py:104} INFO - [2022-11-05 14:17:42,528] {dag.py:2273} INFO - Setting next_dagrun for example_task_group to 2022-11-03 00:00:00+00:00
[2022-11-05 14:17:42,581] {scheduler_job.py:190} INFO - Processing /home/airflow/.local/lib/python3.6/site-packages/airflow/example_dags/example_task_group.py took 0.596 seconds
[2022-11-05 14:18:13,525] {scheduler_job.py:182} INFO - Started process (PID=297) to work on /home/airflow/.local/lib/python3.6/site-packages/airflow/example_dags/example_task_group.py
[2022-11-05 14:18:13,530] {scheduler_job.py:629} INFO - Processing file /home/airflow/.local/lib/python3.6/site-packages/airflow/example_dags/example_task_group.py for tasks to queue
[2022-11-05 14:18:13,534] {logging_mixin.py:104} INFO - [2022-11-05 14:18:13,534] {dagbag.py:448} INFO - Filling up the DagBag from /home/airflow/.local/lib/python3.6/site-packages/airflow/example_dags/example_task_group.py
[2022-11-05 14:18:13,578] {scheduler_job.py:639} INFO - DAG(s) dict_keys(['example_task_group']) retrieved from /home/airflow/.local/lib/python3.6/site-packages/airflow/example_dags/example_task_group.py
[2022-11-05 14:18:13,650] {logging_mixin.py:104} INFO - [2022-11-05 14:18:13,650] {dag.py:1818} INFO - Sync 1 DAGs
[2022-11-05 14:18:13,727] {logging_mixin.py:104} INFO - [2022-11-05 14:18:13,726] {dag.py:2273} INFO - Setting next_dagrun for example_task_group to 2022-11-03 00:00:00+00:00
[2022-11-05 14:18:13,766] {scheduler_job.py:190} INFO - Processing /home/airflow/.local/lib/python3.6/site-packages/airflow/example_dags/example_task_group.py took 0.249 seconds
[2022-11-05 14:18:44,057] {scheduler_job.py:182} INFO - Started process (PID=351) to work on /home/airflow/.local/lib/python3.6/site-packages/airflow/example_dags/example_task_group.py
[2022-11-05 14:18:44,064] {scheduler_job.py:629} INFO - Processing file /home/airflow/.local/lib/python3.6/site-packages/airflow/example_dags/example_task_group.py for tasks to queue
[2022-11-05 14:18:44,069] {logging_mixin.py:104} INFO - [2022-11-05 14:18:44,069] {dagbag.py:448} INFO - Filling up the DagBag from /home/airflow/.local/lib/python3.6/site-packages/airflow/example_dags/example_task_group.py
[2022-11-05 14:18:44,116] {scheduler_job.py:639} INFO - DAG(s) dict_keys(['example_task_group']) retrieved from /home/airflow/.local/lib/python3.6/site-packages/airflow/example_dags/example_task_group.py
[2022-11-05 14:18:44,185] {logging_mixin.py:104} INFO - [2022-11-05 14:18:44,185] {dag.py:1818} INFO - Sync 1 DAGs
[2022-11-05 14:18:44,240] {logging_mixin.py:104} INFO - [2022-11-05 14:18:44,240] {dag.py:2273} INFO - Setting next_dagrun for example_task_group to 2022-11-03 00:00:00+00:00
[2022-11-05 14:18:44,266] {scheduler_job.py:190} INFO - Processing /home/airflow/.local/lib/python3.6/site-packages/airflow/example_dags/example_task_group.py took 0.222 seconds
[2022-11-05 14:19:14,568] {scheduler_job.py:182} INFO - Started process (PID=407) to work on /home/airflow/.local/lib/python3.6/site-packages/airflow/example_dags/example_task_group.py
[2022-11-05 14:19:14,573] {scheduler_job.py:629} INFO - Processing file /home/airflow/.local/lib/python3.6/site-packages/airflow/example_dags/example_task_group.py for tasks to queue
[2022-11-05 14:19:14,576] {logging_mixin.py:104} INFO - [2022-11-05 14:19:14,575] {dagbag.py:448} INFO - Filling up the DagBag from /home/airflow/.local/lib/python3.6/site-packages/airflow/example_dags/example_task_group.py
[2022-11-05 14:19:14,637] {scheduler_job.py:639} INFO - DAG(s) dict_keys(['example_task_group']) retrieved from /home/airflow/.local/lib/python3.6/site-packages/airflow/example_dags/example_task_group.py
[2022-11-05 14:19:14,716] {logging_mixin.py:104} INFO - [2022-11-05 14:19:14,715] {dag.py:1818} INFO - Sync 1 DAGs
[2022-11-05 14:19:14,797] {logging_mixin.py:104} INFO - [2022-11-05 14:19:14,796] {dag.py:2273} INFO - Setting next_dagrun for example_task_group to 2022-11-03 00:00:00+00:00
[2022-11-05 14:19:14,820] {scheduler_job.py:190} INFO - Processing /home/airflow/.local/lib/python3.6/site-packages/airflow/example_dags/example_task_group.py took 0.261 seconds
[2022-11-05 14:19:45,438] {scheduler_job.py:182} INFO - Started process (PID=461) to work on /home/airflow/.local/lib/python3.6/site-packages/airflow/example_dags/example_task_group.py
[2022-11-05 14:19:45,443] {scheduler_job.py:629} INFO - Processing file /home/airflow/.local/lib/python3.6/site-packages/airflow/example_dags/example_task_group.py for tasks to queue
[2022-11-05 14:19:45,446] {logging_mixin.py:104} INFO - [2022-11-05 14:19:45,446] {dagbag.py:448} INFO - Filling up the DagBag from /home/airflow/.local/lib/python3.6/site-packages/airflow/example_dags/example_task_group.py
[2022-11-05 14:19:45,491] {scheduler_job.py:639} INFO - DAG(s) dict_keys(['example_task_group']) retrieved from /home/airflow/.local/lib/python3.6/site-packages/airflow/example_dags/example_task_group.py
[2022-11-05 14:19:45,547] {logging_mixin.py:104} INFO - [2022-11-05 14:19:45,547] {dag.py:1818} INFO - Sync 1 DAGs
[2022-11-05 14:19:45,591] {logging_mixin.py:104} INFO - [2022-11-05 14:19:45,590] {dag.py:2273} INFO - Setting next_dagrun for example_task_group to 2022-11-03 00:00:00+00:00
[2022-11-05 14:19:45,612] {scheduler_job.py:190} INFO - Processing /home/airflow/.local/lib/python3.6/site-packages/airflow/example_dags/example_task_group.py took 0.183 seconds
