[2022-11-05 14:16:04,455] {scheduler_job.py:182} INFO - Started process (PID=57) to work on /home/airflow/.local/lib/python3.6/site-packages/airflow/example_dags/example_nested_branch_dag.py
[2022-11-05 14:16:04,461] {scheduler_job.py:629} INFO - Processing file /home/airflow/.local/lib/python3.6/site-packages/airflow/example_dags/example_nested_branch_dag.py for tasks to queue
[2022-11-05 14:16:04,467] {logging_mixin.py:104} INFO - [2022-11-05 14:16:04,467] {dagbag.py:448} INFO - Filling up the DagBag from /home/airflow/.local/lib/python3.6/site-packages/airflow/example_dags/example_nested_branch_dag.py
[2022-11-05 14:16:04,545] {scheduler_job.py:639} INFO - DAG(s) dict_keys(['example_nested_branch_dag']) retrieved from /home/airflow/.local/lib/python3.6/site-packages/airflow/example_dags/example_nested_branch_dag.py
[2022-11-05 14:16:04,624] {logging_mixin.py:104} INFO - [2022-11-05 14:16:04,623] {dag.py:1818} INFO - Sync 1 DAGs
[2022-11-05 14:16:04,664] {logging_mixin.py:104} INFO - [2022-11-05 14:16:04,664] {dag.py:1837} INFO - Creating ORM DAG for example_nested_branch_dag
[2022-11-05 14:16:04,730] {logging_mixin.py:104} INFO - [2022-11-05 14:16:04,730] {dag.py:2273} INFO - Setting next_dagrun for example_nested_branch_dag to 2022-11-03 00:00:00+00:00
[2022-11-05 14:16:04,782] {scheduler_job.py:190} INFO - Processing /home/airflow/.local/lib/python3.6/site-packages/airflow/example_dags/example_nested_branch_dag.py took 0.343 seconds
[2022-11-05 14:16:34,907] {scheduler_job.py:182} INFO - Started process (PID=109) to work on /home/airflow/.local/lib/python3.6/site-packages/airflow/example_dags/example_nested_branch_dag.py
[2022-11-05 14:16:34,915] {scheduler_job.py:629} INFO - Processing file /home/airflow/.local/lib/python3.6/site-packages/airflow/example_dags/example_nested_branch_dag.py for tasks to queue
[2022-11-05 14:16:34,920] {logging_mixin.py:104} INFO - [2022-11-05 14:16:34,920] {dagbag.py:448} INFO - Filling up the DagBag from /home/airflow/.local/lib/python3.6/site-packages/airflow/example_dags/example_nested_branch_dag.py
[2022-11-05 14:16:35,022] {scheduler_job.py:639} INFO - DAG(s) dict_keys(['example_nested_branch_dag']) retrieved from /home/airflow/.local/lib/python3.6/site-packages/airflow/example_dags/example_nested_branch_dag.py
[2022-11-05 14:16:35,125] {logging_mixin.py:104} INFO - [2022-11-05 14:16:35,124] {dag.py:1818} INFO - Sync 1 DAGs
[2022-11-05 14:16:35,289] {logging_mixin.py:104} INFO - [2022-11-05 14:16:35,288] {dag.py:2273} INFO - Setting next_dagrun for example_nested_branch_dag to 2022-11-03 00:00:00+00:00
[2022-11-05 14:16:35,321] {scheduler_job.py:190} INFO - Processing /home/airflow/.local/lib/python3.6/site-packages/airflow/example_dags/example_nested_branch_dag.py took 0.421 seconds
[2022-11-05 14:17:06,294] {scheduler_job.py:182} INFO - Started process (PID=161) to work on /home/airflow/.local/lib/python3.6/site-packages/airflow/example_dags/example_nested_branch_dag.py
[2022-11-05 14:17:06,311] {scheduler_job.py:629} INFO - Processing file /home/airflow/.local/lib/python3.6/site-packages/airflow/example_dags/example_nested_branch_dag.py for tasks to queue
[2022-11-05 14:17:06,319] {logging_mixin.py:104} INFO - [2022-11-05 14:17:06,318] {dagbag.py:448} INFO - Filling up the DagBag from /home/airflow/.local/lib/python3.6/site-packages/airflow/example_dags/example_nested_branch_dag.py
[2022-11-05 14:17:06,621] {scheduler_job.py:639} INFO - DAG(s) dict_keys(['example_nested_branch_dag']) retrieved from /home/airflow/.local/lib/python3.6/site-packages/airflow/example_dags/example_nested_branch_dag.py
[2022-11-05 14:17:06,755] {logging_mixin.py:104} INFO - [2022-11-05 14:17:06,754] {dag.py:1818} INFO - Sync 1 DAGs
[2022-11-05 14:17:06,930] {logging_mixin.py:104} INFO - [2022-11-05 14:17:06,929] {dag.py:2273} INFO - Setting next_dagrun for example_nested_branch_dag to 2022-11-03 00:00:00+00:00
[2022-11-05 14:17:06,978] {scheduler_job.py:190} INFO - Processing /home/airflow/.local/lib/python3.6/site-packages/airflow/example_dags/example_nested_branch_dag.py took 0.740 seconds
[2022-11-05 14:17:37,693] {scheduler_job.py:182} INFO - Started process (PID=215) to work on /home/airflow/.local/lib/python3.6/site-packages/airflow/example_dags/example_nested_branch_dag.py
[2022-11-05 14:17:37,706] {scheduler_job.py:629} INFO - Processing file /home/airflow/.local/lib/python3.6/site-packages/airflow/example_dags/example_nested_branch_dag.py for tasks to queue
[2022-11-05 14:17:37,710] {logging_mixin.py:104} INFO - [2022-11-05 14:17:37,710] {dagbag.py:448} INFO - Filling up the DagBag from /home/airflow/.local/lib/python3.6/site-packages/airflow/example_dags/example_nested_branch_dag.py
[2022-11-05 14:17:37,830] {scheduler_job.py:639} INFO - DAG(s) dict_keys(['example_nested_branch_dag']) retrieved from /home/airflow/.local/lib/python3.6/site-packages/airflow/example_dags/example_nested_branch_dag.py
[2022-11-05 14:17:37,913] {logging_mixin.py:104} INFO - [2022-11-05 14:17:37,912] {dag.py:1818} INFO - Sync 1 DAGs
[2022-11-05 14:17:38,045] {logging_mixin.py:104} INFO - [2022-11-05 14:17:38,044] {dag.py:2273} INFO - Setting next_dagrun for example_nested_branch_dag to 2022-11-03 00:00:00+00:00
[2022-11-05 14:17:38,145] {scheduler_job.py:190} INFO - Processing /home/airflow/.local/lib/python3.6/site-packages/airflow/example_dags/example_nested_branch_dag.py took 0.496 seconds
[2022-11-05 14:18:08,403] {scheduler_job.py:182} INFO - Started process (PID=269) to work on /home/airflow/.local/lib/python3.6/site-packages/airflow/example_dags/example_nested_branch_dag.py
[2022-11-05 14:18:08,407] {scheduler_job.py:629} INFO - Processing file /home/airflow/.local/lib/python3.6/site-packages/airflow/example_dags/example_nested_branch_dag.py for tasks to queue
[2022-11-05 14:18:08,411] {logging_mixin.py:104} INFO - [2022-11-05 14:18:08,410] {dagbag.py:448} INFO - Filling up the DagBag from /home/airflow/.local/lib/python3.6/site-packages/airflow/example_dags/example_nested_branch_dag.py
[2022-11-05 14:18:08,485] {scheduler_job.py:639} INFO - DAG(s) dict_keys(['example_nested_branch_dag']) retrieved from /home/airflow/.local/lib/python3.6/site-packages/airflow/example_dags/example_nested_branch_dag.py
[2022-11-05 14:18:08,556] {logging_mixin.py:104} INFO - [2022-11-05 14:18:08,556] {dag.py:1818} INFO - Sync 1 DAGs
[2022-11-05 14:18:08,692] {logging_mixin.py:104} INFO - [2022-11-05 14:18:08,691] {dag.py:2273} INFO - Setting next_dagrun for example_nested_branch_dag to 2022-11-03 00:00:00+00:00
[2022-11-05 14:18:08,725] {scheduler_job.py:190} INFO - Processing /home/airflow/.local/lib/python3.6/site-packages/airflow/example_dags/example_nested_branch_dag.py took 0.330 seconds
[2022-11-05 14:18:38,975] {scheduler_job.py:182} INFO - Started process (PID=321) to work on /home/airflow/.local/lib/python3.6/site-packages/airflow/example_dags/example_nested_branch_dag.py
[2022-11-05 14:18:38,982] {scheduler_job.py:629} INFO - Processing file /home/airflow/.local/lib/python3.6/site-packages/airflow/example_dags/example_nested_branch_dag.py for tasks to queue
[2022-11-05 14:18:38,987] {logging_mixin.py:104} INFO - [2022-11-05 14:18:38,987] {dagbag.py:448} INFO - Filling up the DagBag from /home/airflow/.local/lib/python3.6/site-packages/airflow/example_dags/example_nested_branch_dag.py
[2022-11-05 14:18:39,045] {scheduler_job.py:639} INFO - DAG(s) dict_keys(['example_nested_branch_dag']) retrieved from /home/airflow/.local/lib/python3.6/site-packages/airflow/example_dags/example_nested_branch_dag.py
[2022-11-05 14:18:39,106] {logging_mixin.py:104} INFO - [2022-11-05 14:18:39,105] {dag.py:1818} INFO - Sync 1 DAGs
[2022-11-05 14:18:39,192] {logging_mixin.py:104} INFO - [2022-11-05 14:18:39,192] {dag.py:2273} INFO - Setting next_dagrun for example_nested_branch_dag to 2022-11-03 00:00:00+00:00
[2022-11-05 14:18:39,221] {scheduler_job.py:190} INFO - Processing /home/airflow/.local/lib/python3.6/site-packages/airflow/example_dags/example_nested_branch_dag.py took 0.254 seconds
[2022-11-05 14:19:09,337] {scheduler_job.py:182} INFO - Started process (PID=375) to work on /home/airflow/.local/lib/python3.6/site-packages/airflow/example_dags/example_nested_branch_dag.py
[2022-11-05 14:19:09,347] {scheduler_job.py:629} INFO - Processing file /home/airflow/.local/lib/python3.6/site-packages/airflow/example_dags/example_nested_branch_dag.py for tasks to queue
[2022-11-05 14:19:09,354] {logging_mixin.py:104} INFO - [2022-11-05 14:19:09,353] {dagbag.py:448} INFO - Filling up the DagBag from /home/airflow/.local/lib/python3.6/site-packages/airflow/example_dags/example_nested_branch_dag.py
[2022-11-05 14:19:09,419] {scheduler_job.py:639} INFO - DAG(s) dict_keys(['example_nested_branch_dag']) retrieved from /home/airflow/.local/lib/python3.6/site-packages/airflow/example_dags/example_nested_branch_dag.py
[2022-11-05 14:19:09,508] {logging_mixin.py:104} INFO - [2022-11-05 14:19:09,508] {dag.py:1818} INFO - Sync 1 DAGs
[2022-11-05 14:19:09,617] {logging_mixin.py:104} INFO - [2022-11-05 14:19:09,616] {dag.py:2273} INFO - Setting next_dagrun for example_nested_branch_dag to 2022-11-03 00:00:00+00:00
[2022-11-05 14:19:09,648] {scheduler_job.py:190} INFO - Processing /home/airflow/.local/lib/python3.6/site-packages/airflow/example_dags/example_nested_branch_dag.py took 0.320 seconds
[2022-11-05 14:19:39,868] {scheduler_job.py:182} INFO - Started process (PID=429) to work on /home/airflow/.local/lib/python3.6/site-packages/airflow/example_dags/example_nested_branch_dag.py
[2022-11-05 14:19:39,872] {scheduler_job.py:629} INFO - Processing file /home/airflow/.local/lib/python3.6/site-packages/airflow/example_dags/example_nested_branch_dag.py for tasks to queue
[2022-11-05 14:19:39,875] {logging_mixin.py:104} INFO - [2022-11-05 14:19:39,875] {dagbag.py:448} INFO - Filling up the DagBag from /home/airflow/.local/lib/python3.6/site-packages/airflow/example_dags/example_nested_branch_dag.py
[2022-11-05 14:19:39,949] {scheduler_job.py:639} INFO - DAG(s) dict_keys(['example_nested_branch_dag']) retrieved from /home/airflow/.local/lib/python3.6/site-packages/airflow/example_dags/example_nested_branch_dag.py
[2022-11-05 14:19:40,042] {logging_mixin.py:104} INFO - [2022-11-05 14:19:40,041] {dag.py:1818} INFO - Sync 1 DAGs
[2022-11-05 14:19:40,160] {logging_mixin.py:104} INFO - [2022-11-05 14:19:40,159] {dag.py:2273} INFO - Setting next_dagrun for example_nested_branch_dag to 2022-11-03 00:00:00+00:00
[2022-11-05 14:19:40,192] {scheduler_job.py:190} INFO - Processing /home/airflow/.local/lib/python3.6/site-packages/airflow/example_dags/example_nested_branch_dag.py took 0.331 seconds
