[2022-11-05 14:16:04,442] {scheduler_job.py:182} INFO - Started process (PID=55) to work on /home/airflow/.local/lib/python3.6/site-packages/airflow/example_dags/example_bash_operator.py
[2022-11-05 14:16:04,448] {scheduler_job.py:629} INFO - Processing file /home/airflow/.local/lib/python3.6/site-packages/airflow/example_dags/example_bash_operator.py for tasks to queue
[2022-11-05 14:16:04,452] {logging_mixin.py:104} INFO - [2022-11-05 14:16:04,451] {dagbag.py:448} INFO - Filling up the DagBag from /home/airflow/.local/lib/python3.6/site-packages/airflow/example_dags/example_bash_operator.py
[2022-11-05 14:16:04,520] {scheduler_job.py:639} INFO - DAG(s) dict_keys(['example_bash_operator']) retrieved from /home/airflow/.local/lib/python3.6/site-packages/airflow/example_dags/example_bash_operator.py
[2022-11-05 14:16:04,600] {logging_mixin.py:104} INFO - [2022-11-05 14:16:04,599] {dag.py:1818} INFO - Sync 1 DAGs
[2022-11-05 14:16:04,639] {logging_mixin.py:104} INFO - [2022-11-05 14:16:04,639] {dag.py:1837} INFO - Creating ORM DAG for example_bash_operator
[2022-11-05 14:16:04,709] {logging_mixin.py:104} INFO - [2022-11-05 14:16:04,708] {dag.py:2273} INFO - Setting next_dagrun for example_bash_operator to 2022-11-03 00:00:00+00:00
[2022-11-05 14:16:04,759] {scheduler_job.py:190} INFO - Processing /home/airflow/.local/lib/python3.6/site-packages/airflow/example_dags/example_bash_operator.py took 0.328 seconds
[2022-11-05 14:16:34,880] {scheduler_job.py:182} INFO - Started process (PID=107) to work on /home/airflow/.local/lib/python3.6/site-packages/airflow/example_dags/example_bash_operator.py
[2022-11-05 14:16:34,886] {scheduler_job.py:629} INFO - Processing file /home/airflow/.local/lib/python3.6/site-packages/airflow/example_dags/example_bash_operator.py for tasks to queue
[2022-11-05 14:16:34,896] {logging_mixin.py:104} INFO - [2022-11-05 14:16:34,895] {dagbag.py:448} INFO - Filling up the DagBag from /home/airflow/.local/lib/python3.6/site-packages/airflow/example_dags/example_bash_operator.py
[2022-11-05 14:16:34,958] {scheduler_job.py:639} INFO - DAG(s) dict_keys(['example_bash_operator']) retrieved from /home/airflow/.local/lib/python3.6/site-packages/airflow/example_dags/example_bash_operator.py
[2022-11-05 14:16:35,028] {logging_mixin.py:104} INFO - [2022-11-05 14:16:35,027] {dag.py:1818} INFO - Sync 1 DAGs
[2022-11-05 14:16:35,138] {logging_mixin.py:104} INFO - [2022-11-05 14:16:35,137] {dag.py:2273} INFO - Setting next_dagrun for example_bash_operator to 2022-11-03 00:00:00+00:00
[2022-11-05 14:16:35,169] {scheduler_job.py:190} INFO - Processing /home/airflow/.local/lib/python3.6/site-packages/airflow/example_dags/example_bash_operator.py took 0.297 seconds
[2022-11-05 14:17:05,824] {scheduler_job.py:182} INFO - Started process (PID=159) to work on /home/airflow/.local/lib/python3.6/site-packages/airflow/example_dags/example_bash_operator.py
[2022-11-05 14:17:05,835] {scheduler_job.py:629} INFO - Processing file /home/airflow/.local/lib/python3.6/site-packages/airflow/example_dags/example_bash_operator.py for tasks to queue
[2022-11-05 14:17:05,843] {logging_mixin.py:104} INFO - [2022-11-05 14:17:05,842] {dagbag.py:448} INFO - Filling up the DagBag from /home/airflow/.local/lib/python3.6/site-packages/airflow/example_dags/example_bash_operator.py
[2022-11-05 14:17:05,967] {scheduler_job.py:639} INFO - DAG(s) dict_keys(['example_bash_operator']) retrieved from /home/airflow/.local/lib/python3.6/site-packages/airflow/example_dags/example_bash_operator.py
[2022-11-05 14:17:06,089] {logging_mixin.py:104} INFO - [2022-11-05 14:17:06,089] {dag.py:1818} INFO - Sync 1 DAGs
[2022-11-05 14:17:06,362] {logging_mixin.py:104} INFO - [2022-11-05 14:17:06,361] {dag.py:2273} INFO - Setting next_dagrun for example_bash_operator to 2022-11-03 00:00:00+00:00
[2022-11-05 14:17:06,450] {scheduler_job.py:190} INFO - Processing /home/airflow/.local/lib/python3.6/site-packages/airflow/example_dags/example_bash_operator.py took 0.642 seconds
[2022-11-05 14:17:36,832] {scheduler_job.py:182} INFO - Started process (PID=211) to work on /home/airflow/.local/lib/python3.6/site-packages/airflow/example_dags/example_bash_operator.py
[2022-11-05 14:17:36,875] {scheduler_job.py:629} INFO - Processing file /home/airflow/.local/lib/python3.6/site-packages/airflow/example_dags/example_bash_operator.py for tasks to queue
[2022-11-05 14:17:36,905] {logging_mixin.py:104} INFO - [2022-11-05 14:17:36,899] {dagbag.py:448} INFO - Filling up the DagBag from /home/airflow/.local/lib/python3.6/site-packages/airflow/example_dags/example_bash_operator.py
[2022-11-05 14:17:37,077] {scheduler_job.py:639} INFO - DAG(s) dict_keys(['example_bash_operator']) retrieved from /home/airflow/.local/lib/python3.6/site-packages/airflow/example_dags/example_bash_operator.py
[2022-11-05 14:17:37,294] {logging_mixin.py:104} INFO - [2022-11-05 14:17:37,293] {dag.py:1818} INFO - Sync 1 DAGs
[2022-11-05 14:17:37,550] {logging_mixin.py:104} INFO - [2022-11-05 14:17:37,549] {dag.py:2273} INFO - Setting next_dagrun for example_bash_operator to 2022-11-03 00:00:00+00:00
[2022-11-05 14:17:37,621] {scheduler_job.py:190} INFO - Processing /home/airflow/.local/lib/python3.6/site-packages/airflow/example_dags/example_bash_operator.py took 0.854 seconds
[2022-11-05 14:18:08,041] {scheduler_job.py:182} INFO - Started process (PID=265) to work on /home/airflow/.local/lib/python3.6/site-packages/airflow/example_dags/example_bash_operator.py
[2022-11-05 14:18:08,051] {scheduler_job.py:629} INFO - Processing file /home/airflow/.local/lib/python3.6/site-packages/airflow/example_dags/example_bash_operator.py for tasks to queue
[2022-11-05 14:18:08,055] {logging_mixin.py:104} INFO - [2022-11-05 14:18:08,055] {dagbag.py:448} INFO - Filling up the DagBag from /home/airflow/.local/lib/python3.6/site-packages/airflow/example_dags/example_bash_operator.py
[2022-11-05 14:18:08,126] {scheduler_job.py:639} INFO - DAG(s) dict_keys(['example_bash_operator']) retrieved from /home/airflow/.local/lib/python3.6/site-packages/airflow/example_dags/example_bash_operator.py
[2022-11-05 14:18:08,262] {logging_mixin.py:104} INFO - [2022-11-05 14:18:08,261] {dag.py:1818} INFO - Sync 1 DAGs
[2022-11-05 14:18:08,385] {logging_mixin.py:104} INFO - [2022-11-05 14:18:08,385] {dag.py:2273} INFO - Setting next_dagrun for example_bash_operator to 2022-11-03 00:00:00+00:00
[2022-11-05 14:18:08,420] {scheduler_job.py:190} INFO - Processing /home/airflow/.local/lib/python3.6/site-packages/airflow/example_dags/example_bash_operator.py took 0.390 seconds
[2022-11-05 14:18:38,975] {scheduler_job.py:182} INFO - Started process (PID=319) to work on /home/airflow/.local/lib/python3.6/site-packages/airflow/example_dags/example_bash_operator.py
[2022-11-05 14:18:38,982] {scheduler_job.py:629} INFO - Processing file /home/airflow/.local/lib/python3.6/site-packages/airflow/example_dags/example_bash_operator.py for tasks to queue
[2022-11-05 14:18:38,987] {logging_mixin.py:104} INFO - [2022-11-05 14:18:38,987] {dagbag.py:448} INFO - Filling up the DagBag from /home/airflow/.local/lib/python3.6/site-packages/airflow/example_dags/example_bash_operator.py
[2022-11-05 14:18:39,035] {scheduler_job.py:639} INFO - DAG(s) dict_keys(['example_bash_operator']) retrieved from /home/airflow/.local/lib/python3.6/site-packages/airflow/example_dags/example_bash_operator.py
[2022-11-05 14:18:39,094] {logging_mixin.py:104} INFO - [2022-11-05 14:18:39,094] {dag.py:1818} INFO - Sync 1 DAGs
[2022-11-05 14:18:39,192] {logging_mixin.py:104} INFO - [2022-11-05 14:18:39,192] {dag.py:2273} INFO - Setting next_dagrun for example_bash_operator to 2022-11-03 00:00:00+00:00
[2022-11-05 14:18:39,220] {scheduler_job.py:190} INFO - Processing /home/airflow/.local/lib/python3.6/site-packages/airflow/example_dags/example_bash_operator.py took 0.255 seconds
[2022-11-05 14:19:09,278] {scheduler_job.py:182} INFO - Started process (PID=373) to work on /home/airflow/.local/lib/python3.6/site-packages/airflow/example_dags/example_bash_operator.py
[2022-11-05 14:19:09,294] {scheduler_job.py:629} INFO - Processing file /home/airflow/.local/lib/python3.6/site-packages/airflow/example_dags/example_bash_operator.py for tasks to queue
[2022-11-05 14:19:09,306] {logging_mixin.py:104} INFO - [2022-11-05 14:19:09,306] {dagbag.py:448} INFO - Filling up the DagBag from /home/airflow/.local/lib/python3.6/site-packages/airflow/example_dags/example_bash_operator.py
[2022-11-05 14:19:09,372] {scheduler_job.py:639} INFO - DAG(s) dict_keys(['example_bash_operator']) retrieved from /home/airflow/.local/lib/python3.6/site-packages/airflow/example_dags/example_bash_operator.py
[2022-11-05 14:19:09,454] {logging_mixin.py:104} INFO - [2022-11-05 14:19:09,453] {dag.py:1818} INFO - Sync 1 DAGs
[2022-11-05 14:19:09,563] {logging_mixin.py:104} INFO - [2022-11-05 14:19:09,563] {dag.py:2273} INFO - Setting next_dagrun for example_bash_operator to 2022-11-03 00:00:00+00:00
[2022-11-05 14:19:09,602] {scheduler_job.py:190} INFO - Processing /home/airflow/.local/lib/python3.6/site-packages/airflow/example_dags/example_bash_operator.py took 0.333 seconds
[2022-11-05 14:19:39,836] {scheduler_job.py:182} INFO - Started process (PID=427) to work on /home/airflow/.local/lib/python3.6/site-packages/airflow/example_dags/example_bash_operator.py
[2022-11-05 14:19:39,841] {scheduler_job.py:629} INFO - Processing file /home/airflow/.local/lib/python3.6/site-packages/airflow/example_dags/example_bash_operator.py for tasks to queue
[2022-11-05 14:19:39,844] {logging_mixin.py:104} INFO - [2022-11-05 14:19:39,844] {dagbag.py:448} INFO - Filling up the DagBag from /home/airflow/.local/lib/python3.6/site-packages/airflow/example_dags/example_bash_operator.py
[2022-11-05 14:19:39,896] {scheduler_job.py:639} INFO - DAG(s) dict_keys(['example_bash_operator']) retrieved from /home/airflow/.local/lib/python3.6/site-packages/airflow/example_dags/example_bash_operator.py
[2022-11-05 14:19:39,999] {logging_mixin.py:104} INFO - [2022-11-05 14:19:39,998] {dag.py:1818} INFO - Sync 1 DAGs
[2022-11-05 14:19:40,117] {logging_mixin.py:104} INFO - [2022-11-05 14:19:40,116] {dag.py:2273} INFO - Setting next_dagrun for example_bash_operator to 2022-11-03 00:00:00+00:00
[2022-11-05 14:19:40,153] {scheduler_job.py:190} INFO - Processing /home/airflow/.local/lib/python3.6/site-packages/airflow/example_dags/example_bash_operator.py took 0.329 seconds
