[2022-11-05 14:16:07,247] {scheduler_job.py:182} INFO - Started process (PID=87) to work on /home/airflow/.local/lib/python3.6/site-packages/airflow/example_dags/example_latest_only.py
[2022-11-05 14:16:07,255] {scheduler_job.py:629} INFO - Processing file /home/airflow/.local/lib/python3.6/site-packages/airflow/example_dags/example_latest_only.py for tasks to queue
[2022-11-05 14:16:07,265] {logging_mixin.py:104} INFO - [2022-11-05 14:16:07,265] {dagbag.py:448} INFO - Filling up the DagBag from /home/airflow/.local/lib/python3.6/site-packages/airflow/example_dags/example_latest_only.py
[2022-11-05 14:16:07,338] {scheduler_job.py:639} INFO - DAG(s) dict_keys(['latest_only']) retrieved from /home/airflow/.local/lib/python3.6/site-packages/airflow/example_dags/example_latest_only.py
[2022-11-05 14:16:07,412] {logging_mixin.py:104} INFO - [2022-11-05 14:16:07,412] {dag.py:1818} INFO - Sync 1 DAGs
[2022-11-05 14:16:07,457] {logging_mixin.py:104} INFO - [2022-11-05 14:16:07,456] {dag.py:1837} INFO - Creating ORM DAG for latest_only
[2022-11-05 14:16:07,478] {logging_mixin.py:104} INFO - [2022-11-05 14:16:07,477] {dag.py:2273} INFO - Setting next_dagrun for latest_only to 2022-11-03 00:00:00+00:00
[2022-11-05 14:16:07,538] {scheduler_job.py:190} INFO - Processing /home/airflow/.local/lib/python3.6/site-packages/airflow/example_dags/example_latest_only.py took 0.299 seconds
[2022-11-05 14:16:38,173] {scheduler_job.py:182} INFO - Started process (PID=135) to work on /home/airflow/.local/lib/python3.6/site-packages/airflow/example_dags/example_latest_only.py
[2022-11-05 14:16:38,182] {scheduler_job.py:629} INFO - Processing file /home/airflow/.local/lib/python3.6/site-packages/airflow/example_dags/example_latest_only.py for tasks to queue
[2022-11-05 14:16:38,186] {logging_mixin.py:104} INFO - [2022-11-05 14:16:38,186] {dagbag.py:448} INFO - Filling up the DagBag from /home/airflow/.local/lib/python3.6/site-packages/airflow/example_dags/example_latest_only.py
[2022-11-05 14:16:38,261] {scheduler_job.py:639} INFO - DAG(s) dict_keys(['latest_only']) retrieved from /home/airflow/.local/lib/python3.6/site-packages/airflow/example_dags/example_latest_only.py
[2022-11-05 14:16:38,375] {logging_mixin.py:104} INFO - [2022-11-05 14:16:38,374] {dag.py:1818} INFO - Sync 1 DAGs
[2022-11-05 14:16:38,520] {logging_mixin.py:104} INFO - [2022-11-05 14:16:38,519] {dag.py:2273} INFO - Setting next_dagrun for latest_only to 2022-11-03 00:00:00+00:00
[2022-11-05 14:16:38,571] {scheduler_job.py:190} INFO - Processing /home/airflow/.local/lib/python3.6/site-packages/airflow/example_dags/example_latest_only.py took 0.408 seconds
[2022-11-05 14:17:10,052] {scheduler_job.py:182} INFO - Started process (PID=185) to work on /home/airflow/.local/lib/python3.6/site-packages/airflow/example_dags/example_latest_only.py
[2022-11-05 14:17:10,067] {scheduler_job.py:629} INFO - Processing file /home/airflow/.local/lib/python3.6/site-packages/airflow/example_dags/example_latest_only.py for tasks to queue
[2022-11-05 14:17:10,083] {logging_mixin.py:104} INFO - [2022-11-05 14:17:10,082] {dagbag.py:448} INFO - Filling up the DagBag from /home/airflow/.local/lib/python3.6/site-packages/airflow/example_dags/example_latest_only.py
[2022-11-05 14:17:10,177] {scheduler_job.py:639} INFO - DAG(s) dict_keys(['latest_only']) retrieved from /home/airflow/.local/lib/python3.6/site-packages/airflow/example_dags/example_latest_only.py
[2022-11-05 14:17:10,321] {logging_mixin.py:104} INFO - [2022-11-05 14:17:10,321] {dag.py:1818} INFO - Sync 1 DAGs
[2022-11-05 14:17:10,472] {logging_mixin.py:104} INFO - [2022-11-05 14:17:10,472] {dag.py:2273} INFO - Setting next_dagrun for latest_only to 2022-11-03 00:00:00+00:00
[2022-11-05 14:17:10,534] {scheduler_job.py:190} INFO - Processing /home/airflow/.local/lib/python3.6/site-packages/airflow/example_dags/example_latest_only.py took 0.496 seconds
[2022-11-05 14:17:40,980] {scheduler_job.py:182} INFO - Started process (PID=237) to work on /home/airflow/.local/lib/python3.6/site-packages/airflow/example_dags/example_latest_only.py
[2022-11-05 14:17:40,987] {scheduler_job.py:629} INFO - Processing file /home/airflow/.local/lib/python3.6/site-packages/airflow/example_dags/example_latest_only.py for tasks to queue
[2022-11-05 14:17:40,996] {logging_mixin.py:104} INFO - [2022-11-05 14:17:40,995] {dagbag.py:448} INFO - Filling up the DagBag from /home/airflow/.local/lib/python3.6/site-packages/airflow/example_dags/example_latest_only.py
[2022-11-05 14:17:41,117] {scheduler_job.py:639} INFO - DAG(s) dict_keys(['latest_only']) retrieved from /home/airflow/.local/lib/python3.6/site-packages/airflow/example_dags/example_latest_only.py
[2022-11-05 14:17:41,383] {logging_mixin.py:104} INFO - [2022-11-05 14:17:41,382] {dag.py:1818} INFO - Sync 1 DAGs
[2022-11-05 14:17:41,542] {logging_mixin.py:104} INFO - [2022-11-05 14:17:41,541] {dag.py:2273} INFO - Setting next_dagrun for latest_only to 2022-11-03 00:00:00+00:00
[2022-11-05 14:17:41,709] {scheduler_job.py:190} INFO - Processing /home/airflow/.local/lib/python3.6/site-packages/airflow/example_dags/example_latest_only.py took 0.752 seconds
[2022-11-05 14:18:12,077] {scheduler_job.py:182} INFO - Started process (PID=291) to work on /home/airflow/.local/lib/python3.6/site-packages/airflow/example_dags/example_latest_only.py
[2022-11-05 14:18:12,082] {scheduler_job.py:629} INFO - Processing file /home/airflow/.local/lib/python3.6/site-packages/airflow/example_dags/example_latest_only.py for tasks to queue
[2022-11-05 14:18:12,084] {logging_mixin.py:104} INFO - [2022-11-05 14:18:12,084] {dagbag.py:448} INFO - Filling up the DagBag from /home/airflow/.local/lib/python3.6/site-packages/airflow/example_dags/example_latest_only.py
[2022-11-05 14:18:12,117] {scheduler_job.py:639} INFO - DAG(s) dict_keys(['latest_only']) retrieved from /home/airflow/.local/lib/python3.6/site-packages/airflow/example_dags/example_latest_only.py
[2022-11-05 14:18:12,168] {logging_mixin.py:104} INFO - [2022-11-05 14:18:12,168] {dag.py:1818} INFO - Sync 1 DAGs
[2022-11-05 14:18:12,225] {logging_mixin.py:104} INFO - [2022-11-05 14:18:12,225] {dag.py:2273} INFO - Setting next_dagrun for latest_only to 2022-11-03 00:00:00+00:00
[2022-11-05 14:18:12,253] {scheduler_job.py:190} INFO - Processing /home/airflow/.local/lib/python3.6/site-packages/airflow/example_dags/example_latest_only.py took 0.183 seconds
[2022-11-05 14:18:42,573] {scheduler_job.py:182} INFO - Started process (PID=345) to work on /home/airflow/.local/lib/python3.6/site-packages/airflow/example_dags/example_latest_only.py
[2022-11-05 14:18:42,581] {scheduler_job.py:629} INFO - Processing file /home/airflow/.local/lib/python3.6/site-packages/airflow/example_dags/example_latest_only.py for tasks to queue
[2022-11-05 14:18:42,585] {logging_mixin.py:104} INFO - [2022-11-05 14:18:42,584] {dagbag.py:448} INFO - Filling up the DagBag from /home/airflow/.local/lib/python3.6/site-packages/airflow/example_dags/example_latest_only.py
[2022-11-05 14:18:42,652] {scheduler_job.py:639} INFO - DAG(s) dict_keys(['latest_only']) retrieved from /home/airflow/.local/lib/python3.6/site-packages/airflow/example_dags/example_latest_only.py
[2022-11-05 14:18:42,732] {logging_mixin.py:104} INFO - [2022-11-05 14:18:42,731] {dag.py:1818} INFO - Sync 1 DAGs
[2022-11-05 14:18:42,800] {logging_mixin.py:104} INFO - [2022-11-05 14:18:42,799] {dag.py:2273} INFO - Setting next_dagrun for latest_only to 2022-11-03 00:00:00+00:00
[2022-11-05 14:18:42,847] {scheduler_job.py:190} INFO - Processing /home/airflow/.local/lib/python3.6/site-packages/airflow/example_dags/example_latest_only.py took 0.284 seconds
[2022-11-05 14:19:12,964] {scheduler_job.py:182} INFO - Started process (PID=399) to work on /home/airflow/.local/lib/python3.6/site-packages/airflow/example_dags/example_latest_only.py
[2022-11-05 14:19:12,969] {scheduler_job.py:629} INFO - Processing file /home/airflow/.local/lib/python3.6/site-packages/airflow/example_dags/example_latest_only.py for tasks to queue
[2022-11-05 14:19:12,971] {logging_mixin.py:104} INFO - [2022-11-05 14:19:12,971] {dagbag.py:448} INFO - Filling up the DagBag from /home/airflow/.local/lib/python3.6/site-packages/airflow/example_dags/example_latest_only.py
[2022-11-05 14:19:13,005] {scheduler_job.py:639} INFO - DAG(s) dict_keys(['latest_only']) retrieved from /home/airflow/.local/lib/python3.6/site-packages/airflow/example_dags/example_latest_only.py
[2022-11-05 14:19:13,062] {logging_mixin.py:104} INFO - [2022-11-05 14:19:13,062] {dag.py:1818} INFO - Sync 1 DAGs
[2022-11-05 14:19:13,107] {logging_mixin.py:104} INFO - [2022-11-05 14:19:13,106] {dag.py:2273} INFO - Setting next_dagrun for latest_only to 2022-11-03 00:00:00+00:00
[2022-11-05 14:19:13,135] {scheduler_job.py:190} INFO - Processing /home/airflow/.local/lib/python3.6/site-packages/airflow/example_dags/example_latest_only.py took 0.178 seconds
[2022-11-05 14:19:43,499] {scheduler_job.py:182} INFO - Started process (PID=451) to work on /home/airflow/.local/lib/python3.6/site-packages/airflow/example_dags/example_latest_only.py
[2022-11-05 14:19:43,504] {scheduler_job.py:629} INFO - Processing file /home/airflow/.local/lib/python3.6/site-packages/airflow/example_dags/example_latest_only.py for tasks to queue
[2022-11-05 14:19:43,508] {logging_mixin.py:104} INFO - [2022-11-05 14:19:43,507] {dagbag.py:448} INFO - Filling up the DagBag from /home/airflow/.local/lib/python3.6/site-packages/airflow/example_dags/example_latest_only.py
[2022-11-05 14:19:43,544] {scheduler_job.py:639} INFO - DAG(s) dict_keys(['latest_only']) retrieved from /home/airflow/.local/lib/python3.6/site-packages/airflow/example_dags/example_latest_only.py
[2022-11-05 14:19:43,598] {logging_mixin.py:104} INFO - [2022-11-05 14:19:43,597] {dag.py:1818} INFO - Sync 1 DAGs
[2022-11-05 14:19:43,662] {logging_mixin.py:104} INFO - [2022-11-05 14:19:43,661] {dag.py:2273} INFO - Setting next_dagrun for latest_only to 2022-11-03 00:00:00+00:00
[2022-11-05 14:19:43,690] {scheduler_job.py:190} INFO - Processing /home/airflow/.local/lib/python3.6/site-packages/airflow/example_dags/example_latest_only.py took 0.199 seconds
