[2022-11-05 14:16:05,721] {scheduler_job.py:182} INFO - Started process (PID=69) to work on /home/airflow/.local/lib/python3.6/site-packages/airflow/example_dags/example_dag_decorator.py
[2022-11-05 14:16:05,726] {scheduler_job.py:629} INFO - Processing file /home/airflow/.local/lib/python3.6/site-packages/airflow/example_dags/example_dag_decorator.py for tasks to queue
[2022-11-05 14:16:05,731] {logging_mixin.py:104} INFO - [2022-11-05 14:16:05,730] {dagbag.py:448} INFO - Filling up the DagBag from /home/airflow/.local/lib/python3.6/site-packages/airflow/example_dags/example_dag_decorator.py
[2022-11-05 14:16:05,840] {scheduler_job.py:639} INFO - DAG(s) dict_keys(['example_dag_decorator']) retrieved from /home/airflow/.local/lib/python3.6/site-packages/airflow/example_dags/example_dag_decorator.py
[2022-11-05 14:16:05,924] {logging_mixin.py:104} INFO - [2022-11-05 14:16:05,923] {dag.py:1818} INFO - Sync 1 DAGs
[2022-11-05 14:16:05,965] {logging_mixin.py:104} INFO - [2022-11-05 14:16:05,965] {dag.py:1837} INFO - Creating ORM DAG for example_dag_decorator
[2022-11-05 14:16:05,987] {logging_mixin.py:104} INFO - [2022-11-05 14:16:05,987] {dag.py:2273} INFO - Setting next_dagrun for example_dag_decorator to None
[2022-11-05 14:16:06,036] {scheduler_job.py:190} INFO - Processing /home/airflow/.local/lib/python3.6/site-packages/airflow/example_dags/example_dag_decorator.py took 0.326 seconds
[2022-11-05 14:16:36,735] {scheduler_job.py:182} INFO - Started process (PID=123) to work on /home/airflow/.local/lib/python3.6/site-packages/airflow/example_dags/example_dag_decorator.py
[2022-11-05 14:16:36,741] {scheduler_job.py:629} INFO - Processing file /home/airflow/.local/lib/python3.6/site-packages/airflow/example_dags/example_dag_decorator.py for tasks to queue
[2022-11-05 14:16:36,755] {logging_mixin.py:104} INFO - [2022-11-05 14:16:36,753] {dagbag.py:448} INFO - Filling up the DagBag from /home/airflow/.local/lib/python3.6/site-packages/airflow/example_dags/example_dag_decorator.py
[2022-11-05 14:16:36,891] {scheduler_job.py:639} INFO - DAG(s) dict_keys(['example_dag_decorator']) retrieved from /home/airflow/.local/lib/python3.6/site-packages/airflow/example_dags/example_dag_decorator.py
[2022-11-05 14:16:36,981] {logging_mixin.py:104} INFO - [2022-11-05 14:16:36,980] {dag.py:1818} INFO - Sync 1 DAGs
[2022-11-05 14:16:37,086] {logging_mixin.py:104} INFO - [2022-11-05 14:16:37,086] {dag.py:2273} INFO - Setting next_dagrun for example_dag_decorator to None
[2022-11-05 14:16:37,172] {scheduler_job.py:190} INFO - Processing /home/airflow/.local/lib/python3.6/site-packages/airflow/example_dags/example_dag_decorator.py took 0.466 seconds
[2022-11-05 14:17:10,717] {scheduler_job.py:182} INFO - Started process (PID=189) to work on /home/airflow/.local/lib/python3.6/site-packages/airflow/example_dags/example_dag_decorator.py
[2022-11-05 14:17:10,731] {scheduler_job.py:629} INFO - Processing file /home/airflow/.local/lib/python3.6/site-packages/airflow/example_dags/example_dag_decorator.py for tasks to queue
[2022-11-05 14:17:10,750] {logging_mixin.py:104} INFO - [2022-11-05 14:17:10,749] {dagbag.py:448} INFO - Filling up the DagBag from /home/airflow/.local/lib/python3.6/site-packages/airflow/example_dags/example_dag_decorator.py
[2022-11-05 14:17:11,003] {scheduler_job.py:639} INFO - DAG(s) dict_keys(['example_dag_decorator']) retrieved from /home/airflow/.local/lib/python3.6/site-packages/airflow/example_dags/example_dag_decorator.py
[2022-11-05 14:17:11,224] {logging_mixin.py:104} INFO - [2022-11-05 14:17:11,223] {dag.py:1818} INFO - Sync 1 DAGs
[2022-11-05 14:17:11,357] {logging_mixin.py:104} INFO - [2022-11-05 14:17:11,356] {dag.py:2273} INFO - Setting next_dagrun for example_dag_decorator to None
[2022-11-05 14:17:11,494] {scheduler_job.py:190} INFO - Processing /home/airflow/.local/lib/python3.6/site-packages/airflow/example_dags/example_dag_decorator.py took 0.831 seconds
[2022-11-05 14:17:42,659] {scheduler_job.py:182} INFO - Started process (PID=245) to work on /home/airflow/.local/lib/python3.6/site-packages/airflow/example_dags/example_dag_decorator.py
[2022-11-05 14:17:42,670] {scheduler_job.py:629} INFO - Processing file /home/airflow/.local/lib/python3.6/site-packages/airflow/example_dags/example_dag_decorator.py for tasks to queue
[2022-11-05 14:17:42,678] {logging_mixin.py:104} INFO - [2022-11-05 14:17:42,677] {dagbag.py:448} INFO - Filling up the DagBag from /home/airflow/.local/lib/python3.6/site-packages/airflow/example_dags/example_dag_decorator.py
[2022-11-05 14:17:42,797] {scheduler_job.py:639} INFO - DAG(s) dict_keys(['example_dag_decorator']) retrieved from /home/airflow/.local/lib/python3.6/site-packages/airflow/example_dags/example_dag_decorator.py
[2022-11-05 14:17:43,003] {logging_mixin.py:104} INFO - [2022-11-05 14:17:43,003] {dag.py:1818} INFO - Sync 1 DAGs
[2022-11-05 14:17:43,120] {logging_mixin.py:104} INFO - [2022-11-05 14:17:43,120] {dag.py:2273} INFO - Setting next_dagrun for example_dag_decorator to None
[2022-11-05 14:17:43,183] {scheduler_job.py:190} INFO - Processing /home/airflow/.local/lib/python3.6/site-packages/airflow/example_dags/example_dag_decorator.py took 0.533 seconds
[2022-11-05 14:18:13,561] {scheduler_job.py:182} INFO - Started process (PID=299) to work on /home/airflow/.local/lib/python3.6/site-packages/airflow/example_dags/example_dag_decorator.py
[2022-11-05 14:18:13,565] {scheduler_job.py:629} INFO - Processing file /home/airflow/.local/lib/python3.6/site-packages/airflow/example_dags/example_dag_decorator.py for tasks to queue
[2022-11-05 14:18:13,569] {logging_mixin.py:104} INFO - [2022-11-05 14:18:13,569] {dagbag.py:448} INFO - Filling up the DagBag from /home/airflow/.local/lib/python3.6/site-packages/airflow/example_dags/example_dag_decorator.py
[2022-11-05 14:18:13,626] {scheduler_job.py:639} INFO - DAG(s) dict_keys(['example_dag_decorator']) retrieved from /home/airflow/.local/lib/python3.6/site-packages/airflow/example_dags/example_dag_decorator.py
[2022-11-05 14:18:13,721] {logging_mixin.py:104} INFO - [2022-11-05 14:18:13,720] {dag.py:1818} INFO - Sync 1 DAGs
[2022-11-05 14:18:13,830] {logging_mixin.py:104} INFO - [2022-11-05 14:18:13,829] {dag.py:2273} INFO - Setting next_dagrun for example_dag_decorator to None
[2022-11-05 14:18:13,871] {scheduler_job.py:190} INFO - Processing /home/airflow/.local/lib/python3.6/site-packages/airflow/example_dags/example_dag_decorator.py took 0.316 seconds
[2022-11-05 14:18:44,092] {scheduler_job.py:182} INFO - Started process (PID=353) to work on /home/airflow/.local/lib/python3.6/site-packages/airflow/example_dags/example_dag_decorator.py
[2022-11-05 14:18:44,097] {scheduler_job.py:629} INFO - Processing file /home/airflow/.local/lib/python3.6/site-packages/airflow/example_dags/example_dag_decorator.py for tasks to queue
[2022-11-05 14:18:44,100] {logging_mixin.py:104} INFO - [2022-11-05 14:18:44,099] {dagbag.py:448} INFO - Filling up the DagBag from /home/airflow/.local/lib/python3.6/site-packages/airflow/example_dags/example_dag_decorator.py
[2022-11-05 14:18:44,155] {scheduler_job.py:639} INFO - DAG(s) dict_keys(['example_dag_decorator']) retrieved from /home/airflow/.local/lib/python3.6/site-packages/airflow/example_dags/example_dag_decorator.py
[2022-11-05 14:18:44,226] {logging_mixin.py:104} INFO - [2022-11-05 14:18:44,225] {dag.py:1818} INFO - Sync 1 DAGs
[2022-11-05 14:18:44,275] {logging_mixin.py:104} INFO - [2022-11-05 14:18:44,274] {dag.py:2273} INFO - Setting next_dagrun for example_dag_decorator to None
[2022-11-05 14:18:44,309] {scheduler_job.py:190} INFO - Processing /home/airflow/.local/lib/python3.6/site-packages/airflow/example_dags/example_dag_decorator.py took 0.224 seconds
[2022-11-05 14:19:14,381] {scheduler_job.py:182} INFO - Started process (PID=405) to work on /home/airflow/.local/lib/python3.6/site-packages/airflow/example_dags/example_dag_decorator.py
[2022-11-05 14:19:14,387] {scheduler_job.py:629} INFO - Processing file /home/airflow/.local/lib/python3.6/site-packages/airflow/example_dags/example_dag_decorator.py for tasks to queue
[2022-11-05 14:19:14,391] {logging_mixin.py:104} INFO - [2022-11-05 14:19:14,390] {dagbag.py:448} INFO - Filling up the DagBag from /home/airflow/.local/lib/python3.6/site-packages/airflow/example_dags/example_dag_decorator.py
[2022-11-05 14:19:14,487] {scheduler_job.py:639} INFO - DAG(s) dict_keys(['example_dag_decorator']) retrieved from /home/airflow/.local/lib/python3.6/site-packages/airflow/example_dags/example_dag_decorator.py
[2022-11-05 14:19:14,610] {logging_mixin.py:104} INFO - [2022-11-05 14:19:14,609] {dag.py:1818} INFO - Sync 1 DAGs
[2022-11-05 14:19:14,672] {logging_mixin.py:104} INFO - [2022-11-05 14:19:14,672] {dag.py:2273} INFO - Setting next_dagrun for example_dag_decorator to None
[2022-11-05 14:19:14,706] {scheduler_job.py:190} INFO - Processing /home/airflow/.local/lib/python3.6/site-packages/airflow/example_dags/example_dag_decorator.py took 0.336 seconds
[2022-11-05 14:19:45,153] {scheduler_job.py:182} INFO - Started process (PID=459) to work on /home/airflow/.local/lib/python3.6/site-packages/airflow/example_dags/example_dag_decorator.py
[2022-11-05 14:19:45,161] {scheduler_job.py:629} INFO - Processing file /home/airflow/.local/lib/python3.6/site-packages/airflow/example_dags/example_dag_decorator.py for tasks to queue
[2022-11-05 14:19:45,164] {logging_mixin.py:104} INFO - [2022-11-05 14:19:45,164] {dagbag.py:448} INFO - Filling up the DagBag from /home/airflow/.local/lib/python3.6/site-packages/airflow/example_dags/example_dag_decorator.py
[2022-11-05 14:19:45,216] {scheduler_job.py:639} INFO - DAG(s) dict_keys(['example_dag_decorator']) retrieved from /home/airflow/.local/lib/python3.6/site-packages/airflow/example_dags/example_dag_decorator.py
[2022-11-05 14:19:45,287] {logging_mixin.py:104} INFO - [2022-11-05 14:19:45,286] {dag.py:1818} INFO - Sync 1 DAGs
[2022-11-05 14:19:45,347] {logging_mixin.py:104} INFO - [2022-11-05 14:19:45,346] {dag.py:2273} INFO - Setting next_dagrun for example_dag_decorator to None
[2022-11-05 14:19:45,381] {scheduler_job.py:190} INFO - Processing /home/airflow/.local/lib/python3.6/site-packages/airflow/example_dags/example_dag_decorator.py took 0.235 seconds
