[2022-11-05 14:16:06,436] {scheduler_job.py:182} INFO - Started process (PID=77) to work on /home/airflow/.local/lib/python3.6/site-packages/airflow/example_dags/example_short_circuit_operator.py
[2022-11-05 14:16:06,441] {scheduler_job.py:629} INFO - Processing file /home/airflow/.local/lib/python3.6/site-packages/airflow/example_dags/example_short_circuit_operator.py for tasks to queue
[2022-11-05 14:16:06,445] {logging_mixin.py:104} INFO - [2022-11-05 14:16:06,445] {dagbag.py:448} INFO - Filling up the DagBag from /home/airflow/.local/lib/python3.6/site-packages/airflow/example_dags/example_short_circuit_operator.py
[2022-11-05 14:16:06,512] {scheduler_job.py:639} INFO - DAG(s) dict_keys(['example_short_circuit_operator']) retrieved from /home/airflow/.local/lib/python3.6/site-packages/airflow/example_dags/example_short_circuit_operator.py
[2022-11-05 14:16:06,591] {logging_mixin.py:104} INFO - [2022-11-05 14:16:06,590] {dag.py:1818} INFO - Sync 1 DAGs
[2022-11-05 14:16:06,629] {logging_mixin.py:104} INFO - [2022-11-05 14:16:06,628] {dag.py:1837} INFO - Creating ORM DAG for example_short_circuit_operator
[2022-11-05 14:16:06,651] {logging_mixin.py:104} INFO - [2022-11-05 14:16:06,650] {dag.py:2273} INFO - Setting next_dagrun for example_short_circuit_operator to 2022-11-03 00:00:00+00:00
[2022-11-05 14:16:06,699] {scheduler_job.py:190} INFO - Processing /home/airflow/.local/lib/python3.6/site-packages/airflow/example_dags/example_short_circuit_operator.py took 0.271 seconds
[2022-11-05 14:16:37,657] {scheduler_job.py:182} INFO - Started process (PID=129) to work on /home/airflow/.local/lib/python3.6/site-packages/airflow/example_dags/example_short_circuit_operator.py
[2022-11-05 14:16:37,664] {scheduler_job.py:629} INFO - Processing file /home/airflow/.local/lib/python3.6/site-packages/airflow/example_dags/example_short_circuit_operator.py for tasks to queue
[2022-11-05 14:16:37,674] {logging_mixin.py:104} INFO - [2022-11-05 14:16:37,674] {dagbag.py:448} INFO - Filling up the DagBag from /home/airflow/.local/lib/python3.6/site-packages/airflow/example_dags/example_short_circuit_operator.py
[2022-11-05 14:16:37,768] {scheduler_job.py:639} INFO - DAG(s) dict_keys(['example_short_circuit_operator']) retrieved from /home/airflow/.local/lib/python3.6/site-packages/airflow/example_dags/example_short_circuit_operator.py
[2022-11-05 14:16:37,858] {logging_mixin.py:104} INFO - [2022-11-05 14:16:37,858] {dag.py:1818} INFO - Sync 1 DAGs
[2022-11-05 14:16:37,925] {logging_mixin.py:104} INFO - [2022-11-05 14:16:37,924] {dag.py:2273} INFO - Setting next_dagrun for example_short_circuit_operator to 2022-11-03 00:00:00+00:00
[2022-11-05 14:16:37,975] {scheduler_job.py:190} INFO - Processing /home/airflow/.local/lib/python3.6/site-packages/airflow/example_dags/example_short_circuit_operator.py took 0.332 seconds
[2022-11-05 14:17:09,469] {scheduler_job.py:182} INFO - Started process (PID=181) to work on /home/airflow/.local/lib/python3.6/site-packages/airflow/example_dags/example_short_circuit_operator.py
[2022-11-05 14:17:09,474] {scheduler_job.py:629} INFO - Processing file /home/airflow/.local/lib/python3.6/site-packages/airflow/example_dags/example_short_circuit_operator.py for tasks to queue
[2022-11-05 14:17:09,481] {logging_mixin.py:104} INFO - [2022-11-05 14:17:09,480] {dagbag.py:448} INFO - Filling up the DagBag from /home/airflow/.local/lib/python3.6/site-packages/airflow/example_dags/example_short_circuit_operator.py
[2022-11-05 14:17:09,586] {scheduler_job.py:639} INFO - DAG(s) dict_keys(['example_short_circuit_operator']) retrieved from /home/airflow/.local/lib/python3.6/site-packages/airflow/example_dags/example_short_circuit_operator.py
[2022-11-05 14:17:09,713] {logging_mixin.py:104} INFO - [2022-11-05 14:17:09,712] {dag.py:1818} INFO - Sync 1 DAGs
[2022-11-05 14:17:09,906] {logging_mixin.py:104} INFO - [2022-11-05 14:17:09,905] {dag.py:2273} INFO - Setting next_dagrun for example_short_circuit_operator to 2022-11-03 00:00:00+00:00
[2022-11-05 14:17:09,957] {scheduler_job.py:190} INFO - Processing /home/airflow/.local/lib/python3.6/site-packages/airflow/example_dags/example_short_circuit_operator.py took 0.507 seconds
[2022-11-05 14:17:41,262] {scheduler_job.py:182} INFO - Started process (PID=239) to work on /home/airflow/.local/lib/python3.6/site-packages/airflow/example_dags/example_short_circuit_operator.py
[2022-11-05 14:17:41,286] {scheduler_job.py:629} INFO - Processing file /home/airflow/.local/lib/python3.6/site-packages/airflow/example_dags/example_short_circuit_operator.py for tasks to queue
[2022-11-05 14:17:41,297] {logging_mixin.py:104} INFO - [2022-11-05 14:17:41,297] {dagbag.py:448} INFO - Filling up the DagBag from /home/airflow/.local/lib/python3.6/site-packages/airflow/example_dags/example_short_circuit_operator.py
[2022-11-05 14:17:41,482] {scheduler_job.py:639} INFO - DAG(s) dict_keys(['example_short_circuit_operator']) retrieved from /home/airflow/.local/lib/python3.6/site-packages/airflow/example_dags/example_short_circuit_operator.py
[2022-11-05 14:17:41,771] {logging_mixin.py:104} INFO - [2022-11-05 14:17:41,770] {dag.py:1818} INFO - Sync 1 DAGs
[2022-11-05 14:17:42,073] {logging_mixin.py:104} INFO - [2022-11-05 14:17:42,064] {dag.py:2273} INFO - Setting next_dagrun for example_short_circuit_operator to 2022-11-03 00:00:00+00:00
[2022-11-05 14:17:42,179] {scheduler_job.py:190} INFO - Processing /home/airflow/.local/lib/python3.6/site-packages/airflow/example_dags/example_short_circuit_operator.py took 0.972 seconds
[2022-11-05 14:18:13,225] {scheduler_job.py:182} INFO - Started process (PID=295) to work on /home/airflow/.local/lib/python3.6/site-packages/airflow/example_dags/example_short_circuit_operator.py
[2022-11-05 14:18:13,233] {scheduler_job.py:629} INFO - Processing file /home/airflow/.local/lib/python3.6/site-packages/airflow/example_dags/example_short_circuit_operator.py for tasks to queue
[2022-11-05 14:18:13,240] {logging_mixin.py:104} INFO - [2022-11-05 14:18:13,239] {dagbag.py:448} INFO - Filling up the DagBag from /home/airflow/.local/lib/python3.6/site-packages/airflow/example_dags/example_short_circuit_operator.py
[2022-11-05 14:18:13,318] {scheduler_job.py:639} INFO - DAG(s) dict_keys(['example_short_circuit_operator']) retrieved from /home/airflow/.local/lib/python3.6/site-packages/airflow/example_dags/example_short_circuit_operator.py
[2022-11-05 14:18:13,391] {logging_mixin.py:104} INFO - [2022-11-05 14:18:13,391] {dag.py:1818} INFO - Sync 1 DAGs
[2022-11-05 14:18:13,454] {logging_mixin.py:104} INFO - [2022-11-05 14:18:13,454] {dag.py:2273} INFO - Setting next_dagrun for example_short_circuit_operator to 2022-11-03 00:00:00+00:00
[2022-11-05 14:18:13,483] {scheduler_job.py:190} INFO - Processing /home/airflow/.local/lib/python3.6/site-packages/airflow/example_dags/example_short_circuit_operator.py took 0.273 seconds
[2022-11-05 14:18:43,711] {scheduler_job.py:182} INFO - Started process (PID=349) to work on /home/airflow/.local/lib/python3.6/site-packages/airflow/example_dags/example_short_circuit_operator.py
[2022-11-05 14:18:43,716] {scheduler_job.py:629} INFO - Processing file /home/airflow/.local/lib/python3.6/site-packages/airflow/example_dags/example_short_circuit_operator.py for tasks to queue
[2022-11-05 14:18:43,719] {logging_mixin.py:104} INFO - [2022-11-05 14:18:43,718] {dagbag.py:448} INFO - Filling up the DagBag from /home/airflow/.local/lib/python3.6/site-packages/airflow/example_dags/example_short_circuit_operator.py
[2022-11-05 14:18:43,768] {scheduler_job.py:639} INFO - DAG(s) dict_keys(['example_short_circuit_operator']) retrieved from /home/airflow/.local/lib/python3.6/site-packages/airflow/example_dags/example_short_circuit_operator.py
[2022-11-05 14:18:43,840] {logging_mixin.py:104} INFO - [2022-11-05 14:18:43,839] {dag.py:1818} INFO - Sync 1 DAGs
[2022-11-05 14:18:43,934] {logging_mixin.py:104} INFO - [2022-11-05 14:18:43,933] {dag.py:2273} INFO - Setting next_dagrun for example_short_circuit_operator to 2022-11-03 00:00:00+00:00
[2022-11-05 14:18:43,981] {scheduler_job.py:190} INFO - Processing /home/airflow/.local/lib/python3.6/site-packages/airflow/example_dags/example_short_circuit_operator.py took 0.278 seconds
[2022-11-05 14:19:14,078] {scheduler_job.py:182} INFO - Started process (PID=401) to work on /home/airflow/.local/lib/python3.6/site-packages/airflow/example_dags/example_short_circuit_operator.py
[2022-11-05 14:19:14,083] {scheduler_job.py:629} INFO - Processing file /home/airflow/.local/lib/python3.6/site-packages/airflow/example_dags/example_short_circuit_operator.py for tasks to queue
[2022-11-05 14:19:14,085] {logging_mixin.py:104} INFO - [2022-11-05 14:19:14,085] {dagbag.py:448} INFO - Filling up the DagBag from /home/airflow/.local/lib/python3.6/site-packages/airflow/example_dags/example_short_circuit_operator.py
[2022-11-05 14:19:14,129] {scheduler_job.py:639} INFO - DAG(s) dict_keys(['example_short_circuit_operator']) retrieved from /home/airflow/.local/lib/python3.6/site-packages/airflow/example_dags/example_short_circuit_operator.py
[2022-11-05 14:19:14,205] {logging_mixin.py:104} INFO - [2022-11-05 14:19:14,204] {dag.py:1818} INFO - Sync 1 DAGs
[2022-11-05 14:19:14,278] {logging_mixin.py:104} INFO - [2022-11-05 14:19:14,277] {dag.py:2273} INFO - Setting next_dagrun for example_short_circuit_operator to 2022-11-03 00:00:00+00:00
[2022-11-05 14:19:14,312] {scheduler_job.py:190} INFO - Processing /home/airflow/.local/lib/python3.6/site-packages/airflow/example_dags/example_short_circuit_operator.py took 0.242 seconds
[2022-11-05 14:19:44,772] {scheduler_job.py:182} INFO - Started process (PID=457) to work on /home/airflow/.local/lib/python3.6/site-packages/airflow/example_dags/example_short_circuit_operator.py
[2022-11-05 14:19:44,777] {scheduler_job.py:629} INFO - Processing file /home/airflow/.local/lib/python3.6/site-packages/airflow/example_dags/example_short_circuit_operator.py for tasks to queue
[2022-11-05 14:19:44,781] {logging_mixin.py:104} INFO - [2022-11-05 14:19:44,781] {dagbag.py:448} INFO - Filling up the DagBag from /home/airflow/.local/lib/python3.6/site-packages/airflow/example_dags/example_short_circuit_operator.py
[2022-11-05 14:19:44,849] {scheduler_job.py:639} INFO - DAG(s) dict_keys(['example_short_circuit_operator']) retrieved from /home/airflow/.local/lib/python3.6/site-packages/airflow/example_dags/example_short_circuit_operator.py
[2022-11-05 14:19:44,957] {logging_mixin.py:104} INFO - [2022-11-05 14:19:44,956] {dag.py:1818} INFO - Sync 1 DAGs
[2022-11-05 14:19:45,073] {logging_mixin.py:104} INFO - [2022-11-05 14:19:45,073] {dag.py:2273} INFO - Setting next_dagrun for example_short_circuit_operator to 2022-11-03 00:00:00+00:00
[2022-11-05 14:19:45,114] {scheduler_job.py:190} INFO - Processing /home/airflow/.local/lib/python3.6/site-packages/airflow/example_dags/example_short_circuit_operator.py took 0.349 seconds
