[2022-11-05 14:16:05,476] {scheduler_job.py:182} INFO - Started process (PID=67) to work on /home/airflow/.local/lib/python3.6/site-packages/airflow/example_dags/example_latest_only_with_trigger.py
[2022-11-05 14:16:05,481] {scheduler_job.py:629} INFO - Processing file /home/airflow/.local/lib/python3.6/site-packages/airflow/example_dags/example_latest_only_with_trigger.py for tasks to queue
[2022-11-05 14:16:05,485] {logging_mixin.py:104} INFO - [2022-11-05 14:16:05,484] {dagbag.py:448} INFO - Filling up the DagBag from /home/airflow/.local/lib/python3.6/site-packages/airflow/example_dags/example_latest_only_with_trigger.py
[2022-11-05 14:16:05,542] {scheduler_job.py:639} INFO - DAG(s) dict_keys(['latest_only_with_trigger']) retrieved from /home/airflow/.local/lib/python3.6/site-packages/airflow/example_dags/example_latest_only_with_trigger.py
[2022-11-05 14:16:05,643] {logging_mixin.py:104} INFO - [2022-11-05 14:16:05,642] {dag.py:1818} INFO - Sync 1 DAGs
[2022-11-05 14:16:05,694] {logging_mixin.py:104} INFO - [2022-11-05 14:16:05,693] {dag.py:1837} INFO - Creating ORM DAG for latest_only_with_trigger
[2022-11-05 14:16:05,721] {logging_mixin.py:104} INFO - [2022-11-05 14:16:05,720] {dag.py:2273} INFO - Setting next_dagrun for latest_only_with_trigger to 2022-11-03 00:00:00+00:00
[2022-11-05 14:16:05,773] {scheduler_job.py:190} INFO - Processing /home/airflow/.local/lib/python3.6/site-packages/airflow/example_dags/example_latest_only_with_trigger.py took 0.305 seconds
[2022-11-05 14:16:36,529] {scheduler_job.py:182} INFO - Started process (PID=121) to work on /home/airflow/.local/lib/python3.6/site-packages/airflow/example_dags/example_latest_only_with_trigger.py
[2022-11-05 14:16:36,544] {scheduler_job.py:629} INFO - Processing file /home/airflow/.local/lib/python3.6/site-packages/airflow/example_dags/example_latest_only_with_trigger.py for tasks to queue
[2022-11-05 14:16:36,556] {logging_mixin.py:104} INFO - [2022-11-05 14:16:36,555] {dagbag.py:448} INFO - Filling up the DagBag from /home/airflow/.local/lib/python3.6/site-packages/airflow/example_dags/example_latest_only_with_trigger.py
[2022-11-05 14:16:36,643] {scheduler_job.py:639} INFO - DAG(s) dict_keys(['latest_only_with_trigger']) retrieved from /home/airflow/.local/lib/python3.6/site-packages/airflow/example_dags/example_latest_only_with_trigger.py
[2022-11-05 14:16:36,810] {logging_mixin.py:104} INFO - [2022-11-05 14:16:36,809] {dag.py:1818} INFO - Sync 1 DAGs
[2022-11-05 14:16:36,923] {logging_mixin.py:104} INFO - [2022-11-05 14:16:36,922] {dag.py:2273} INFO - Setting next_dagrun for latest_only_with_trigger to 2022-11-03 00:00:00+00:00
[2022-11-05 14:16:36,967] {scheduler_job.py:190} INFO - Processing /home/airflow/.local/lib/python3.6/site-packages/airflow/example_dags/example_latest_only_with_trigger.py took 0.447 seconds
[2022-11-05 14:17:08,350] {scheduler_job.py:182} INFO - Started process (PID=173) to work on /home/airflow/.local/lib/python3.6/site-packages/airflow/example_dags/example_latest_only_with_trigger.py
[2022-11-05 14:17:08,368] {scheduler_job.py:629} INFO - Processing file /home/airflow/.local/lib/python3.6/site-packages/airflow/example_dags/example_latest_only_with_trigger.py for tasks to queue
[2022-11-05 14:17:08,373] {logging_mixin.py:104} INFO - [2022-11-05 14:17:08,372] {dagbag.py:448} INFO - Filling up the DagBag from /home/airflow/.local/lib/python3.6/site-packages/airflow/example_dags/example_latest_only_with_trigger.py
[2022-11-05 14:17:08,478] {scheduler_job.py:639} INFO - DAG(s) dict_keys(['latest_only_with_trigger']) retrieved from /home/airflow/.local/lib/python3.6/site-packages/airflow/example_dags/example_latest_only_with_trigger.py
[2022-11-05 14:17:08,661] {logging_mixin.py:104} INFO - [2022-11-05 14:17:08,660] {dag.py:1818} INFO - Sync 1 DAGs
[2022-11-05 14:17:08,776] {logging_mixin.py:104} INFO - [2022-11-05 14:17:08,775] {dag.py:2273} INFO - Setting next_dagrun for latest_only_with_trigger to 2022-11-03 00:00:00+00:00
[2022-11-05 14:17:08,836] {scheduler_job.py:190} INFO - Processing /home/airflow/.local/lib/python3.6/site-packages/airflow/example_dags/example_latest_only_with_trigger.py took 0.496 seconds
[2022-11-05 14:17:39,381] {scheduler_job.py:182} INFO - Started process (PID=227) to work on /home/airflow/.local/lib/python3.6/site-packages/airflow/example_dags/example_latest_only_with_trigger.py
[2022-11-05 14:17:39,409] {scheduler_job.py:629} INFO - Processing file /home/airflow/.local/lib/python3.6/site-packages/airflow/example_dags/example_latest_only_with_trigger.py for tasks to queue
[2022-11-05 14:17:39,418] {logging_mixin.py:104} INFO - [2022-11-05 14:17:39,414] {dagbag.py:448} INFO - Filling up the DagBag from /home/airflow/.local/lib/python3.6/site-packages/airflow/example_dags/example_latest_only_with_trigger.py
[2022-11-05 14:17:39,527] {scheduler_job.py:639} INFO - DAG(s) dict_keys(['latest_only_with_trigger']) retrieved from /home/airflow/.local/lib/python3.6/site-packages/airflow/example_dags/example_latest_only_with_trigger.py
[2022-11-05 14:17:39,686] {logging_mixin.py:104} INFO - [2022-11-05 14:17:39,686] {dag.py:1818} INFO - Sync 1 DAGs
[2022-11-05 14:17:39,848] {logging_mixin.py:104} INFO - [2022-11-05 14:17:39,847] {dag.py:2273} INFO - Setting next_dagrun for latest_only_with_trigger to 2022-11-03 00:00:00+00:00
[2022-11-05 14:17:39,916] {scheduler_job.py:190} INFO - Processing /home/airflow/.local/lib/python3.6/site-packages/airflow/example_dags/example_latest_only_with_trigger.py took 0.545 seconds
[2022-11-05 14:18:10,567] {scheduler_job.py:182} INFO - Started process (PID=283) to work on /home/airflow/.local/lib/python3.6/site-packages/airflow/example_dags/example_latest_only_with_trigger.py
[2022-11-05 14:18:10,571] {scheduler_job.py:629} INFO - Processing file /home/airflow/.local/lib/python3.6/site-packages/airflow/example_dags/example_latest_only_with_trigger.py for tasks to queue
[2022-11-05 14:18:10,574] {logging_mixin.py:104} INFO - [2022-11-05 14:18:10,574] {dagbag.py:448} INFO - Filling up the DagBag from /home/airflow/.local/lib/python3.6/site-packages/airflow/example_dags/example_latest_only_with_trigger.py
[2022-11-05 14:18:10,623] {scheduler_job.py:639} INFO - DAG(s) dict_keys(['latest_only_with_trigger']) retrieved from /home/airflow/.local/lib/python3.6/site-packages/airflow/example_dags/example_latest_only_with_trigger.py
[2022-11-05 14:18:10,678] {logging_mixin.py:104} INFO - [2022-11-05 14:18:10,678] {dag.py:1818} INFO - Sync 1 DAGs
[2022-11-05 14:18:10,743] {logging_mixin.py:104} INFO - [2022-11-05 14:18:10,742] {dag.py:2273} INFO - Setting next_dagrun for latest_only_with_trigger to 2022-11-03 00:00:00+00:00
[2022-11-05 14:18:10,780] {scheduler_job.py:190} INFO - Processing /home/airflow/.local/lib/python3.6/site-packages/airflow/example_dags/example_latest_only_with_trigger.py took 0.220 seconds
[2022-11-05 14:18:41,026] {scheduler_job.py:182} INFO - Started process (PID=335) to work on /home/airflow/.local/lib/python3.6/site-packages/airflow/example_dags/example_latest_only_with_trigger.py
[2022-11-05 14:18:41,031] {scheduler_job.py:629} INFO - Processing file /home/airflow/.local/lib/python3.6/site-packages/airflow/example_dags/example_latest_only_with_trigger.py for tasks to queue
[2022-11-05 14:18:41,034] {logging_mixin.py:104} INFO - [2022-11-05 14:18:41,034] {dagbag.py:448} INFO - Filling up the DagBag from /home/airflow/.local/lib/python3.6/site-packages/airflow/example_dags/example_latest_only_with_trigger.py
[2022-11-05 14:18:41,065] {scheduler_job.py:639} INFO - DAG(s) dict_keys(['latest_only_with_trigger']) retrieved from /home/airflow/.local/lib/python3.6/site-packages/airflow/example_dags/example_latest_only_with_trigger.py
[2022-11-05 14:18:41,127] {logging_mixin.py:104} INFO - [2022-11-05 14:18:41,126] {dag.py:1818} INFO - Sync 1 DAGs
[2022-11-05 14:18:41,180] {logging_mixin.py:104} INFO - [2022-11-05 14:18:41,180] {dag.py:2273} INFO - Setting next_dagrun for latest_only_with_trigger to 2022-11-03 00:00:00+00:00
[2022-11-05 14:18:41,203] {scheduler_job.py:190} INFO - Processing /home/airflow/.local/lib/python3.6/site-packages/airflow/example_dags/example_latest_only_with_trigger.py took 0.184 seconds
[2022-11-05 14:19:11,466] {scheduler_job.py:182} INFO - Started process (PID=389) to work on /home/airflow/.local/lib/python3.6/site-packages/airflow/example_dags/example_latest_only_with_trigger.py
[2022-11-05 14:19:11,471] {scheduler_job.py:629} INFO - Processing file /home/airflow/.local/lib/python3.6/site-packages/airflow/example_dags/example_latest_only_with_trigger.py for tasks to queue
[2022-11-05 14:19:11,474] {logging_mixin.py:104} INFO - [2022-11-05 14:19:11,473] {dagbag.py:448} INFO - Filling up the DagBag from /home/airflow/.local/lib/python3.6/site-packages/airflow/example_dags/example_latest_only_with_trigger.py
[2022-11-05 14:19:11,513] {scheduler_job.py:639} INFO - DAG(s) dict_keys(['latest_only_with_trigger']) retrieved from /home/airflow/.local/lib/python3.6/site-packages/airflow/example_dags/example_latest_only_with_trigger.py
[2022-11-05 14:19:11,566] {logging_mixin.py:104} INFO - [2022-11-05 14:19:11,566] {dag.py:1818} INFO - Sync 1 DAGs
[2022-11-05 14:19:11,621] {logging_mixin.py:104} INFO - [2022-11-05 14:19:11,621] {dag.py:2273} INFO - Setting next_dagrun for latest_only_with_trigger to 2022-11-03 00:00:00+00:00
[2022-11-05 14:19:11,646] {scheduler_job.py:190} INFO - Processing /home/airflow/.local/lib/python3.6/site-packages/airflow/example_dags/example_latest_only_with_trigger.py took 0.188 seconds
[2022-11-05 14:19:42,113] {scheduler_job.py:182} INFO - Started process (PID=443) to work on /home/airflow/.local/lib/python3.6/site-packages/airflow/example_dags/example_latest_only_with_trigger.py
[2022-11-05 14:19:42,117] {scheduler_job.py:629} INFO - Processing file /home/airflow/.local/lib/python3.6/site-packages/airflow/example_dags/example_latest_only_with_trigger.py for tasks to queue
[2022-11-05 14:19:42,122] {logging_mixin.py:104} INFO - [2022-11-05 14:19:42,122] {dagbag.py:448} INFO - Filling up the DagBag from /home/airflow/.local/lib/python3.6/site-packages/airflow/example_dags/example_latest_only_with_trigger.py
[2022-11-05 14:19:42,158] {scheduler_job.py:639} INFO - DAG(s) dict_keys(['latest_only_with_trigger']) retrieved from /home/airflow/.local/lib/python3.6/site-packages/airflow/example_dags/example_latest_only_with_trigger.py
[2022-11-05 14:19:42,230] {logging_mixin.py:104} INFO - [2022-11-05 14:19:42,230] {dag.py:1818} INFO - Sync 1 DAGs
[2022-11-05 14:19:42,281] {logging_mixin.py:104} INFO - [2022-11-05 14:19:42,281] {dag.py:2273} INFO - Setting next_dagrun for latest_only_with_trigger to 2022-11-03 00:00:00+00:00
[2022-11-05 14:19:42,307] {scheduler_job.py:190} INFO - Processing /home/airflow/.local/lib/python3.6/site-packages/airflow/example_dags/example_latest_only_with_trigger.py took 0.201 seconds
