[2022-11-05 14:16:04,056] {scheduler_job.py:182} INFO - Started process (PID=53) to work on /home/airflow/.local/lib/python3.6/site-packages/airflow/example_dags/example_complex.py
[2022-11-05 14:16:04,061] {scheduler_job.py:629} INFO - Processing file /home/airflow/.local/lib/python3.6/site-packages/airflow/example_dags/example_complex.py for tasks to queue
[2022-11-05 14:16:04,065] {logging_mixin.py:104} INFO - [2022-11-05 14:16:04,064] {dagbag.py:448} INFO - Filling up the DagBag from /home/airflow/.local/lib/python3.6/site-packages/airflow/example_dags/example_complex.py
[2022-11-05 14:16:04,162] {scheduler_job.py:639} INFO - DAG(s) dict_keys(['example_complex']) retrieved from /home/airflow/.local/lib/python3.6/site-packages/airflow/example_dags/example_complex.py
[2022-11-05 14:16:04,270] {logging_mixin.py:104} INFO - [2022-11-05 14:16:04,269] {dag.py:1818} INFO - Sync 1 DAGs
[2022-11-05 14:16:04,308] {logging_mixin.py:104} INFO - [2022-11-05 14:16:04,308] {dag.py:1837} INFO - Creating ORM DAG for example_complex
[2022-11-05 14:16:04,327] {logging_mixin.py:104} INFO - [2022-11-05 14:16:04,327] {dag.py:2273} INFO - Setting next_dagrun for example_complex to None
[2022-11-05 14:16:04,379] {scheduler_job.py:190} INFO - Processing /home/airflow/.local/lib/python3.6/site-packages/airflow/example_dags/example_complex.py took 0.334 seconds
[2022-11-05 14:16:35,258] {scheduler_job.py:182} INFO - Started process (PID=111) to work on /home/airflow/.local/lib/python3.6/site-packages/airflow/example_dags/example_complex.py
[2022-11-05 14:16:35,268] {scheduler_job.py:629} INFO - Processing file /home/airflow/.local/lib/python3.6/site-packages/airflow/example_dags/example_complex.py for tasks to queue
[2022-11-05 14:16:35,275] {logging_mixin.py:104} INFO - [2022-11-05 14:16:35,274] {dagbag.py:448} INFO - Filling up the DagBag from /home/airflow/.local/lib/python3.6/site-packages/airflow/example_dags/example_complex.py
[2022-11-05 14:16:35,431] {scheduler_job.py:639} INFO - DAG(s) dict_keys(['example_complex']) retrieved from /home/airflow/.local/lib/python3.6/site-packages/airflow/example_dags/example_complex.py
[2022-11-05 14:16:35,627] {logging_mixin.py:104} INFO - [2022-11-05 14:16:35,626] {dag.py:1818} INFO - Sync 1 DAGs
[2022-11-05 14:16:35,691] {logging_mixin.py:104} INFO - [2022-11-05 14:16:35,691] {dag.py:2273} INFO - Setting next_dagrun for example_complex to None
[2022-11-05 14:16:35,731] {scheduler_job.py:190} INFO - Processing /home/airflow/.local/lib/python3.6/site-packages/airflow/example_dags/example_complex.py took 0.506 seconds
[2022-11-05 14:17:07,095] {scheduler_job.py:182} INFO - Started process (PID=165) to work on /home/airflow/.local/lib/python3.6/site-packages/airflow/example_dags/example_complex.py
[2022-11-05 14:17:07,107] {scheduler_job.py:629} INFO - Processing file /home/airflow/.local/lib/python3.6/site-packages/airflow/example_dags/example_complex.py for tasks to queue
[2022-11-05 14:17:07,120] {logging_mixin.py:104} INFO - [2022-11-05 14:17:07,120] {dagbag.py:448} INFO - Filling up the DagBag from /home/airflow/.local/lib/python3.6/site-packages/airflow/example_dags/example_complex.py
[2022-11-05 14:17:07,297] {scheduler_job.py:639} INFO - DAG(s) dict_keys(['example_complex']) retrieved from /home/airflow/.local/lib/python3.6/site-packages/airflow/example_dags/example_complex.py
[2022-11-05 14:17:07,510] {logging_mixin.py:104} INFO - [2022-11-05 14:17:07,509] {dag.py:1818} INFO - Sync 1 DAGs
[2022-11-05 14:17:07,666] {logging_mixin.py:104} INFO - [2022-11-05 14:17:07,665] {dag.py:2273} INFO - Setting next_dagrun for example_complex to None
[2022-11-05 14:17:07,758] {scheduler_job.py:190} INFO - Processing /home/airflow/.local/lib/python3.6/site-packages/airflow/example_dags/example_complex.py took 0.687 seconds
[2022-11-05 14:17:38,269] {scheduler_job.py:182} INFO - Started process (PID=221) to work on /home/airflow/.local/lib/python3.6/site-packages/airflow/example_dags/example_complex.py
[2022-11-05 14:17:38,283] {scheduler_job.py:629} INFO - Processing file /home/airflow/.local/lib/python3.6/site-packages/airflow/example_dags/example_complex.py for tasks to queue
[2022-11-05 14:17:38,301] {logging_mixin.py:104} INFO - [2022-11-05 14:17:38,300] {dagbag.py:448} INFO - Filling up the DagBag from /home/airflow/.local/lib/python3.6/site-packages/airflow/example_dags/example_complex.py
[2022-11-05 14:17:38,478] {scheduler_job.py:639} INFO - DAG(s) dict_keys(['example_complex']) retrieved from /home/airflow/.local/lib/python3.6/site-packages/airflow/example_dags/example_complex.py
[2022-11-05 14:17:38,673] {logging_mixin.py:104} INFO - [2022-11-05 14:17:38,672] {dag.py:1818} INFO - Sync 1 DAGs
[2022-11-05 14:17:38,787] {logging_mixin.py:104} INFO - [2022-11-05 14:17:38,786] {dag.py:2273} INFO - Setting next_dagrun for example_complex to None
[2022-11-05 14:17:38,852] {scheduler_job.py:190} INFO - Processing /home/airflow/.local/lib/python3.6/site-packages/airflow/example_dags/example_complex.py took 0.606 seconds
[2022-11-05 14:18:10,231] {scheduler_job.py:182} INFO - Started process (PID=279) to work on /home/airflow/.local/lib/python3.6/site-packages/airflow/example_dags/example_complex.py
[2022-11-05 14:18:10,235] {scheduler_job.py:629} INFO - Processing file /home/airflow/.local/lib/python3.6/site-packages/airflow/example_dags/example_complex.py for tasks to queue
[2022-11-05 14:18:10,238] {logging_mixin.py:104} INFO - [2022-11-05 14:18:10,237] {dagbag.py:448} INFO - Filling up the DagBag from /home/airflow/.local/lib/python3.6/site-packages/airflow/example_dags/example_complex.py
[2022-11-05 14:18:10,341] {scheduler_job.py:639} INFO - DAG(s) dict_keys(['example_complex']) retrieved from /home/airflow/.local/lib/python3.6/site-packages/airflow/example_dags/example_complex.py
[2022-11-05 14:18:10,441] {logging_mixin.py:104} INFO - [2022-11-05 14:18:10,441] {dag.py:1818} INFO - Sync 1 DAGs
[2022-11-05 14:18:10,493] {logging_mixin.py:104} INFO - [2022-11-05 14:18:10,492] {dag.py:2273} INFO - Setting next_dagrun for example_complex to None
[2022-11-05 14:18:10,525] {scheduler_job.py:190} INFO - Processing /home/airflow/.local/lib/python3.6/site-packages/airflow/example_dags/example_complex.py took 0.302 seconds
[2022-11-05 14:18:41,146] {scheduler_job.py:182} INFO - Started process (PID=337) to work on /home/airflow/.local/lib/python3.6/site-packages/airflow/example_dags/example_complex.py
[2022-11-05 14:18:41,151] {scheduler_job.py:629} INFO - Processing file /home/airflow/.local/lib/python3.6/site-packages/airflow/example_dags/example_complex.py for tasks to queue
[2022-11-05 14:18:41,153] {logging_mixin.py:104} INFO - [2022-11-05 14:18:41,153] {dagbag.py:448} INFO - Filling up the DagBag from /home/airflow/.local/lib/python3.6/site-packages/airflow/example_dags/example_complex.py
[2022-11-05 14:18:41,229] {scheduler_job.py:639} INFO - DAG(s) dict_keys(['example_complex']) retrieved from /home/airflow/.local/lib/python3.6/site-packages/airflow/example_dags/example_complex.py
[2022-11-05 14:18:41,306] {logging_mixin.py:104} INFO - [2022-11-05 14:18:41,306] {dag.py:1818} INFO - Sync 1 DAGs
[2022-11-05 14:18:41,347] {logging_mixin.py:104} INFO - [2022-11-05 14:18:41,347] {dag.py:2273} INFO - Setting next_dagrun for example_complex to None
[2022-11-05 14:18:41,371] {scheduler_job.py:190} INFO - Processing /home/airflow/.local/lib/python3.6/site-packages/airflow/example_dags/example_complex.py took 0.232 seconds
[2022-11-05 14:19:11,614] {scheduler_job.py:182} INFO - Started process (PID=391) to work on /home/airflow/.local/lib/python3.6/site-packages/airflow/example_dags/example_complex.py
[2022-11-05 14:19:11,618] {scheduler_job.py:629} INFO - Processing file /home/airflow/.local/lib/python3.6/site-packages/airflow/example_dags/example_complex.py for tasks to queue
[2022-11-05 14:19:11,622] {logging_mixin.py:104} INFO - [2022-11-05 14:19:11,622] {dagbag.py:448} INFO - Filling up the DagBag from /home/airflow/.local/lib/python3.6/site-packages/airflow/example_dags/example_complex.py
[2022-11-05 14:19:11,707] {scheduler_job.py:639} INFO - DAG(s) dict_keys(['example_complex']) retrieved from /home/airflow/.local/lib/python3.6/site-packages/airflow/example_dags/example_complex.py
[2022-11-05 14:19:11,790] {logging_mixin.py:104} INFO - [2022-11-05 14:19:11,790] {dag.py:1818} INFO - Sync 1 DAGs
[2022-11-05 14:19:11,833] {logging_mixin.py:104} INFO - [2022-11-05 14:19:11,832] {dag.py:2273} INFO - Setting next_dagrun for example_complex to None
[2022-11-05 14:19:11,863] {scheduler_job.py:190} INFO - Processing /home/airflow/.local/lib/python3.6/site-packages/airflow/example_dags/example_complex.py took 0.256 seconds
[2022-11-05 14:19:42,243] {scheduler_job.py:182} INFO - Started process (PID=445) to work on /home/airflow/.local/lib/python3.6/site-packages/airflow/example_dags/example_complex.py
[2022-11-05 14:19:42,247] {scheduler_job.py:629} INFO - Processing file /home/airflow/.local/lib/python3.6/site-packages/airflow/example_dags/example_complex.py for tasks to queue
[2022-11-05 14:19:42,250] {logging_mixin.py:104} INFO - [2022-11-05 14:19:42,249] {dagbag.py:448} INFO - Filling up the DagBag from /home/airflow/.local/lib/python3.6/site-packages/airflow/example_dags/example_complex.py
[2022-11-05 14:19:42,334] {scheduler_job.py:639} INFO - DAG(s) dict_keys(['example_complex']) retrieved from /home/airflow/.local/lib/python3.6/site-packages/airflow/example_dags/example_complex.py
[2022-11-05 14:19:42,417] {logging_mixin.py:104} INFO - [2022-11-05 14:19:42,416] {dag.py:1818} INFO - Sync 1 DAGs
[2022-11-05 14:19:42,461] {logging_mixin.py:104} INFO - [2022-11-05 14:19:42,460] {dag.py:2273} INFO - Setting next_dagrun for example_complex to None
[2022-11-05 14:19:42,486] {scheduler_job.py:190} INFO - Processing /home/airflow/.local/lib/python3.6/site-packages/airflow/example_dags/example_complex.py took 0.250 seconds
