[2022-11-05 14:16:03,089] {scheduler_job.py:182} INFO - Started process (PID=47) to work on /home/airflow/.local/lib/python3.6/site-packages/airflow/example_dags/tutorial_etl_dag.py
[2022-11-05 14:16:03,099] {scheduler_job.py:629} INFO - Processing file /home/airflow/.local/lib/python3.6/site-packages/airflow/example_dags/tutorial_etl_dag.py for tasks to queue
[2022-11-05 14:16:03,109] {logging_mixin.py:104} INFO - [2022-11-05 14:16:03,107] {dagbag.py:448} INFO - Filling up the DagBag from /home/airflow/.local/lib/python3.6/site-packages/airflow/example_dags/tutorial_etl_dag.py
[2022-11-05 14:16:03,242] {scheduler_job.py:639} INFO - DAG(s) dict_keys(['tutorial_etl_dag']) retrieved from /home/airflow/.local/lib/python3.6/site-packages/airflow/example_dags/tutorial_etl_dag.py
[2022-11-05 14:16:03,437] {logging_mixin.py:104} INFO - [2022-11-05 14:16:03,436] {dag.py:1818} INFO - Sync 1 DAGs
[2022-11-05 14:16:03,487] {logging_mixin.py:104} INFO - [2022-11-05 14:16:03,486] {dag.py:1837} INFO - Creating ORM DAG for tutorial_etl_dag
[2022-11-05 14:16:03,512] {logging_mixin.py:104} INFO - [2022-11-05 14:16:03,511] {dag.py:2273} INFO - Setting next_dagrun for tutorial_etl_dag to None
[2022-11-05 14:16:03,567] {scheduler_job.py:190} INFO - Processing /home/airflow/.local/lib/python3.6/site-packages/airflow/example_dags/tutorial_etl_dag.py took 0.492 seconds
[2022-11-05 14:16:33,764] {scheduler_job.py:182} INFO - Started process (PID=100) to work on /home/airflow/.local/lib/python3.6/site-packages/airflow/example_dags/tutorial_etl_dag.py
[2022-11-05 14:16:33,774] {scheduler_job.py:629} INFO - Processing file /home/airflow/.local/lib/python3.6/site-packages/airflow/example_dags/tutorial_etl_dag.py for tasks to queue
[2022-11-05 14:16:33,781] {logging_mixin.py:104} INFO - [2022-11-05 14:16:33,781] {dagbag.py:448} INFO - Filling up the DagBag from /home/airflow/.local/lib/python3.6/site-packages/airflow/example_dags/tutorial_etl_dag.py
[2022-11-05 14:16:33,907] {scheduler_job.py:639} INFO - DAG(s) dict_keys(['tutorial_etl_dag']) retrieved from /home/airflow/.local/lib/python3.6/site-packages/airflow/example_dags/tutorial_etl_dag.py
[2022-11-05 14:16:34,056] {logging_mixin.py:104} INFO - [2022-11-05 14:16:34,055] {dag.py:1818} INFO - Sync 1 DAGs
[2022-11-05 14:16:34,199] {logging_mixin.py:104} INFO - [2022-11-05 14:16:34,198] {dag.py:2273} INFO - Setting next_dagrun for tutorial_etl_dag to None
[2022-11-05 14:16:34,266] {scheduler_job.py:190} INFO - Processing /home/airflow/.local/lib/python3.6/site-packages/airflow/example_dags/tutorial_etl_dag.py took 0.515 seconds
[2022-11-05 14:17:04,776] {scheduler_job.py:182} INFO - Started process (PID=154) to work on /home/airflow/.local/lib/python3.6/site-packages/airflow/example_dags/tutorial_etl_dag.py
[2022-11-05 14:17:04,791] {scheduler_job.py:629} INFO - Processing file /home/airflow/.local/lib/python3.6/site-packages/airflow/example_dags/tutorial_etl_dag.py for tasks to queue
[2022-11-05 14:17:04,806] {logging_mixin.py:104} INFO - [2022-11-05 14:17:04,805] {dagbag.py:448} INFO - Filling up the DagBag from /home/airflow/.local/lib/python3.6/site-packages/airflow/example_dags/tutorial_etl_dag.py
[2022-11-05 14:17:05,021] {scheduler_job.py:639} INFO - DAG(s) dict_keys(['tutorial_etl_dag']) retrieved from /home/airflow/.local/lib/python3.6/site-packages/airflow/example_dags/tutorial_etl_dag.py
[2022-11-05 14:17:05,225] {logging_mixin.py:104} INFO - [2022-11-05 14:17:05,225] {dag.py:1818} INFO - Sync 1 DAGs
[2022-11-05 14:17:05,390] {logging_mixin.py:104} INFO - [2022-11-05 14:17:05,384] {dag.py:2273} INFO - Setting next_dagrun for tutorial_etl_dag to None
[2022-11-05 14:17:05,512] {scheduler_job.py:190} INFO - Processing /home/airflow/.local/lib/python3.6/site-packages/airflow/example_dags/tutorial_etl_dag.py took 0.763 seconds
[2022-11-05 14:17:35,687] {scheduler_job.py:182} INFO - Started process (PID=207) to work on /home/airflow/.local/lib/python3.6/site-packages/airflow/example_dags/tutorial_etl_dag.py
[2022-11-05 14:17:35,700] {scheduler_job.py:629} INFO - Processing file /home/airflow/.local/lib/python3.6/site-packages/airflow/example_dags/tutorial_etl_dag.py for tasks to queue
[2022-11-05 14:17:35,710] {logging_mixin.py:104} INFO - [2022-11-05 14:17:35,710] {dagbag.py:448} INFO - Filling up the DagBag from /home/airflow/.local/lib/python3.6/site-packages/airflow/example_dags/tutorial_etl_dag.py
[2022-11-05 14:17:35,849] {scheduler_job.py:639} INFO - DAG(s) dict_keys(['tutorial_etl_dag']) retrieved from /home/airflow/.local/lib/python3.6/site-packages/airflow/example_dags/tutorial_etl_dag.py
[2022-11-05 14:17:35,965] {logging_mixin.py:104} INFO - [2022-11-05 14:17:35,965] {dag.py:1818} INFO - Sync 1 DAGs
[2022-11-05 14:17:36,080] {logging_mixin.py:104} INFO - [2022-11-05 14:17:36,079] {dag.py:2273} INFO - Setting next_dagrun for tutorial_etl_dag to None
[2022-11-05 14:17:36,120] {scheduler_job.py:190} INFO - Processing /home/airflow/.local/lib/python3.6/site-packages/airflow/example_dags/tutorial_etl_dag.py took 0.458 seconds
[2022-11-05 14:18:06,632] {scheduler_job.py:182} INFO - Started process (PID=261) to work on /home/airflow/.local/lib/python3.6/site-packages/airflow/example_dags/tutorial_etl_dag.py
[2022-11-05 14:18:06,641] {scheduler_job.py:629} INFO - Processing file /home/airflow/.local/lib/python3.6/site-packages/airflow/example_dags/tutorial_etl_dag.py for tasks to queue
[2022-11-05 14:18:06,649] {logging_mixin.py:104} INFO - [2022-11-05 14:18:06,648] {dagbag.py:448} INFO - Filling up the DagBag from /home/airflow/.local/lib/python3.6/site-packages/airflow/example_dags/tutorial_etl_dag.py
[2022-11-05 14:18:06,733] {scheduler_job.py:639} INFO - DAG(s) dict_keys(['tutorial_etl_dag']) retrieved from /home/airflow/.local/lib/python3.6/site-packages/airflow/example_dags/tutorial_etl_dag.py
[2022-11-05 14:18:06,816] {logging_mixin.py:104} INFO - [2022-11-05 14:18:06,815] {dag.py:1818} INFO - Sync 1 DAGs
[2022-11-05 14:18:06,893] {logging_mixin.py:104} INFO - [2022-11-05 14:18:06,892] {dag.py:2273} INFO - Setting next_dagrun for tutorial_etl_dag to None
[2022-11-05 14:18:06,950] {scheduler_job.py:190} INFO - Processing /home/airflow/.local/lib/python3.6/site-packages/airflow/example_dags/tutorial_etl_dag.py took 0.345 seconds
[2022-11-05 14:18:37,552] {scheduler_job.py:182} INFO - Started process (PID=317) to work on /home/airflow/.local/lib/python3.6/site-packages/airflow/example_dags/tutorial_etl_dag.py
[2022-11-05 14:18:37,560] {scheduler_job.py:629} INFO - Processing file /home/airflow/.local/lib/python3.6/site-packages/airflow/example_dags/tutorial_etl_dag.py for tasks to queue
[2022-11-05 14:18:37,564] {logging_mixin.py:104} INFO - [2022-11-05 14:18:37,564] {dagbag.py:448} INFO - Filling up the DagBag from /home/airflow/.local/lib/python3.6/site-packages/airflow/example_dags/tutorial_etl_dag.py
[2022-11-05 14:18:37,620] {scheduler_job.py:639} INFO - DAG(s) dict_keys(['tutorial_etl_dag']) retrieved from /home/airflow/.local/lib/python3.6/site-packages/airflow/example_dags/tutorial_etl_dag.py
[2022-11-05 14:18:37,793] {logging_mixin.py:104} INFO - [2022-11-05 14:18:37,792] {dag.py:1818} INFO - Sync 1 DAGs
[2022-11-05 14:18:37,864] {logging_mixin.py:104} INFO - [2022-11-05 14:18:37,863] {dag.py:2273} INFO - Setting next_dagrun for tutorial_etl_dag to None
[2022-11-05 14:18:37,896] {scheduler_job.py:190} INFO - Processing /home/airflow/.local/lib/python3.6/site-packages/airflow/example_dags/tutorial_etl_dag.py took 0.356 seconds
[2022-11-05 14:19:08,896] {scheduler_job.py:182} INFO - Started process (PID=371) to work on /home/airflow/.local/lib/python3.6/site-packages/airflow/example_dags/tutorial_etl_dag.py
[2022-11-05 14:19:08,901] {scheduler_job.py:629} INFO - Processing file /home/airflow/.local/lib/python3.6/site-packages/airflow/example_dags/tutorial_etl_dag.py for tasks to queue
[2022-11-05 14:19:08,904] {logging_mixin.py:104} INFO - [2022-11-05 14:19:08,904] {dagbag.py:448} INFO - Filling up the DagBag from /home/airflow/.local/lib/python3.6/site-packages/airflow/example_dags/tutorial_etl_dag.py
[2022-11-05 14:19:08,969] {scheduler_job.py:639} INFO - DAG(s) dict_keys(['tutorial_etl_dag']) retrieved from /home/airflow/.local/lib/python3.6/site-packages/airflow/example_dags/tutorial_etl_dag.py
[2022-11-05 14:19:09,087] {logging_mixin.py:104} INFO - [2022-11-05 14:19:09,087] {dag.py:1818} INFO - Sync 1 DAGs
[2022-11-05 14:19:09,187] {logging_mixin.py:104} INFO - [2022-11-05 14:19:09,186] {dag.py:2273} INFO - Setting next_dagrun for tutorial_etl_dag to None
[2022-11-05 14:19:09,226] {scheduler_job.py:190} INFO - Processing /home/airflow/.local/lib/python3.6/site-packages/airflow/example_dags/tutorial_etl_dag.py took 0.339 seconds
[2022-11-05 14:19:39,473] {scheduler_job.py:182} INFO - Started process (PID=425) to work on /home/airflow/.local/lib/python3.6/site-packages/airflow/example_dags/tutorial_etl_dag.py
[2022-11-05 14:19:39,481] {scheduler_job.py:629} INFO - Processing file /home/airflow/.local/lib/python3.6/site-packages/airflow/example_dags/tutorial_etl_dag.py for tasks to queue
[2022-11-05 14:19:39,486] {logging_mixin.py:104} INFO - [2022-11-05 14:19:39,485] {dagbag.py:448} INFO - Filling up the DagBag from /home/airflow/.local/lib/python3.6/site-packages/airflow/example_dags/tutorial_etl_dag.py
[2022-11-05 14:19:39,539] {scheduler_job.py:639} INFO - DAG(s) dict_keys(['tutorial_etl_dag']) retrieved from /home/airflow/.local/lib/python3.6/site-packages/airflow/example_dags/tutorial_etl_dag.py
[2022-11-05 14:19:39,658] {logging_mixin.py:104} INFO - [2022-11-05 14:19:39,658] {dag.py:1818} INFO - Sync 1 DAGs
[2022-11-05 14:19:39,750] {logging_mixin.py:104} INFO - [2022-11-05 14:19:39,749] {dag.py:2273} INFO - Setting next_dagrun for tutorial_etl_dag to None
[2022-11-05 14:19:39,785] {scheduler_job.py:190} INFO - Processing /home/airflow/.local/lib/python3.6/site-packages/airflow/example_dags/tutorial_etl_dag.py took 0.320 seconds
