[2022-11-05 14:16:08,063] {scheduler_job.py:182} INFO - Started process (PID=95) to work on /home/airflow/.local/lib/python3.6/site-packages/airflow/example_dags/tutorial.py
[2022-11-05 14:16:08,067] {scheduler_job.py:629} INFO - Processing file /home/airflow/.local/lib/python3.6/site-packages/airflow/example_dags/tutorial.py for tasks to queue
[2022-11-05 14:16:08,071] {logging_mixin.py:104} INFO - [2022-11-05 14:16:08,071] {dagbag.py:448} INFO - Filling up the DagBag from /home/airflow/.local/lib/python3.6/site-packages/airflow/example_dags/tutorial.py
[2022-11-05 14:16:08,120] {scheduler_job.py:639} INFO - DAG(s) dict_keys(['tutorial']) retrieved from /home/airflow/.local/lib/python3.6/site-packages/airflow/example_dags/tutorial.py
[2022-11-05 14:16:08,225] {logging_mixin.py:104} INFO - [2022-11-05 14:16:08,224] {dag.py:1818} INFO - Sync 1 DAGs
[2022-11-05 14:16:08,277] {logging_mixin.py:104} INFO - [2022-11-05 14:16:08,276] {dag.py:1837} INFO - Creating ORM DAG for tutorial
[2022-11-05 14:16:08,301] {logging_mixin.py:104} INFO - [2022-11-05 14:16:08,300] {dag.py:2273} INFO - Setting next_dagrun for tutorial to 2022-11-03 00:00:00+00:00
[2022-11-05 14:16:08,365] {scheduler_job.py:190} INFO - Processing /home/airflow/.local/lib/python3.6/site-packages/airflow/example_dags/tutorial.py took 0.312 seconds
[2022-11-05 14:16:40,149] {scheduler_job.py:182} INFO - Started process (PID=149) to work on /home/airflow/.local/lib/python3.6/site-packages/airflow/example_dags/tutorial.py
[2022-11-05 14:16:40,164] {scheduler_job.py:629} INFO - Processing file /home/airflow/.local/lib/python3.6/site-packages/airflow/example_dags/tutorial.py for tasks to queue
[2022-11-05 14:16:40,169] {logging_mixin.py:104} INFO - [2022-11-05 14:16:40,169] {dagbag.py:448} INFO - Filling up the DagBag from /home/airflow/.local/lib/python3.6/site-packages/airflow/example_dags/tutorial.py
[2022-11-05 14:16:40,249] {scheduler_job.py:639} INFO - DAG(s) dict_keys(['tutorial']) retrieved from /home/airflow/.local/lib/python3.6/site-packages/airflow/example_dags/tutorial.py
[2022-11-05 14:16:40,393] {logging_mixin.py:104} INFO - [2022-11-05 14:16:40,392] {dag.py:1818} INFO - Sync 1 DAGs
[2022-11-05 14:16:40,513] {logging_mixin.py:104} INFO - [2022-11-05 14:16:40,512] {dag.py:2273} INFO - Setting next_dagrun for tutorial to 2022-11-03 00:00:00+00:00
[2022-11-05 14:16:40,574] {scheduler_job.py:190} INFO - Processing /home/airflow/.local/lib/python3.6/site-packages/airflow/example_dags/tutorial.py took 0.440 seconds
[2022-11-05 14:17:12,437] {scheduler_job.py:182} INFO - Started process (PID=199) to work on /home/airflow/.local/lib/python3.6/site-packages/airflow/example_dags/tutorial.py
[2022-11-05 14:17:12,449] {scheduler_job.py:629} INFO - Processing file /home/airflow/.local/lib/python3.6/site-packages/airflow/example_dags/tutorial.py for tasks to queue
[2022-11-05 14:17:12,457] {logging_mixin.py:104} INFO - [2022-11-05 14:17:12,456] {dagbag.py:448} INFO - Filling up the DagBag from /home/airflow/.local/lib/python3.6/site-packages/airflow/example_dags/tutorial.py
[2022-11-05 14:17:12,532] {scheduler_job.py:639} INFO - DAG(s) dict_keys(['tutorial']) retrieved from /home/airflow/.local/lib/python3.6/site-packages/airflow/example_dags/tutorial.py
[2022-11-05 14:17:12,868] {logging_mixin.py:104} INFO - [2022-11-05 14:17:12,867] {dag.py:1818} INFO - Sync 1 DAGs
[2022-11-05 14:17:13,000] {logging_mixin.py:104} INFO - [2022-11-05 14:17:13,000] {dag.py:2273} INFO - Setting next_dagrun for tutorial to 2022-11-03 00:00:00+00:00
[2022-11-05 14:17:13,084] {scheduler_job.py:190} INFO - Processing /home/airflow/.local/lib/python3.6/site-packages/airflow/example_dags/tutorial.py took 0.668 seconds
[2022-11-05 14:17:43,771] {scheduler_job.py:182} INFO - Started process (PID=253) to work on /home/airflow/.local/lib/python3.6/site-packages/airflow/example_dags/tutorial.py
[2022-11-05 14:17:43,781] {scheduler_job.py:629} INFO - Processing file /home/airflow/.local/lib/python3.6/site-packages/airflow/example_dags/tutorial.py for tasks to queue
[2022-11-05 14:17:43,789] {logging_mixin.py:104} INFO - [2022-11-05 14:17:43,788] {dagbag.py:448} INFO - Filling up the DagBag from /home/airflow/.local/lib/python3.6/site-packages/airflow/example_dags/tutorial.py
[2022-11-05 14:17:43,855] {scheduler_job.py:639} INFO - DAG(s) dict_keys(['tutorial']) retrieved from /home/airflow/.local/lib/python3.6/site-packages/airflow/example_dags/tutorial.py
[2022-11-05 14:17:43,957] {logging_mixin.py:104} INFO - [2022-11-05 14:17:43,957] {dag.py:1818} INFO - Sync 1 DAGs
[2022-11-05 14:17:44,094] {logging_mixin.py:104} INFO - [2022-11-05 14:17:44,093] {dag.py:2273} INFO - Setting next_dagrun for tutorial to 2022-11-03 00:00:00+00:00
[2022-11-05 14:17:44,159] {scheduler_job.py:190} INFO - Processing /home/airflow/.local/lib/python3.6/site-packages/airflow/example_dags/tutorial.py took 0.402 seconds
[2022-11-05 14:18:14,419] {scheduler_job.py:182} INFO - Started process (PID=307) to work on /home/airflow/.local/lib/python3.6/site-packages/airflow/example_dags/tutorial.py
[2022-11-05 14:18:14,424] {scheduler_job.py:629} INFO - Processing file /home/airflow/.local/lib/python3.6/site-packages/airflow/example_dags/tutorial.py for tasks to queue
[2022-11-05 14:18:14,428] {logging_mixin.py:104} INFO - [2022-11-05 14:18:14,427] {dagbag.py:448} INFO - Filling up the DagBag from /home/airflow/.local/lib/python3.6/site-packages/airflow/example_dags/tutorial.py
[2022-11-05 14:18:14,466] {scheduler_job.py:639} INFO - DAG(s) dict_keys(['tutorial']) retrieved from /home/airflow/.local/lib/python3.6/site-packages/airflow/example_dags/tutorial.py
[2022-11-05 14:18:14,525] {logging_mixin.py:104} INFO - [2022-11-05 14:18:14,524] {dag.py:1818} INFO - Sync 1 DAGs
[2022-11-05 14:18:14,570] {logging_mixin.py:104} INFO - [2022-11-05 14:18:14,569] {dag.py:2273} INFO - Setting next_dagrun for tutorial to 2022-11-03 00:00:00+00:00
[2022-11-05 14:18:14,592] {scheduler_job.py:190} INFO - Processing /home/airflow/.local/lib/python3.6/site-packages/airflow/example_dags/tutorial.py took 0.182 seconds
[2022-11-05 14:18:44,853] {scheduler_job.py:182} INFO - Started process (PID=361) to work on /home/airflow/.local/lib/python3.6/site-packages/airflow/example_dags/tutorial.py
[2022-11-05 14:18:44,858] {scheduler_job.py:629} INFO - Processing file /home/airflow/.local/lib/python3.6/site-packages/airflow/example_dags/tutorial.py for tasks to queue
[2022-11-05 14:18:44,861] {logging_mixin.py:104} INFO - [2022-11-05 14:18:44,861] {dagbag.py:448} INFO - Filling up the DagBag from /home/airflow/.local/lib/python3.6/site-packages/airflow/example_dags/tutorial.py
[2022-11-05 14:18:44,887] {scheduler_job.py:639} INFO - DAG(s) dict_keys(['tutorial']) retrieved from /home/airflow/.local/lib/python3.6/site-packages/airflow/example_dags/tutorial.py
[2022-11-05 14:18:44,937] {logging_mixin.py:104} INFO - [2022-11-05 14:18:44,937] {dag.py:1818} INFO - Sync 1 DAGs
[2022-11-05 14:18:44,981] {logging_mixin.py:104} INFO - [2022-11-05 14:18:44,980] {dag.py:2273} INFO - Setting next_dagrun for tutorial to 2022-11-03 00:00:00+00:00
[2022-11-05 14:18:45,002] {scheduler_job.py:190} INFO - Processing /home/airflow/.local/lib/python3.6/site-packages/airflow/example_dags/tutorial.py took 0.157 seconds
[2022-11-05 14:19:15,144] {scheduler_job.py:182} INFO - Started process (PID=415) to work on /home/airflow/.local/lib/python3.6/site-packages/airflow/example_dags/tutorial.py
[2022-11-05 14:19:15,149] {scheduler_job.py:629} INFO - Processing file /home/airflow/.local/lib/python3.6/site-packages/airflow/example_dags/tutorial.py for tasks to queue
[2022-11-05 14:19:15,151] {logging_mixin.py:104} INFO - [2022-11-05 14:19:15,151] {dagbag.py:448} INFO - Filling up the DagBag from /home/airflow/.local/lib/python3.6/site-packages/airflow/example_dags/tutorial.py
[2022-11-05 14:19:15,180] {scheduler_job.py:639} INFO - DAG(s) dict_keys(['tutorial']) retrieved from /home/airflow/.local/lib/python3.6/site-packages/airflow/example_dags/tutorial.py
[2022-11-05 14:19:15,242] {logging_mixin.py:104} INFO - [2022-11-05 14:19:15,242] {dag.py:1818} INFO - Sync 1 DAGs
[2022-11-05 14:19:15,305] {logging_mixin.py:104} INFO - [2022-11-05 14:19:15,305] {dag.py:2273} INFO - Setting next_dagrun for tutorial to 2022-11-03 00:00:00+00:00
[2022-11-05 14:19:15,338] {scheduler_job.py:190} INFO - Processing /home/airflow/.local/lib/python3.6/site-packages/airflow/example_dags/tutorial.py took 0.200 seconds
[2022-11-05 14:19:45,877] {scheduler_job.py:182} INFO - Started process (PID=467) to work on /home/airflow/.local/lib/python3.6/site-packages/airflow/example_dags/tutorial.py
[2022-11-05 14:19:45,881] {scheduler_job.py:629} INFO - Processing file /home/airflow/.local/lib/python3.6/site-packages/airflow/example_dags/tutorial.py for tasks to queue
[2022-11-05 14:19:45,884] {logging_mixin.py:104} INFO - [2022-11-05 14:19:45,884] {dagbag.py:448} INFO - Filling up the DagBag from /home/airflow/.local/lib/python3.6/site-packages/airflow/example_dags/tutorial.py
[2022-11-05 14:19:45,913] {scheduler_job.py:639} INFO - DAG(s) dict_keys(['tutorial']) retrieved from /home/airflow/.local/lib/python3.6/site-packages/airflow/example_dags/tutorial.py
[2022-11-05 14:19:45,965] {logging_mixin.py:104} INFO - [2022-11-05 14:19:45,965] {dag.py:1818} INFO - Sync 1 DAGs
[2022-11-05 14:19:46,017] {logging_mixin.py:104} INFO - [2022-11-05 14:19:46,017] {dag.py:2273} INFO - Setting next_dagrun for tutorial to 2022-11-03 00:00:00+00:00
[2022-11-05 14:19:46,040] {scheduler_job.py:190} INFO - Processing /home/airflow/.local/lib/python3.6/site-packages/airflow/example_dags/tutorial.py took 0.169 seconds
