[2022-11-05 15:05:30,163] {taskinstance.py:851} INFO - Dependencies all met for <TaskInstance: get_tax_receipts.find_large_receipts 2022-11-04T15:05:15.881295+00:00 [queued]>
[2022-11-05 15:05:30,208] {taskinstance.py:851} INFO - Dependencies all met for <TaskInstance: get_tax_receipts.find_large_receipts 2022-11-04T15:05:15.881295+00:00 [queued]>
[2022-11-05 15:05:30,210] {taskinstance.py:1042} INFO - 
--------------------------------------------------------------------------------
[2022-11-05 15:05:30,211] {taskinstance.py:1043} INFO - Starting attempt 1 of 1
[2022-11-05 15:05:30,212] {taskinstance.py:1044} INFO - 
--------------------------------------------------------------------------------
[2022-11-05 15:05:30,238] {taskinstance.py:1063} INFO - Executing <Task(PythonOperator): find_large_receipts> on 2022-11-04T15:05:15.881295+00:00
[2022-11-05 15:05:30,255] {standard_task_runner.py:52} INFO - Started process 120 to run task
[2022-11-05 15:05:30,268] {standard_task_runner.py:76} INFO - Running: ['airflow', 'tasks', 'run', 'get_tax_receipts', 'find_large_receipts', '2022-11-04T15:05:15.881295+00:00', '--job-id', '45', '--pool', 'default_pool', '--raw', '--subdir', 'DAGS_FOLDER/texas_dags.py', '--cfg-path', '/tmp/tmp8n1o5t30', '--error-file', '/tmp/tmpyt7rumo3']
[2022-11-05 15:05:30,270] {standard_task_runner.py:77} INFO - Job 45: Subtask find_large_receipts
[2022-11-05 15:05:30,390] {logging_mixin.py:104} INFO - Running <TaskInstance: get_tax_receipts.find_large_receipts 2022-11-04T15:05:15.881295+00:00 [running]> on host c0f23e4d7a13
[2022-11-05 15:05:30,520] {taskinstance.py:1257} INFO - Exporting the following env vars:
AIRFLOW_CTX_DAG_OWNER=airflow
AIRFLOW_CTX_DAG_ID=get_tax_receipts
AIRFLOW_CTX_TASK_ID=find_large_receipts
AIRFLOW_CTX_EXECUTION_DATE=2022-11-04T15:05:15.881295+00:00
AIRFLOW_CTX_DAG_RUN_ID=scheduled__2022-11-04T15:05:15.881295+00:00
[2022-11-05 15:05:30,525] {logging_mixin.py:104} INFO - /opt/airflow
[2022-11-05 15:05:30,526] {python.py:118} INFO - Done. Returned value was: None
[2022-11-05 15:05:30,555] {taskinstance.py:1166} INFO - Marking task as SUCCESS. dag_id=get_tax_receipts, task_id=find_large_receipts, execution_date=20221104T150515, start_date=20221105T150530, end_date=20221105T150530
[2022-11-05 15:05:30,642] {taskinstance.py:1220} INFO - 0 downstream tasks scheduled from follow-on schedule check
[2022-11-05 15:05:30,680] {local_task_job.py:146} INFO - Task exited with return code 0
